#
# A fatal error has been detected by the Java Runtime Environment:
#
#  EXCEPTION_ACCESS_VIOLATION (0xc0000005) at pc=0x000000006558b3ed, pid=6680, tid=9484
#
# JRE version: Java(TM) SE Runtime Environment (8.0-b132) (build 1.8.0-b132)
# Java VM: Java HotSpot(TM) 64-Bit Server VM (25.0-b70 mixed mode windows-amd64 compressed oops)
# Problematic frame:
# C  [gdx64.dll+0xb3ed]
#
# Failed to write core dump. Minidumps are not enabled by default on client versions of Windows
#
# If you would like to submit a bug report, please visit:
#   http://bugreport.sun.com/bugreport/crash.jsp
# The crash happened outside the Java Virtual Machine in native code.
# See problematic frame for where to report the bug.
#

---------------  T H R E A D  ---------------

Current thread (0x0000000016d28800):  JavaThread "LWJGL Application" [_thread_in_native, id=9484, stack(0x0000000017b20000,0x0000000017c20000)]

siginfo: ExceptionCode=0xc0000005, reading address 0x000000021b158f40

Registers:
RAX=0x0000000000000008, RBX=0x000000001b23cf80, RCX=0x000000021b158f40, RDX=0x00000000000000b8
RSP=0x0000000017c1ea90, RBP=0x0000000017c1ec80, RSI=0x0000000000000006, RDI=0x0000000002ca7040
R8 =0x000000001b23cf80, R9 =0x0000000000000000, R10=0x0000000000000001, R11=0x0000000000000001
R12=0x0000000000000000, R13=0x0000000014f76d30, R14=0x0000000017c1ed28, R15=0x0000000016d28800
RIP=0x000000006558b3ed, EFLAGS=0x0000000000010202

Top of Stack: (sp=0x0000000017c1ea90)
0x0000000017c1ea90:   0000000055da1a78 0000000016f6f180
0x0000000017c1eaa0:   0000000000000012 0000000000000002
0x0000000017c1eab0:   000000001b23cf80 0000000017c1eb40
0x0000000017c1eac0:   0000000002ca7040 0000000017c1ec80
0x0000000017c1ead0:   0000000000000000 00000000655a1d53
0x0000000017c1eae0:   0000000017c1eb80 0000000017c1eb80
0x0000000017c1eaf0:   0000000000000003 0000000014f76d30
0x0000000017c1eb00:   0000000000000002 0000000000200021
0x0000000017c1eb10:   0000000002ca7040 00000000655aa428
0x0000000017c1eb20:   0000000000000000 0000000002ca7040
0x0000000017c1eb30:   0000000017c1ec80 0000000002ca54d8
0x0000000017c1eb40:   4144f5c300000002 000000004145999a
0x0000000017c1eb50:   0000000000000000 0000000000000000
0x0000000017c1eb60:   0000010100000000 0000000017c1ed01
0x0000000017c1eb70:   0000000000000000 000000003f800000
0x0000000017c1eb80:   0000000014f76d30 0000000002cb51ae 

Instructions: (pc=0x000000006558b3ed)
0x000000006558b3cd:   8f ec 05 00 48 63 f6 0f b6 34 30 83 fe 0d 77 25
0x000000006558b3dd:   48 63 f6 48 8d 46 02 48 8b 0c c3 48 85 c9 74 3e
0x000000006558b3ed:   48 8b 11 48 89 14 c3 48 89 c8 48 83 c4 20 5b 5e
0x000000006558b3fd:   5f 5d 41 5c c3 48 8d 0d af 06 05 00 48 8d 15 40 


Register to memory mapping:

RAX=0x0000000000000008 is an unknown value
RBX=0x000000001b23cf80 is an unknown value
RCX=0x000000021b158f40 is an unknown value
RDX=0x00000000000000b8 is an unknown value
RSP=0x0000000017c1ea90 is pointing into the stack for thread: 0x0000000016d28800
RBP=0x0000000017c1ec80 is pointing into the stack for thread: 0x0000000016d28800
RSI=0x0000000000000006 is an unknown value
RDI=0x0000000002ca7040 is at code_begin+832 in an Interpreter codelet
invoke return entry points  [0x0000000002ca6d00, 0x0000000002ca7460]  1888 bytes
R8 =0x000000001b23cf80 is an unknown value
R9 =0x0000000000000000 is an unknown value
R10=0x0000000000000001 is an unknown value
R11=0x0000000000000001 is an unknown value
R12=0x0000000000000000 is an unknown value
R13=0x0000000014f76d30 is an unknown value
R14=0x0000000017c1ed28 is pointing into the stack for thread: 0x0000000016d28800
R15=0x0000000016d28800 is a thread


Stack: [0x0000000017b20000,0x0000000017c20000],  sp=0x0000000017c1ea90,  free space=1018k
Native frames: (J=compiled Java code, j=interpreted, Vv=VM code, C=native code)
C  [gdx64.dll+0xb3ed]
C  [gdx64.dll+0x21d53]
C  [gdx64.dll+0x2a428]
C  0x0000000002cb51ae

Java frames: (J=compiled Java code, j=interpreted, Vv=VM code)
j  com.badlogic.gdx.physics.box2d.World.jniCreateBody(JIFFFFFFFFZZZZZF)J+0
j  com.badlogic.gdx.physics.box2d.World.createBody(Lcom/badlogic/gdx/physics/box2d/BodyDef;)Lcom/badlogic/gdx/physics/box2d/Body;+80
j  com.bj.pigport.states.Play.createFireArrow()V+60
J 862 C1 com.bj.pigport.states.Play.handleInput()V (2084 bytes) @ 0x0000000002fe5eb4 [0x0000000002fdb940+0xa574]
J 784 C1 com.bj.pigport.states.Play.update(F)V (869 bytes) @ 0x0000000002f96bac [0x0000000002f96a80+0x12c]
J 929 C1 com.bj.pigport.main.Game.render()V (58 bytes) @ 0x0000000003049b8c [0x0000000003048f20+0xc6c]
j  com.badlogic.gdx.backends.lwjgl.LwjglApplication.mainLoop()V+642
j  com.badlogic.gdx.backends.lwjgl.LwjglApplication$1.run()V+27
v  ~StubRoutines::call_stub

---------------  P R O C E S S  ---------------

Java Threads: ( => current thread )
  0x0000000016f79000 JavaThread "LWJGL Timer" daemon [_thread_blocked, id=9688, stack(0x000000001c680000,0x000000001c780000)]
  0x0000000002ba0800 JavaThread "DestroyJavaVM" [_thread_blocked, id=4280, stack(0x00000000029f0000,0x0000000002af0000)]
=>0x0000000016d28800 JavaThread "LWJGL Application" [_thread_in_native, id=9484, stack(0x0000000017b20000,0x0000000017c20000)]
  0x0000000016bb0800 JavaThread "Service Thread" daemon [_thread_blocked, id=9204, stack(0x0000000016fa0000,0x00000000170a0000)]
  0x0000000015347000 JavaThread "C1 CompilerThread2" daemon [_thread_blocked, id=9412, stack(0x0000000016aa0000,0x0000000016ba0000)]
  0x000000001533b800 JavaThread "C2 CompilerThread1" daemon [_thread_blocked, id=9724, stack(0x00000000169a0000,0x0000000016aa0000)]
  0x0000000015339800 JavaThread "C2 CompilerThread0" daemon [_thread_blocked, id=2816, stack(0x00000000168a0000,0x00000000169a0000)]
  0x0000000015338000 JavaThread "Attach Listener" daemon [_thread_blocked, id=8756, stack(0x00000000167a0000,0x00000000168a0000)]
  0x0000000015343000 JavaThread "Signal Dispatcher" daemon [_thread_blocked, id=8296, stack(0x00000000166a0000,0x00000000167a0000)]
  0x0000000002c91000 JavaThread "Finalizer" daemon [_thread_blocked, id=4384, stack(0x00000000165a0000,0x00000000166a0000)]
  0x0000000002c88000 JavaThread "Reference Handler" daemon [_thread_blocked, id=9944, stack(0x00000000164a0000,0x00000000165a0000)]

Other Threads:
  0x0000000015306000 VMThread [stack: 0x00000000163a0000,0x00000000164a0000] [id=9176]
  0x000000001539c000 WatcherThread [stack: 0x00000000170a0000,0x00000000171a0000] [id=10172]

VM state:not at safepoint (normal execution)

VM Mutex/Monitor currently owned by a thread: None

Heap:
 PSYoungGen      total 5120K, used 1744K [0x00000000eac00000, 0x00000000eb600000, 0x0000000100000000)
  eden space 4096K, 17% used [0x00000000eac00000,0x00000000eacb81d0,0x00000000eb000000)
  from space 1024K, 98% used [0x00000000eb500000,0x00000000eb5fc038,0x00000000eb600000)
  to   space 2048K, 0% used [0x00000000eb200000,0x00000000eb200000,0x00000000eb400000)
 ParOldGen       total 64000K, used 2037K [0x00000000c0400000, 0x00000000c4280000, 0x00000000eac00000)
  object space 64000K, 3% used [0x00000000c0400000,0x00000000c05fd4e0,0x00000000c4280000)
 Metaspace       used 6148K, capacity 7150K, committed 7296K, reserved 1056768K
  class space    used 575K, capacity 584K, committed 640K, reserved 1048576K

Card table byte_map: [0x0000000012060000,0x0000000012260000] byte_map_base: 0x0000000011a5e000

Marking Bits: (ParMarkBitMap*) 0x0000000055f613b0
 Begin Bits: [0x00000000127c0000, 0x00000000137b0000)
 End Bits:   [0x00000000137b0000, 0x00000000147a0000)

Polling page: 0x0000000001260000

CodeCache: size=245760Kb used=3748Kb max_used=3748Kb free=242011Kb
 bounds [0x0000000002ca0000, 0x0000000003050000, 0x0000000011ca0000]
 total_blobs=1360 nmethods=930 adapters=344
 compilation: enabled

Compilation events (10 events):
Event: 10.474 Thread 0x0000000015347000  925   !   3       com.badlogic.gdx.backends.lwjgl.LwjglGraphics::shouldRender (44 bytes)
Event: 10.475 Thread 0x0000000015347000 nmethod 925 0x0000000003047a10 code [0x0000000003047b80, 0x0000000003047f88]
Event: 10.475 Thread 0x0000000015347000  927       3       com.badlogic.gdx.backends.openal.OpenALAudio::update (43 bytes)
Event: 10.475 Thread 0x0000000015347000 nmethod 927 0x0000000003048090 code [0x0000000003048220, 0x0000000003048648]
Event: 10.475 Thread 0x0000000015347000  928       3       com.badlogic.gdx.backends.lwjgl.LwjglGraphics::updateTime (65 bytes)
Event: 10.475 Thread 0x0000000015347000 nmethod 928 0x00000000030487d0 code [0x0000000003048960, 0x0000000003048b70]
Event: 10.475 Thread 0x0000000015347000  929       3       com.bj.pigport.main.Game::render (58 bytes)
Event: 10.477 Thread 0x0000000015347000 nmethod 929 0x0000000003048c10 code [0x0000000003048f20, 0x000000000304a898]
Event: 10.477 Thread 0x0000000015347000  930       3       com.badlogic.gdx.backends.lwjgl.LwjglGraphics::setTitle (5 bytes)
Event: 10.477 Thread 0x0000000015347000 nmethod 930 0x000000000304b710 code [0x000000000304b880, 0x000000000304ba08]

GC Heap History (10 events):
Event: 0.754 GC heap before
{Heap before GC invocations=6 (full 0):
 PSYoungGen      total 2560K, used 2393K [0x00000000eac00000, 0x00000000eb300000, 0x0000000100000000)
  eden space 2048K, 91% used [0x00000000eac00000,0x00000000eadd6a20,0x00000000eae00000)
  from space 512K, 99% used [0x00000000eae00000,0x00000000eae7fc30,0x00000000eae80000)
  to   space 1536K, 0% used [0x00000000eb180000,0x00000000eb180000,0x00000000eb300000)
 ParOldGen       total 64000K, used 1121K [0x00000000c0400000, 0x00000000c4280000, 0x00000000eac00000)
  object space 64000K, 1% used [0x00000000c0400000,0x00000000c0518568,0x00000000c4280000)
 Metaspace       used 4998K, capacity 6126K, committed 6272K, reserved 1056768K
  class space    used 481K, capacity 520K, committed 640K, reserved 1048576K
Event: 0.756 GC heap after
Heap after GC invocations=6 (full 0):
 PSYoungGen      total 5632K, used 1109K [0x00000000eac00000, 0x00000000eb300000, 0x0000000100000000)
  eden space 4096K, 0% used [0x00000000eac00000,0x00000000eac00000,0x00000000eb000000)
  from space 1536K, 72% used [0x00000000eb180000,0x00000000eb295590,0x00000000eb300000)
  to   space 1536K, 0% used [0x00000000eb000000,0x00000000eb000000,0x00000000eb180000)
 ParOldGen       total 64000K, used 1129K [0x00000000c0400000, 0x00000000c4280000, 0x00000000eac00000)
  object space 64000K, 1% used [0x00000000c0400000,0x00000000c051a568,0x00000000c4280000)
 Metaspace       used 4998K, capacity 6126K, committed 6272K, reserved 1056768K
  class space    used 481K, capacity 520K, committed 640K, reserved 1048576K
}
Event: 1.164 GC heap before
{Heap before GC invocations=7 (full 0):
 PSYoungGen      total 5632K, used 4754K [0x00000000eac00000, 0x00000000eb300000, 0x0000000100000000)
  eden space 4096K, 88% used [0x00000000eac00000,0x00000000eaf8f478,0x00000000eb000000)
  from space 1536K, 72% used [0x00000000eb180000,0x00000000eb295590,0x00000000eb300000)
  to   space 1536K, 0% used [0x00000000eb000000,0x00000000eb000000,0x00000000eb180000)
 ParOldGen       total 64000K, used 1129K [0x00000000c0400000, 0x00000000c4280000, 0x00000000eac00000)
  object space 64000K, 1% used [0x00000000c0400000,0x00000000c051a568,0x00000000c4280000)
 Metaspace       used 4999K, capacity 6126K, committed 6272K, reserved 1056768K
  class space    used 481K, capacity 520K, committed 640K, reserved 1048576K
Event: 1.165 GC heap after
Heap after GC invocations=7 (full 0):
 PSYoungGen      total 5632K, used 480K [0x00000000eac00000, 0x00000000eb700000, 0x0000000100000000)
  eden space 4096K, 0% used [0x00000000eac00000,0x00000000eac00000,0x00000000eb000000)
  from space 1536K, 31% used [0x00000000eb000000,0x00000000eb078000,0x00000000eb180000)
  to   space 1536K, 0% used [0x00000000eb580000,0x00000000eb580000,0x00000000eb700000)
 ParOldGen       total 64000K, used 1377K [0x00000000c0400000, 0x00000000c4280000, 0x00000000eac00000)
  object space 64000K, 2% used [0x00000000c0400000,0x00000000c05585b8,0x00000000c4280000)
 Metaspace       used 4999K, capacity 6126K, committed 6272K, reserved 1056768K
  class space    used 481K, capacity 520K, committed 640K, reserved 1048576K
}
Event: 2.545 GC heap before
{Heap before GC invocations=8 (full 0):
 PSYoungGen      total 5632K, used 4576K [0x00000000eac00000, 0x00000000eb700000, 0x0000000100000000)
  eden space 4096K, 100% used [0x00000000eac00000,0x00000000eb000000,0x00000000eb000000)
  from space 1536K, 31% used [0x00000000eb000000,0x00000000eb078000,0x00000000eb180000)
  to   space 1536K, 0% used [0x00000000eb580000,0x00000000eb580000,0x00000000eb700000)
 ParOldGen       total 64000K, used 1377K [0x00000000c0400000, 0x00000000c4280000, 0x00000000eac00000)
  object space 64000K, 2% used [0x00000000c0400000,0x00000000c05585b8,0x00000000c4280000)
 Metaspace       used 5504K, capacity 6606K, committed 6784K, reserved 1056768K
  class space    used 522K, capacity 552K, committed 640K, reserved 1048576K
Event: 2.546 GC heap after
Heap after GC invocations=8 (full 0):
 PSYoungGen      total 5120K, used 808K [0x00000000eac00000, 0x00000000eb680000, 0x0000000100000000)
  eden space 4096K, 0% used [0x00000000eac00000,0x00000000eac00000,0x00000000eb000000)
  from space 1024K, 78% used [0x00000000eb580000,0x00000000eb64a0c0,0x00000000eb680000)
  to   space 1536K, 0% used [0x00000000eb380000,0x00000000eb380000,0x00000000eb500000)
 ParOldGen       total 64000K, used 1489K [0x00000000c0400000, 0x00000000c4280000, 0x00000000eac00000)
  object space 64000K, 2% used [0x00000000c0400000,0x00000000c05745e8,0x00000000c4280000)
 Metaspace       used 5504K, capacity 6606K, committed 6784K, reserved 1056768K
  class space    used 522K, capacity 552K, committed 640K, reserved 1048576K
}
Event: 3.469 GC heap before
{Heap before GC invocations=9 (full 0):
 PSYoungGen      total 5120K, used 4904K [0x00000000eac00000, 0x00000000eb680000, 0x0000000100000000)
  eden space 4096K, 100% used [0x00000000eac00000,0x00000000eb000000,0x00000000eb000000)
  from space 1024K, 78% used [0x00000000eb580000,0x00000000eb64a0c0,0x00000000eb680000)
  to   space 1536K, 0% used [0x00000000eb380000,0x00000000eb380000,0x00000000eb500000)
 ParOldGen       total 64000K, used 1489K [0x00000000c0400000, 0x00000000c4280000, 0x00000000eac00000)
  object space 64000K, 2% used [0x00000000c0400000,0x00000000c05745e8,0x00000000c4280000)
 Metaspace       used 6021K, capacity 7086K, committed 7296K, reserved 1056768K
  class space    used 575K, capacity 584K, committed 640K, reserved 1048576K
Event: 3.471 GC heap after
Heap after GC invocations=9 (full 0):
 PSYoungGen      total 5632K, used 1499K [0x00000000eac00000, 0x00000000eb600000, 0x0000000100000000)
  eden space 4096K, 0% used [0x00000000eac00000,0x00000000eac00000,0x00000000eb000000)
  from space 1536K, 97% used [0x00000000eb380000,0x00000000eb4f6e28,0x00000000eb500000)
  to   space 1024K, 0% used [0x00000000eb500000,0x00000000eb500000,0x00000000eb600000)
 ParOldGen       total 64000K, used 1768K [0x00000000c0400000, 0x00000000c4280000, 0x00000000eac00000)
  object space 64000K, 2% used [0x00000000c0400000,0x00000000c05ba3c0,0x00000000c4280000)
 Metaspace       used 6021K, capacity 7086K, committed 7296K, reserved 1056768K
  class space    used 575K, capacity 584K, committed 640K, reserved 1048576K
}
Event: 10.386 GC heap before
{Heap before GC invocations=10 (full 0):
 PSYoungGen      total 5632K, used 5595K [0x00000000eac00000, 0x00000000eb600000, 0x0000000100000000)
  eden space 4096K, 100% used [0x00000000eac00000,0x00000000eb000000,0x00000000eb000000)
  from space 1536K, 97% used [0x00000000eb380000,0x00000000eb4f6e28,0x00000000eb500000)
  to   space 1024K, 0% used [0x00000000eb500000,0x00000000eb500000,0x00000000eb600000)
 ParOldGen       total 64000K, used 1768K [0x00000000c0400000, 0x00000000c4280000, 0x00000000eac00000)
  object space 64000K, 2% used [0x00000000c0400000,0x00000000c05ba3c0,0x00000000c4280000)
 Metaspace       used 6133K, capacity 7150K, committed 7296K, reserved 1056768K
  class space    used 575K, capacity 584K, committed 640K, reserved 1048576K
Event: 10.388 GC heap after
Heap after GC invocations=10 (full 0):
 PSYoungGen      total 5120K, used 1008K [0x00000000eac00000, 0x00000000eb600000, 0x0000000100000000)
  eden space 4096K, 0% used [0x00000000eac00000,0x00000000eac00000,0x00000000eb000000)
  from space 1024K, 98% used [0x00000000eb500000,0x00000000eb5fc038,0x00000000eb600000)
  to   space 2048K, 0% used [0x00000000eb200000,0x00000000eb200000,0x00000000eb400000)
 ParOldGen       total 64000K, used 2037K [0x00000000c0400000, 0x00000000c4280000, 0x00000000eac00000)
  object space 64000K, 3% used [0x00000000c0400000,0x00000000c05fd4e0,0x00000000c4280000)
 Metaspace       used 6133K, capacity 7150K, committed 7296K, reserved 1056768K
  class space    used 575K, capacity 584K, committed 640K, reserved 1048576K
}

Deoptimization events (10 events):
Event: 4.453 Thread 0x0000000016d28800 Uncommon trap: reason=class_check action=maybe_recompile pc=0x0000000002f85448 method=com.badlogic.gdx.graphics.glutils.VertexArray.bind()V @ 124
Event: 4.453 Thread 0x0000000016d28800 Uncommon trap: reason=class_check action=maybe_recompile pc=0x0000000002f85448 method=com.badlogic.gdx.graphics.glutils.VertexArray.bind()V @ 124
Event: 5.069 Thread 0x0000000016d28800 Uncommon trap: reason=class_check action=maybe_recompile pc=0x0000000002fae0c4 method=com.badlogic.gdx.graphics.g2d.SpriteBatch.begin()V @ 26
Event: 5.069 Thread 0x0000000016d28800 Uncommon trap: reason=class_check action=maybe_recompile pc=0x0000000002fa9e00 method=com.badlogic.gdx.graphics.g2d.SpriteBatch.setupMatrices()V @ 19
Event: 5.070 Thread 0x0000000016d28800 Uncommon trap: reason=class_check action=maybe_recompile pc=0x0000000002fae0c4 method=com.badlogic.gdx.graphics.g2d.SpriteBatch.begin()V @ 26
Event: 5.070 Thread 0x0000000016d28800 Uncommon trap: reason=class_check action=maybe_recompile pc=0x0000000002fa9e00 method=com.badlogic.gdx.graphics.g2d.SpriteBatch.setupMatrices()V @ 19
Event: 5.070 Thread 0x0000000016d28800 Uncommon trap: reason=class_check action=maybe_recompile pc=0x0000000002fae0c4 method=com.badlogic.gdx.graphics.g2d.SpriteBatch.begin()V @ 26
Event: 5.070 Thread 0x0000000016d28800 Uncommon trap: reason=class_check action=maybe_recompile pc=0x0000000002fa9e00 method=com.badlogic.gdx.graphics.g2d.SpriteBatch.setupMatrices()V @ 19
Event: 5.070 Thread 0x0000000016d28800 Uncommon trap: reason=class_check action=maybe_recompile pc=0x0000000002fae0c4 method=com.badlogic.gdx.graphics.g2d.SpriteBatch.begin()V @ 26
Event: 5.070 Thread 0x0000000016d28800 Uncommon trap: reason=class_check action=maybe_recompile pc=0x0000000002fa9e00 method=com.badlogic.gdx.graphics.g2d.SpriteBatch.setupMatrices()V @ 19

Internal exceptions (10 events):
Event: 2.679 Thread 0x0000000016d28800 Exception <a 'java/security/PrivilegedActionException'> (0x00000000eaeee488) thrown at [D:\re\workspace\8-2-build-windows-amd64-cygwin\jdk8\2238\hotspot\src\share\vm\prims\jvm.cpp, line 1248]
Event: 2.680 Thread 0x0000000016d28800 Exception <a 'java/security/PrivilegedActionException'> (0x00000000eaef2ae0) thrown at [D:\re\workspace\8-2-build-windows-amd64-cygwin\jdk8\2238\hotspot\src\share\vm\prims\jvm.cpp, line 1248]
Event: 2.682 Thread 0x0000000016d28800 Exception <a 'java/security/PrivilegedActionException'> (0x00000000eaef7f30) thrown at [D:\re\workspace\8-2-build-windows-amd64-cygwin\jdk8\2238\hotspot\src\share\vm\prims\jvm.cpp, line 1248]
Event: 2.713 Thread 0x0000000016d28800 Exception <a 'java/security/PrivilegedActionException'> (0x00000000eaf58e78) thrown at [D:\re\workspace\8-2-build-windows-amd64-cygwin\jdk8\2238\hotspot\src\share\vm\prims\jvm.cpp, line 1248]
Event: 2.714 Thread 0x0000000016d28800 Exception <a 'java/security/PrivilegedActionException'> (0x00000000eaf5b658) thrown at [D:\re\workspace\8-2-build-windows-amd64-cygwin\jdk8\2238\hotspot\src\share\vm\prims\jvm.cpp, line 1248]
Event: 2.715 Thread 0x0000000016d28800 Exception <a 'java/security/PrivilegedActionException'> (0x00000000eaf5e640) thrown at [D:\re\workspace\8-2-build-windows-amd64-cygwin\jdk8\2238\hotspot\src\share\vm\prims\jvm.cpp, line 1248]
Event: 2.716 Thread 0x0000000016d28800 Exception <a 'java/security/PrivilegedActionException'> (0x00000000eaf6cbb8) thrown at [D:\re\workspace\8-2-build-windows-amd64-cygwin\jdk8\2238\hotspot\src\share\vm\prims\jvm.cpp, line 1248]
Event: 2.716 Thread 0x0000000016d28800 Exception <a 'java/security/PrivilegedActionException'> (0x00000000eaf71718) thrown at [D:\re\workspace\8-2-build-windows-amd64-cygwin\jdk8\2238\hotspot\src\share\vm\prims\jvm.cpp, line 1248]
Event: 3.052 Thread 0x0000000016d28800 Exception <a 'java/security/PrivilegedActionException'> (0x00000000eafa1d70) thrown at [D:\re\workspace\8-2-build-windows-amd64-cygwin\jdk8\2238\hotspot\src\share\vm\prims\jvm.cpp, line 1248]
Event: 3.053 Thread 0x0000000016d28800 Exception <a 'java/security/PrivilegedActionException'> (0x00000000eafabd40) thrown at [D:\re\workspace\8-2-build-windows-amd64-cygwin\jdk8\2238\hotspot\src\share\vm\prims\jvm.cpp, line 1248]

Events (10 events):
Event: 5.070 Thread 0x0000000016d28800 Uncommon trap: trap_request=0xffffffde fr.pc=0x0000000002fae0c4
Event: 5.070 Thread 0x0000000016d28800 DEOPT PACKING pc=0x0000000002fae0c4 sp=0x0000000017c1f0d0
Event: 5.070 Thread 0x0000000016d28800 DEOPT UNPACKING pc=0x0000000002ce55af sp=0x0000000017c1f0a8 mode 2
Event: 5.070 Thread 0x0000000016d28800 Uncommon trap: trap_request=0xffffffde fr.pc=0x0000000002fa9e00
Event: 5.070 Thread 0x0000000016d28800 DEOPT PACKING pc=0x0000000002fa9e00 sp=0x0000000017c1f060
Event: 5.070 Thread 0x0000000016d28800 DEOPT UNPACKING pc=0x0000000002ce55af sp=0x0000000017c1f038 mode 2
Event: 5.452 Thread 0x0000000016d28800 DEOPT PACKING pc=0x0000000002f50a75 sp=0x0000000017c1f090
Event: 5.452 Thread 0x0000000016d28800 DEOPT UNPACKING pc=0x0000000002ce7604 sp=0x0000000017c1ed20 mode 0
Event: 10.386 Executing VM operation: ParallelGCFailedAllocation
Event: 10.388 Executing VM operation: ParallelGCFailedAllocation done


Dynamic libraries:
0x00007ff6e2560000 - 0x00007ff6e2594000 	C:\Program Files\Java\jre8\bin\javaw.exe
0x00007ffd31600000 - 0x00007ffd317aa000 	C:\Windows\SYSTEM32\ntdll.dll
0x00007ffd2f3d0000 - 0x00007ffd2f50a000 	C:\Windows\system32\KERNEL32.DLL
0x00007ffd2ea90000 - 0x00007ffd2eb9f000 	C:\Windows\system32\KERNELBASE.dll
0x00007ffd2d5a0000 - 0x00007ffd2d628000 	C:\Windows\system32\apphelp.dll
0x00007ffd24870000 - 0x00007ffd248bf000 	C:\Windows\AppPatch\AppPatch64\AcGenral.DLL
0x00007ffd2fb70000 - 0x00007ffd2fc17000 	C:\Windows\system32\msvcrt.dll
0x00007ffd2e7b0000 - 0x00007ffd2e7db000 	C:\Windows\SYSTEM32\SspiCli.dll
0x00007ffd312b0000 - 0x00007ffd31301000 	C:\Windows\system32\SHLWAPI.dll
0x00007ffd2f9f0000 - 0x00007ffd2fb61000 	C:\Windows\system32\USER32.dll
0x00007ffd2f520000 - 0x00007ffd2f698000 	C:\Windows\system32\ole32.dll
0x00007ffd2fc20000 - 0x00007ffd31037000 	C:\Windows\system32\SHELL32.dll
0x00007ffd2df80000 - 0x00007ffd2df9e000 	C:\Windows\SYSTEM32\USERENV.dll
0x00007ffd31140000 - 0x00007ffd311e5000 	C:\Windows\system32\ADVAPI32.dll
0x00007ffd25330000 - 0x00007ffd2534b000 	C:\Windows\SYSTEM32\MPR.dll
0x00007ffd31310000 - 0x00007ffd31446000 	C:\Windows\system32\RPCRT4.dll
0x00007ffd2f950000 - 0x00007ffd2f9a7000 	C:\Windows\SYSTEM32\sechost.dll
0x00007ffd2f770000 - 0x00007ffd2f946000 	C:\Windows\SYSTEM32\combase.dll
0x00007ffd2ee90000 - 0x00007ffd2efd5000 	C:\Windows\system32\GDI32.dll
0x00007ffd2e970000 - 0x00007ffd2e984000 	C:\Windows\SYSTEM32\profapi.dll
0x00007ffd2ca60000 - 0x00007ffd2caff000 	C:\Windows\SYSTEM32\SHCORE.dll
0x00007ffd2f9b0000 - 0x00007ffd2f9e4000 	C:\Windows\system32\IMM32.DLL
0x00007ffd2f090000 - 0x00007ffd2f1c9000 	C:\Windows\system32\MSCTF.dll
0x00007ffd2c630000 - 0x00007ffd2c88a000 	C:\Windows\WinSxS\amd64_microsoft.windows.common-controls_6595b64144ccf1df_6.0.9600.17031_none_6242a4b3ecbb55a1\COMCTL32.dll
0x0000000055fe0000 - 0x00000000560b2000 	C:\Program Files\Java\jre8\bin\msvcr100.dll
0x00000000557b0000 - 0x0000000055fda000 	C:\Program Files\Java\jre8\bin\server\jvm.dll
0x00007ffd2a7d0000 - 0x00007ffd2a7d9000 	C:\Windows\SYSTEM32\WSOCK32.dll
0x00007ffd2b420000 - 0x00007ffd2b43f000 	C:\Windows\SYSTEM32\WINMM.dll
0x00007ffd2f510000 - 0x00007ffd2f517000 	C:\Windows\system32\PSAPI.DLL
0x00007ffd31250000 - 0x00007ffd312a8000 	C:\Windows\system32\WS2_32.dll
0x00007ffd2aef0000 - 0x00007ffd2af1a000 	C:\Windows\SYSTEM32\WINMMBASE.dll
0x00007ffd2f6a0000 - 0x00007ffd2f6a9000 	C:\Windows\system32\NSI.dll
0x00007ffd2ee30000 - 0x00007ffd2ee7a000 	C:\Windows\SYSTEM32\cfgmgr32.dll
0x00007ffd2d7f0000 - 0x00007ffd2d816000 	C:\Windows\SYSTEM32\DEVOBJ.dll
0x00000000557a0000 - 0x00000000557af000 	C:\Program Files\Java\jre8\bin\verify.dll
0x0000000055770000 - 0x0000000055798000 	C:\Program Files\Java\jre8\bin\java.dll
0x0000000055750000 - 0x0000000055766000 	C:\Program Files\Java\jre8\bin\zip.dll
0x0000000065580000 - 0x0000000065610000 	C:\Users\Tobias\AppData\Local\Temp\libgdxTobias\5498721d\gdx64.dll
0x0000000180000000 - 0x0000000180050000 	C:\Users\Tobias\AppData\Local\Temp\libgdxTobias\4c88a7c1\lwjgl64.dll
0x00007ffd203b0000 - 0x00007ffd204d1000 	C:\Windows\SYSTEM32\OPENGL32.dll
0x00007ffd2c450000 - 0x00007ffd2c45a000 	C:\Windows\SYSTEM32\VERSION.dll
0x00007ffd24e90000 - 0x00007ffd24ebc000 	C:\Windows\SYSTEM32\GLU32.dll
0x00007ffd20090000 - 0x00007ffd20184000 	C:\Windows\SYSTEM32\DDRAW.dll
0x00007ffd2a240000 - 0x00007ffd2a249000 	C:\Windows\SYSTEM32\DCIMAN32.dll
0x0000000017220000 - 0x0000000017284000 	C:\Users\Tobias\AppData\Local\Temp\libgdxTobias\4c88a7c1\OpenAL64.dll
0x00007ffd2d860000 - 0x00007ffd2d86a000 	C:\Windows\SYSTEM32\kernel.appcore.dll
0x00007ffd2e840000 - 0x00007ffd2e84a000 	C:\Windows\SYSTEM32\CRYPTBASE.dll
0x00007ffd2e7e0000 - 0x00007ffd2e840000 	C:\Windows\SYSTEM32\bcryptPrimitives.dll
0x00007ffd2d670000 - 0x00007ffd2d791000 	C:\Windows\system32\uxtheme.dll
0x00007ffd2efe0000 - 0x00007ffd2f084000 	C:\Windows\SYSTEM32\clbcatq.dll
0x00007ffd100f0000 - 0x00007ffd10177000 	C:\Windows\SYSTEM32\dsound.dll
0x00007ffd2e910000 - 0x00007ffd2e955000 	C:\Windows\SYSTEM32\POWRPROF.dll
0x00007ffd2c200000 - 0x00007ffd2c262000 	C:\Windows\System32\MMDevApi.dll
0x00007ffd287b0000 - 0x00007ffd28826000 	C:\Windows\SYSTEM32\AUDIOSES.DLL
0x00007ffd2f6b0000 - 0x00007ffd2f767000 	C:\Windows\system32\OLEAUT32.dll
0x00007ffd2c890000 - 0x00007ffd2c8b0000 	C:\Windows\system32\dwmapi.dll
0x00007ffd24db0000 - 0x00007ffd24dc8000 	C:\Windows\SYSTEM32\atig6pxx.dll
0x0000000053d20000 - 0x00000000556c1000 	C:\Windows\SYSTEM32\atio6axx.dll
0x00007ffd2f1f0000 - 0x00007ffd2f3c4000 	C:\Windows\system32\SETUPAPI.dll
0x00007ffd19950000 - 0x00007ffd19a78000 	C:\Windows\SYSTEM32\atiadlxx.dll
0x00007ffd2a660000 - 0x00007ffd2a7c5000 	C:\Windows\SYSTEM32\PROPSYS.dll
0x00007ffd2a620000 - 0x00007ffd2a631000 	C:\Windows\SYSTEM32\WTSAPI32.dll
0x00007ffd2a0e0000 - 0x00007ffd2a109000 	C:\Windows\SYSTEM32\IPHLPAPI.DLL
0x00007ffd2a0c0000 - 0x00007ffd2a0ca000 	C:\Windows\SYSTEM32\WINNSI.DLL
0x00007ffd2ea40000 - 0x00007ffd2ea8c000 	C:\Windows\system32\WINTRUST.dll
0x00007ffd2ec50000 - 0x00007ffd2ee27000 	C:\Windows\system32\CRYPT32.dll
0x00007ffd2ea20000 - 0x00007ffd2ea32000 	C:\Windows\system32\MSASN1.dll
0x00007ffd2c460000 - 0x00007ffd2c5a4000 	C:\Windows\SYSTEM32\aticfx64.dll
0x00007ffd24d90000 - 0x00007ffd24dae000 	C:\Windows\SYSTEM32\atig6txx.dll
0x00007ffd07de0000 - 0x00007ffd07e6d000 	C:\Windows\SYSTEM32\mscms.dll
0x00007ffd24820000 - 0x00007ffd24861000 	C:\Windows\SYSTEM32\icm32.dll
0x00007ffd1e050000 - 0x00007ffd1e1d8000 	C:\Windows\SYSTEM32\dbghelp.dll

VM Arguments:
jvm_args: -Dfile.encoding=Cp1252 
java_command: com.bj.pigport.main.PigPortDesktop
java_class_path (initial): C:\Users\Tobias\Dropbox\BJ Games\2nd Game - PigPort\SourceCodeV2\workspace\PigPort\bin;C:\Users\Tobias\Dropbox\BJ Games\2nd Game - PigPort\SourceCodeV2\workspace\PigPort\libs\gdx-backend-lwjgl.jar;C:\Users\Tobias\Dropbox\BJ Games\2nd Game - PigPort\SourceCodeV2\workspace\PigPort\libs\gdx-natives.jar;C:\Users\Tobias\Dropbox\BJ Games\2nd Game - PigPort\SourceCodeV2\workspace\PigPort\libs\gdx.jar;C:\Users\Tobias\Dropbox\BJ Games\2nd Game - PigPort\SourceCodeV2\workspace\PigPort\libs\gdx-backend-lwjgl-natives.jar
Launcher Type: SUN_STANDARD

Environment Variables:
PATH=C:\Windows\system32;C:\Windows;C:\Windows\System32\Wbem;C:\Windows\System32\WindowsPowerShell\v1.0\;C:\Program Files (x86)\ATI Technologies\ATI.ACE\Core-Static
USERNAME=Tobias
OS=Windows_NT
PROCESSOR_IDENTIFIER=Intel64 Family 6 Model 42 Stepping 7, GenuineIntel



---------------  S Y S T E M  ---------------

OS: Windows 8.1 , 64 bit Build 9600 

CPU:total 4 (2 cores per cpu, 2 threads per core) family 6 model 42 stepping 7, cmov, cx8, fxsr, mmx, sse, sse2, sse3, ssse3, sse4.1, sse4.2, popcnt, avx, clmul, ht, tsc, tscinvbit

Memory: 4k page, physical 4169860k(1465460k free), swap 5480580k(1773264k free)

vm_info: Java HotSpot(TM) 64-Bit Server VM (25.0-b70) for windows-amd64 JRE (1.8.0-b132), built on Mar  4 2014 03:46:18 by "java_re" with MS VC++ 10.0 (VS2010)

time: Mon May 12 13:57:02 2014
elapsed time: 11 seconds

