#
# A fatal error has been detected by the Java Runtime Environment:
#
#  EXCEPTION_ACCESS_VIOLATION (0xc0000005) at pc=0x000000006558b3ed, pid=9744, tid=8764
#
# JRE version: Java(TM) SE Runtime Environment (8.0-b132) (build 1.8.0-b132)
# Java VM: Java HotSpot(TM) 64-Bit Server VM (25.0-b70 mixed mode windows-amd64 compressed oops)
# Problematic frame:
# C  [gdx64.dll+0xb3ed]
#
# Failed to write core dump. Minidumps are not enabled by default on client versions of Windows
#
# If you would like to submit a bug report, please visit:
#   http://bugreport.sun.com/bugreport/crash.jsp
# The crash happened outside the Java Virtual Machine in native code.
# See problematic frame for where to report the bug.
#

---------------  T H R E A D  ---------------

Current thread (0x0000000016898000):  JavaThread "LWJGL Application" [_thread_in_native, id=8764, stack(0x0000000017590000,0x0000000017690000)]

siginfo: ExceptionCode=0xc0000005, reading address 0x0000000219799000

Registers:
RAX=0x0000000000000008, RBX=0x000000001ac8cf80, RCX=0x0000000219799000, RDX=0x00000000000000b8
RSP=0x000000001768e630, RBP=0x000000001768e820, RSI=0x0000000000000006, RDI=0x0000000002757040
R8 =0x000000001ac8cf80, R9 =0x0000000000000000, R10=0x0000000000000001, R11=0x0000000000000001
R12=0x0000000000000000, R13=0x0000000014a295b0, R14=0x000000001768e8c8, R15=0x0000000016898000
RIP=0x000000006558b3ed, EFLAGS=0x0000000000010206

Top of Stack: (sp=0x000000001768e630)
0x000000001768e630:   0000000055da1a78 00000000199069e0
0x000000001768e640:   0000000000000012 0000000000000002
0x000000001768e650:   000000001ac8cf80 000000001768e6e0
0x000000001768e660:   0000000002757040 000000001768e820
0x000000001768e670:   0000000000000000 00000000655a1d53
0x000000001768e680:   000000001768e720 000000001768e720
0x000000001768e690:   0000000000000003 0000000014a295b0
0x000000001768e6a0:   0000000000000002 0000000000200021
0x000000001768e6b0:   0000000002757040 00000000655aa428
0x000000001768e6c0:   0000000000000000 0000000002757040
0x000000001768e6d0:   000000001768e820 00000000027554d8
0x000000001768e6e0:   414947ae00000002 000000004170cccd
0x000000001768e6f0:   0000000000000000 0000000000000000
0x000000001768e700:   0000010100000000 000000001768e801
0x000000001768e710:   0000000000000000 000000003f800000
0x000000001768e720:   0000000014a295b0 00000000027651ae 

Instructions: (pc=0x000000006558b3ed)
0x000000006558b3cd:   8f ec 05 00 48 63 f6 0f b6 34 30 83 fe 0d 77 25
0x000000006558b3dd:   48 63 f6 48 8d 46 02 48 8b 0c c3 48 85 c9 74 3e
0x000000006558b3ed:   48 8b 11 48 89 14 c3 48 89 c8 48 83 c4 20 5b 5e
0x000000006558b3fd:   5f 5d 41 5c c3 48 8d 0d af 06 05 00 48 8d 15 40 


Register to memory mapping:

RAX=0x0000000000000008 is an unknown value
RBX=0x000000001ac8cf80 is an unknown value
RCX=0x0000000219799000 is an unknown value
RDX=0x00000000000000b8 is an unknown value
RSP=0x000000001768e630 is pointing into the stack for thread: 0x0000000016898000
RBP=0x000000001768e820 is pointing into the stack for thread: 0x0000000016898000
RSI=0x0000000000000006 is an unknown value
RDI=0x0000000002757040 is at code_begin+832 in an Interpreter codelet
invoke return entry points  [0x0000000002756d00, 0x0000000002757460]  1888 bytes
R8 =0x000000001ac8cf80 is an unknown value
R9 =0x0000000000000000 is an unknown value
R10=0x0000000000000001 is an unknown value
R11=0x0000000000000001 is an unknown value
R12=0x0000000000000000 is an unknown value
R13=0x0000000014a295b0 is an unknown value
R14=0x000000001768e8c8 is pointing into the stack for thread: 0x0000000016898000
R15=0x0000000016898000 is a thread


Stack: [0x0000000017590000,0x0000000017690000],  sp=0x000000001768e630,  free space=1017k
Native frames: (J=compiled Java code, j=interpreted, Vv=VM code, C=native code)
C  [gdx64.dll+0xb3ed]
C  [gdx64.dll+0x21d53]
C  [gdx64.dll+0x2a428]
C  0x00000000027651ae

Java frames: (J=compiled Java code, j=interpreted, Vv=VM code)
j  com.badlogic.gdx.physics.box2d.World.jniCreateBody(JIFFFFFFFFZZZZZF)J+0
j  com.badlogic.gdx.physics.box2d.World.createBody(Lcom/badlogic/gdx/physics/box2d/BodyDef;)Lcom/badlogic/gdx/physics/box2d/Body;+80
j  com.bj.pigport.states.Play.createFireArrow()V+60
J 871 C1 com.bj.pigport.states.Play.handleInput()V (2084 bytes) @ 0x0000000002aa9984 [0x0000000002a9f400+0xa584]
J 825 C1 com.bj.pigport.states.Play.update(F)V (864 bytes) @ 0x0000000002a7268c [0x0000000002a72560+0x12c]
J 936 C1 com.bj.pigport.main.Game.render()V (58 bytes) @ 0x0000000002afff74 [0x0000000002aff360+0xc14]
j  com.badlogic.gdx.backends.lwjgl.LwjglApplication.mainLoop()V+642
j  com.badlogic.gdx.backends.lwjgl.LwjglApplication$1.run()V+27
v  ~StubRoutines::call_stub

---------------  P R O C E S S  ---------------

Java Threads: ( => current thread )
  0x0000000019922800 JavaThread "LWJGL Timer" daemon [_thread_blocked, id=7724, stack(0x000000001c0d0000,0x000000001c1d0000)]
  0x0000000002650800 JavaThread "DestroyJavaVM" [_thread_blocked, id=8656, stack(0x0000000002550000,0x0000000002650000)]
=>0x0000000016898000 JavaThread "LWJGL Application" [_thread_in_native, id=8764, stack(0x0000000017590000,0x0000000017690000)]
  0x0000000016660800 JavaThread "Service Thread" daemon [_thread_blocked, id=5616, stack(0x0000000016a50000,0x0000000016b50000)]
  0x0000000014dfb000 JavaThread "C1 CompilerThread2" daemon [_thread_blocked, id=9444, stack(0x0000000016550000,0x0000000016650000)]
  0x0000000014ded800 JavaThread "C2 CompilerThread1" daemon [_thread_blocked, id=10232, stack(0x0000000016450000,0x0000000016550000)]
  0x0000000014deb800 JavaThread "C2 CompilerThread0" daemon [_thread_blocked, id=6352, stack(0x0000000016350000,0x0000000016450000)]
  0x0000000014dea000 JavaThread "Attach Listener" daemon [_thread_blocked, id=10216, stack(0x0000000016250000,0x0000000016350000)]
  0x0000000014de8000 JavaThread "Signal Dispatcher" daemon [_thread_blocked, id=10100, stack(0x0000000016150000,0x0000000016250000)]
  0x0000000002741800 JavaThread "Finalizer" daemon [_thread_blocked, id=9824, stack(0x0000000016050000,0x0000000016150000)]
  0x0000000014db7800 JavaThread "Reference Handler" daemon [_thread_blocked, id=8988, stack(0x0000000015f50000,0x0000000016050000)]

Other Threads:
  0x0000000014db6800 VMThread [stack: 0x0000000015e50000,0x0000000015f50000] [id=1408]
  0x0000000016672000 WatcherThread [stack: 0x0000000016b50000,0x0000000016c50000] [id=1336]

VM state:not at safepoint (normal execution)

VM Mutex/Monitor currently owned by a thread: None

Heap:
 PSYoungGen      total 9728K, used 1851K [0x00000000eac00000, 0x00000000eb800000, 0x0000000100000000)
  eden space 8192K, 4% used [0x00000000eac00000,0x00000000eac55b88,0x00000000eb400000)
  from space 1536K, 98% used [0x00000000eb400000,0x00000000eb579190,0x00000000eb580000)
  to   space 2048K, 0% used [0x00000000eb600000,0x00000000eb600000,0x00000000eb800000)
 ParOldGen       total 64000K, used 1800K [0x00000000c0400000, 0x00000000c4280000, 0x00000000eac00000)
  object space 64000K, 2% used [0x00000000c0400000,0x00000000c05c2100,0x00000000c4280000)
 Metaspace       used 6135K, capacity 7150K, committed 7296K, reserved 1056768K
  class space    used 574K, capacity 584K, committed 640K, reserved 1048576K

Card table byte_map: [0x0000000011b10000,0x0000000011d10000] byte_map_base: 0x000000001150e000

Marking Bits: (ParMarkBitMap*) 0x0000000055f613b0
 Begin Bits: [0x0000000012270000, 0x0000000013260000)
 End Bits:   [0x0000000013260000, 0x0000000014250000)

Polling page: 0x0000000002440000

CodeCache: size=245760Kb used=3768Kb max_used=3768Kb free=241991Kb
 bounds [0x0000000002750000, 0x0000000002b10000, 0x0000000011750000]
 total_blobs=1368 nmethods=938 adapters=344
 compilation: enabled

Compilation events (10 events):
Event: 12.392 Thread 0x0000000014dfb000  933       3       java.nio.charset.CharsetEncoder::implReplaceWith (1 bytes)
Event: 12.392 Thread 0x0000000014dfb000 nmethod 933 0x0000000002afbbd0 code [0x0000000002afbd20, 0x0000000002afbe70]
Event: 12.392 Thread 0x0000000014dfb000  934       3       sun.nio.cs.UnicodeEncoder::implReset (9 bytes)
Event: 12.392 Thread 0x0000000014dfb000 nmethod 934 0x0000000002afb8d0 code [0x0000000002afba20, 0x0000000002afbb70]
Event: 12.405 Thread 0x0000000014dfb000  936       3       com.bj.pigport.main.Game::render (58 bytes)
Event: 12.407 Thread 0x0000000014dfb000 nmethod 936 0x0000000002aff050 code [0x0000000002aff360, 0x0000000002b00c78]
Event: 12.408 Thread 0x0000000014dfb000  937       3       com.badlogic.gdx.backends.lwjgl.LwjglGraphics::setTitle (5 bytes)
Event: 12.408 Thread 0x0000000014dfb000 nmethod 937 0x0000000002afb550 code [0x0000000002afb6c0, 0x0000000002afb848]
Event: 12.408 Thread 0x0000000014dfb000  938       3       com.bj.pigport.handlers.GameStateManager::update (15 bytes)
Event: 12.408 Thread 0x0000000014dfb000 nmethod 938 0x0000000002afa850 code [0x0000000002afaa20, 0x0000000002afb1e8]

GC Heap History (10 events):
Event: 0.542 GC heap before
{Heap before GC invocations=5 (full 0):
 PSYoungGen      total 2560K, used 2524K [0x00000000eac00000, 0x00000000eaf00000, 0x0000000100000000)
  eden space 2048K, 99% used [0x00000000eac00000,0x00000000eadff048,0x00000000eae00000)
  from space 512K, 93% used [0x00000000eae80000,0x00000000eaef8020,0x00000000eaf00000)
  to   space 512K, 0% used [0x00000000eae00000,0x00000000eae00000,0x00000000eae80000)
 ParOldGen       total 64000K, used 610K [0x00000000c0400000, 0x00000000c4280000, 0x00000000eac00000)
  object space 64000K, 0% used [0x00000000c0400000,0x00000000c0498a38,0x00000000c4280000)
 Metaspace       used 4533K, capacity 5710K, committed 5888K, reserved 1056768K
  class space    used 459K, capacity 488K, committed 512K, reserved 1048576K
Event: 0.545 GC heap after
Heap after GC invocations=5 (full 0):
 PSYoungGen      total 2560K, used 495K [0x00000000eac00000, 0x00000000eb300000, 0x0000000100000000)
  eden space 2048K, 0% used [0x00000000eac00000,0x00000000eac00000,0x00000000eae00000)
  from space 512K, 96% used [0x00000000eae00000,0x00000000eae7bc20,0x00000000eae80000)
  to   space 1536K, 0% used [0x00000000eb180000,0x00000000eb180000,0x00000000eb300000)
 ParOldGen       total 64000K, used 1127K [0x00000000c0400000, 0x00000000c4280000, 0x00000000eac00000)
  object space 64000K, 1% used [0x00000000c0400000,0x00000000c0519d60,0x00000000c4280000)
 Metaspace       used 4533K, capacity 5710K, committed 5888K, reserved 1056768K
  class space    used 459K, capacity 488K, committed 512K, reserved 1048576K
}
Event: 0.729 GC heap before
{Heap before GC invocations=6 (full 0):
 PSYoungGen      total 2560K, used 2377K [0x00000000eac00000, 0x00000000eb300000, 0x0000000100000000)
  eden space 2048K, 91% used [0x00000000eac00000,0x00000000eadd69c0,0x00000000eae00000)
  from space 512K, 96% used [0x00000000eae00000,0x00000000eae7bc20,0x00000000eae80000)
  to   space 1536K, 0% used [0x00000000eb180000,0x00000000eb180000,0x00000000eb300000)
 ParOldGen       total 64000K, used 1127K [0x00000000c0400000, 0x00000000c4280000, 0x00000000eac00000)
  object space 64000K, 1% used [0x00000000c0400000,0x00000000c0519d60,0x00000000c4280000)
 Metaspace       used 4996K, capacity 6126K, committed 6272K, reserved 1056768K
  class space    used 481K, capacity 520K, committed 640K, reserved 1048576K
Event: 0.731 GC heap after
Heap after GC invocations=6 (full 0):
 PSYoungGen      total 5632K, used 1062K [0x00000000eac00000, 0x00000000eb300000, 0x0000000100000000)
  eden space 4096K, 0% used [0x00000000eac00000,0x00000000eac00000,0x00000000eb000000)
  from space 1536K, 69% used [0x00000000eb180000,0x00000000eb289af8,0x00000000eb300000)
  to   space 1536K, 0% used [0x00000000eb000000,0x00000000eb000000,0x00000000eb180000)
 ParOldGen       total 64000K, used 1135K [0x00000000c0400000, 0x00000000c4280000, 0x00000000eac00000)
  object space 64000K, 1% used [0x00000000c0400000,0x00000000c051bd60,0x00000000c4280000)
 Metaspace       used 4996K, capacity 6126K, committed 6272K, reserved 1056768K
  class space    used 481K, capacity 520K, committed 640K, reserved 1048576K
}
Event: 1.104 GC heap before
{Heap before GC invocations=7 (full 0):
 PSYoungGen      total 5632K, used 4707K [0x00000000eac00000, 0x00000000eb300000, 0x0000000100000000)
  eden space 4096K, 88% used [0x00000000eac00000,0x00000000eaf8f498,0x00000000eb000000)
  from space 1536K, 69% used [0x00000000eb180000,0x00000000eb289af8,0x00000000eb300000)
  to   space 1536K, 0% used [0x00000000eb000000,0x00000000eb000000,0x00000000eb180000)
 ParOldGen       total 64000K, used 1135K [0x00000000c0400000, 0x00000000c4280000, 0x00000000eac00000)
  object space 64000K, 1% used [0x00000000c0400000,0x00000000c051bd60,0x00000000c4280000)
 Metaspace       used 4998K, capacity 6126K, committed 6272K, reserved 1056768K
  class space    used 481K, capacity 520K, committed 640K, reserved 1048576K
Event: 1.105 GC heap after
Heap after GC invocations=7 (full 0):
 PSYoungGen      total 5632K, used 480K [0x00000000eac00000, 0x00000000eb700000, 0x0000000100000000)
  eden space 4096K, 0% used [0x00000000eac00000,0x00000000eac00000,0x00000000eb000000)
  from space 1536K, 31% used [0x00000000eb000000,0x00000000eb078000,0x00000000eb180000)
  to   space 1536K, 0% used [0x00000000eb580000,0x00000000eb580000,0x00000000eb700000)
 ParOldGen       total 64000K, used 1375K [0x00000000c0400000, 0x00000000c4280000, 0x00000000eac00000)
  object space 64000K, 2% used [0x00000000c0400000,0x00000000c0557d90,0x00000000c4280000)
 Metaspace       used 4998K, capacity 6126K, committed 6272K, reserved 1056768K
  class space    used 481K, capacity 520K, committed 640K, reserved 1048576K
}
Event: 3.838 GC heap before
{Heap before GC invocations=8 (full 0):
 PSYoungGen      total 5632K, used 4576K [0x00000000eac00000, 0x00000000eb700000, 0x0000000100000000)
  eden space 4096K, 100% used [0x00000000eac00000,0x00000000eb000000,0x00000000eb000000)
  from space 1536K, 31% used [0x00000000eb000000,0x00000000eb078000,0x00000000eb180000)
  to   space 1536K, 0% used [0x00000000eb580000,0x00000000eb580000,0x00000000eb700000)
 ParOldGen       total 64000K, used 1375K [0x00000000c0400000, 0x00000000c4280000, 0x00000000eac00000)
  object space 64000K, 2% used [0x00000000c0400000,0x00000000c0557d90,0x00000000c4280000)
 Metaspace       used 5428K, capacity 6542K, committed 6784K, reserved 1056768K
  class space    used 512K, capacity 552K, committed 640K, reserved 1048576K
Event: 3.839 GC heap after
Heap after GC invocations=8 (full 0):
 PSYoungGen      total 9728K, used 804K [0x00000000eac00000, 0x00000000eb700000, 0x0000000100000000)
  eden space 8192K, 0% used [0x00000000eac00000,0x00000000eac00000,0x00000000eb400000)
  from space 1536K, 52% used [0x00000000eb580000,0x00000000eb649280,0x00000000eb700000)
  to   space 1536K, 0% used [0x00000000eb400000,0x00000000eb400000,0x00000000eb580000)
 ParOldGen       total 64000K, used 1487K [0x00000000c0400000, 0x00000000c4280000, 0x00000000eac00000)
  object space 64000K, 2% used [0x00000000c0400000,0x00000000c0573dc0,0x00000000c4280000)
 Metaspace       used 5428K, capacity 6542K, committed 6784K, reserved 1056768K
  class space    used 512K, capacity 552K, committed 640K, reserved 1048576K
}
Event: 12.257 GC heap before
{Heap before GC invocations=9 (full 0):
 PSYoungGen      total 9728K, used 8996K [0x00000000eac00000, 0x00000000eb700000, 0x0000000100000000)
  eden space 8192K, 100% used [0x00000000eac00000,0x00000000eb400000,0x00000000eb400000)
  from space 1536K, 52% used [0x00000000eb580000,0x00000000eb649280,0x00000000eb700000)
  to   space 1536K, 0% used [0x00000000eb400000,0x00000000eb400000,0x00000000eb580000)
 ParOldGen       total 64000K, used 1487K [0x00000000c0400000, 0x00000000c4280000, 0x00000000eac00000)
  object space 64000K, 2% used [0x00000000c0400000,0x00000000c0573dc0,0x00000000c4280000)
 Metaspace       used 6134K, capacity 7150K, committed 7296K, reserved 1056768K
  class space    used 574K, capacity 584K, committed 640K, reserved 1048576K
Event: 12.260 GC heap after
Heap after GC invocations=9 (full 0):
 PSYoungGen      total 9728K, used 1508K [0x00000000eac00000, 0x00000000eb800000, 0x0000000100000000)
  eden space 8192K, 0% used [0x00000000eac00000,0x00000000eac00000,0x00000000eb400000)
  from space 1536K, 98% used [0x00000000eb400000,0x00000000eb579190,0x00000000eb580000)
  to   space 2048K, 0% used [0x00000000eb600000,0x00000000eb600000,0x00000000eb800000)
 ParOldGen       total 64000K, used 1800K [0x00000000c0400000, 0x00000000c4280000, 0x00000000eac00000)
  object space 64000K, 2% used [0x00000000c0400000,0x00000000c05c2100,0x00000000c4280000)
 Metaspace       used 6134K, capacity 7150K, committed 7296K, reserved 1056768K
  class space    used 574K, capacity 584K, committed 640K, reserved 1048576K
}

Deoptimization events (10 events):
Event: 5.139 Thread 0x0000000016898000 Uncommon trap: reason=class_check action=maybe_recompile pc=0x0000000002a407c8 method=com.badlogic.gdx.graphics.glutils.VertexArray.bind()V @ 124
Event: 5.139 Thread 0x0000000016898000 Uncommon trap: reason=class_check action=maybe_recompile pc=0x0000000002a407c8 method=com.badlogic.gdx.graphics.glutils.VertexArray.bind()V @ 124
Event: 6.038 Thread 0x0000000016898000 Uncommon trap: reason=class_check action=maybe_recompile pc=0x0000000002a5e784 method=com.badlogic.gdx.graphics.g2d.SpriteBatch.begin()V @ 26
Event: 6.039 Thread 0x0000000016898000 Uncommon trap: reason=class_check action=maybe_recompile pc=0x0000000002a5e784 method=com.badlogic.gdx.graphics.g2d.SpriteBatch.begin()V @ 26
Event: 6.039 Thread 0x0000000016898000 Uncommon trap: reason=class_check action=maybe_recompile pc=0x0000000002a5e784 method=com.badlogic.gdx.graphics.g2d.SpriteBatch.begin()V @ 26
Event: 6.039 Thread 0x0000000016898000 Uncommon trap: reason=class_check action=maybe_recompile pc=0x0000000002a5e784 method=com.badlogic.gdx.graphics.g2d.SpriteBatch.begin()V @ 26
Event: 6.105 Thread 0x0000000016898000 Uncommon trap: reason=class_check action=maybe_recompile pc=0x0000000002a62ba8 method=com.badlogic.gdx.graphics.g2d.SpriteBatch.setupMatrices()V @ 19
Event: 6.105 Thread 0x0000000016898000 Uncommon trap: reason=class_check action=maybe_recompile pc=0x0000000002a62ba8 method=com.badlogic.gdx.graphics.g2d.SpriteBatch.setupMatrices()V @ 19
Event: 6.105 Thread 0x0000000016898000 Uncommon trap: reason=class_check action=maybe_recompile pc=0x0000000002a62ba8 method=com.badlogic.gdx.graphics.g2d.SpriteBatch.setupMatrices()V @ 19
Event: 6.105 Thread 0x0000000016898000 Uncommon trap: reason=class_check action=maybe_recompile pc=0x0000000002a62ba8 method=com.badlogic.gdx.graphics.g2d.SpriteBatch.setupMatrices()V @ 19

Internal exceptions (10 events):
Event: 4.015 Thread 0x0000000016898000 Exception <a 'java/security/PrivilegedActionException'> (0x00000000eaf2c730) thrown at [D:\re\workspace\8-2-build-windows-amd64-cygwin\jdk8\2238\hotspot\src\share\vm\prims\jvm.cpp, line 1248]
Event: 4.016 Thread 0x0000000016898000 Exception <a 'java/security/PrivilegedActionException'> (0x00000000eaf31030) thrown at [D:\re\workspace\8-2-build-windows-amd64-cygwin\jdk8\2238\hotspot\src\share\vm\prims\jvm.cpp, line 1248]
Event: 4.017 Thread 0x0000000016898000 Exception <a 'java/security/PrivilegedActionException'> (0x00000000eaf33b90) thrown at [D:\re\workspace\8-2-build-windows-amd64-cygwin\jdk8\2238\hotspot\src\share\vm\prims\jvm.cpp, line 1248]
Event: 4.018 Thread 0x0000000016898000 Exception <a 'java/security/PrivilegedActionException'> (0x00000000eaf381e8) thrown at [D:\re\workspace\8-2-build-windows-amd64-cygwin\jdk8\2238\hotspot\src\share\vm\prims\jvm.cpp, line 1248]
Event: 4.019 Thread 0x0000000016898000 Exception <a 'java/security/PrivilegedActionException'> (0x00000000eaf3d600) thrown at [D:\re\workspace\8-2-build-windows-amd64-cygwin\jdk8\2238\hotspot\src\share\vm\prims\jvm.cpp, line 1248]
Event: 4.045 Thread 0x0000000016898000 Exception <a 'java/security/PrivilegedActionException'> (0x00000000eaf9e3e0) thrown at [D:\re\workspace\8-2-build-windows-amd64-cygwin\jdk8\2238\hotspot\src\share\vm\prims\jvm.cpp, line 1248]
Event: 4.045 Thread 0x0000000016898000 Exception <a 'java/security/PrivilegedActionException'> (0x00000000eafa1b80) thrown at [D:\re\workspace\8-2-build-windows-amd64-cygwin\jdk8\2238\hotspot\src\share\vm\prims\jvm.cpp, line 1248]
Event: 4.046 Thread 0x0000000016898000 Exception <a 'java/security/PrivilegedActionException'> (0x00000000eafa4b68) thrown at [D:\re\workspace\8-2-build-windows-amd64-cygwin\jdk8\2238\hotspot\src\share\vm\prims\jvm.cpp, line 1248]
Event: 4.047 Thread 0x0000000016898000 Exception <a 'java/security/PrivilegedActionException'> (0x00000000eafa9458) thrown at [D:\re\workspace\8-2-build-windows-amd64-cygwin\jdk8\2238\hotspot\src\share\vm\prims\jvm.cpp, line 1248]
Event: 4.048 Thread 0x0000000016898000 Exception <a 'java/security/PrivilegedActionException'> (0x00000000eafadfb8) thrown at [D:\re\workspace\8-2-build-windows-amd64-cygwin\jdk8\2238\hotspot\src\share\vm\prims\jvm.cpp, line 1248]

Events (10 events):
Event: 6.105 Thread 0x0000000016898000 Uncommon trap: trap_request=0xffffffde fr.pc=0x0000000002a62ba8
Event: 6.105 Thread 0x0000000016898000 DEOPT PACKING pc=0x0000000002a62ba8 sp=0x000000001768ed90
Event: 6.105 Thread 0x0000000016898000 DEOPT UNPACKING pc=0x00000000027955af sp=0x000000001768ed08 mode 2
Event: 6.105 Thread 0x0000000016898000 Uncommon trap: trap_request=0xffffffde fr.pc=0x0000000002a62ba8
Event: 6.105 Thread 0x0000000016898000 DEOPT PACKING pc=0x0000000002a62ba8 sp=0x000000001768ed90
Event: 6.105 Thread 0x0000000016898000 DEOPT UNPACKING pc=0x00000000027955af sp=0x000000001768ed08 mode 2
Event: 7.038 Thread 0x0000000016898000 DEOPT PACKING pc=0x0000000002a3728c sp=0x000000001768ec10
Event: 7.038 Thread 0x0000000016898000 DEOPT UNPACKING pc=0x0000000002797604 sp=0x000000001768e8a0 mode 0
Event: 12.257 Executing VM operation: ParallelGCFailedAllocation
Event: 12.260 Executing VM operation: ParallelGCFailedAllocation done


Dynamic libraries:
0x00007ff6e2560000 - 0x00007ff6e2594000 	C:\Program Files\Java\jre8\bin\javaw.exe
0x00007ffd31600000 - 0x00007ffd317aa000 	C:\Windows\SYSTEM32\ntdll.dll
0x00007ffd2f3d0000 - 0x00007ffd2f50a000 	C:\Windows\system32\KERNEL32.DLL
0x00007ffd2ea90000 - 0x00007ffd2eb9f000 	C:\Windows\system32\KERNELBASE.dll
0x00007ffd2d5a0000 - 0x00007ffd2d628000 	C:\Windows\system32\apphelp.dll
0x00007ffd24870000 - 0x00007ffd248bf000 	C:\Windows\AppPatch\AppPatch64\AcGenral.DLL
0x00007ffd2fb70000 - 0x00007ffd2fc17000 	C:\Windows\system32\msvcrt.dll
0x00007ffd2e7b0000 - 0x00007ffd2e7db000 	C:\Windows\SYSTEM32\SspiCli.dll
0x00007ffd312b0000 - 0x00007ffd31301000 	C:\Windows\system32\SHLWAPI.dll
0x00007ffd2f9f0000 - 0x00007ffd2fb61000 	C:\Windows\system32\USER32.dll
0x00007ffd2f520000 - 0x00007ffd2f698000 	C:\Windows\system32\ole32.dll
0x00007ffd2fc20000 - 0x00007ffd31037000 	C:\Windows\system32\SHELL32.dll
0x00007ffd2df80000 - 0x00007ffd2df9e000 	C:\Windows\SYSTEM32\USERENV.dll
0x00007ffd31140000 - 0x00007ffd311e5000 	C:\Windows\system32\ADVAPI32.dll
0x00007ffd25330000 - 0x00007ffd2534b000 	C:\Windows\SYSTEM32\MPR.dll
0x00007ffd31310000 - 0x00007ffd31446000 	C:\Windows\system32\RPCRT4.dll
0x00007ffd2f950000 - 0x00007ffd2f9a7000 	C:\Windows\SYSTEM32\sechost.dll
0x00007ffd2f770000 - 0x00007ffd2f946000 	C:\Windows\SYSTEM32\combase.dll
0x00007ffd2ee90000 - 0x00007ffd2efd5000 	C:\Windows\system32\GDI32.dll
0x00007ffd2e970000 - 0x00007ffd2e984000 	C:\Windows\SYSTEM32\profapi.dll
0x00007ffd2ca60000 - 0x00007ffd2caff000 	C:\Windows\SYSTEM32\SHCORE.dll
0x00007ffd2f9b0000 - 0x00007ffd2f9e4000 	C:\Windows\system32\IMM32.DLL
0x00007ffd2f090000 - 0x00007ffd2f1c9000 	C:\Windows\system32\MSCTF.dll
0x00007ffd2c630000 - 0x00007ffd2c88a000 	C:\Windows\WinSxS\amd64_microsoft.windows.common-controls_6595b64144ccf1df_6.0.9600.17031_none_6242a4b3ecbb55a1\COMCTL32.dll
0x0000000055fe0000 - 0x00000000560b2000 	C:\Program Files\Java\jre8\bin\msvcr100.dll
0x00000000557b0000 - 0x0000000055fda000 	C:\Program Files\Java\jre8\bin\server\jvm.dll
0x00007ffd2a7d0000 - 0x00007ffd2a7d9000 	C:\Windows\SYSTEM32\WSOCK32.dll
0x00007ffd2b420000 - 0x00007ffd2b43f000 	C:\Windows\SYSTEM32\WINMM.dll
0x00007ffd2f510000 - 0x00007ffd2f517000 	C:\Windows\system32\PSAPI.DLL
0x00007ffd31250000 - 0x00007ffd312a8000 	C:\Windows\system32\WS2_32.dll
0x00007ffd2aef0000 - 0x00007ffd2af1a000 	C:\Windows\SYSTEM32\WINMMBASE.dll
0x00007ffd2f6a0000 - 0x00007ffd2f6a9000 	C:\Windows\system32\NSI.dll
0x00007ffd2ee30000 - 0x00007ffd2ee7a000 	C:\Windows\SYSTEM32\cfgmgr32.dll
0x00007ffd2d7f0000 - 0x00007ffd2d816000 	C:\Windows\SYSTEM32\DEVOBJ.dll
0x00000000557a0000 - 0x00000000557af000 	C:\Program Files\Java\jre8\bin\verify.dll
0x0000000055770000 - 0x0000000055798000 	C:\Program Files\Java\jre8\bin\java.dll
0x0000000055750000 - 0x0000000055766000 	C:\Program Files\Java\jre8\bin\zip.dll
0x0000000065580000 - 0x0000000065610000 	C:\Users\Tobias\AppData\Local\Temp\libgdxTobias\5498721d\gdx64.dll
0x0000000180000000 - 0x0000000180050000 	C:\Users\Tobias\AppData\Local\Temp\libgdxTobias\4c88a7c1\lwjgl64.dll
0x00007ffd203b0000 - 0x00007ffd204d1000 	C:\Windows\SYSTEM32\OPENGL32.dll
0x00007ffd2c450000 - 0x00007ffd2c45a000 	C:\Windows\SYSTEM32\VERSION.dll
0x00007ffd24e90000 - 0x00007ffd24ebc000 	C:\Windows\SYSTEM32\GLU32.dll
0x00007ffd20090000 - 0x00007ffd20184000 	C:\Windows\SYSTEM32\DDRAW.dll
0x00007ffd2a240000 - 0x00007ffd2a249000 	C:\Windows\SYSTEM32\DCIMAN32.dll
0x0000000016cd0000 - 0x0000000016d34000 	C:\Users\Tobias\AppData\Local\Temp\libgdxTobias\4c88a7c1\OpenAL64.dll
0x00007ffd2d860000 - 0x00007ffd2d86a000 	C:\Windows\SYSTEM32\kernel.appcore.dll
0x00007ffd2e840000 - 0x00007ffd2e84a000 	C:\Windows\SYSTEM32\CRYPTBASE.dll
0x00007ffd2e7e0000 - 0x00007ffd2e840000 	C:\Windows\SYSTEM32\bcryptPrimitives.dll
0x00007ffd2d670000 - 0x00007ffd2d791000 	C:\Windows\system32\uxtheme.dll
0x00007ffd2efe0000 - 0x00007ffd2f084000 	C:\Windows\SYSTEM32\clbcatq.dll
0x00007ffd100f0000 - 0x00007ffd10177000 	C:\Windows\SYSTEM32\dsound.dll
0x00007ffd2e910000 - 0x00007ffd2e955000 	C:\Windows\SYSTEM32\POWRPROF.dll
0x00007ffd2c200000 - 0x00007ffd2c262000 	C:\Windows\System32\MMDevApi.dll
0x00007ffd287b0000 - 0x00007ffd28826000 	C:\Windows\SYSTEM32\AUDIOSES.DLL
0x00007ffd2f6b0000 - 0x00007ffd2f767000 	C:\Windows\system32\OLEAUT32.dll
0x00007ffd2c890000 - 0x00007ffd2c8b0000 	C:\Windows\system32\dwmapi.dll
0x00007ffd24db0000 - 0x00007ffd24dc8000 	C:\Windows\SYSTEM32\atig6pxx.dll
0x0000000053d20000 - 0x00000000556c1000 	C:\Windows\SYSTEM32\atio6axx.dll
0x00007ffd2f1f0000 - 0x00007ffd2f3c4000 	C:\Windows\system32\SETUPAPI.dll
0x00007ffd19950000 - 0x00007ffd19a78000 	C:\Windows\SYSTEM32\atiadlxx.dll
0x00007ffd2a660000 - 0x00007ffd2a7c5000 	C:\Windows\SYSTEM32\PROPSYS.dll
0x00007ffd2a620000 - 0x00007ffd2a631000 	C:\Windows\SYSTEM32\WTSAPI32.dll
0x00007ffd2a0e0000 - 0x00007ffd2a109000 	C:\Windows\SYSTEM32\IPHLPAPI.DLL
0x00007ffd2a0c0000 - 0x00007ffd2a0ca000 	C:\Windows\SYSTEM32\WINNSI.DLL
0x00007ffd2ea40000 - 0x00007ffd2ea8c000 	C:\Windows\system32\WINTRUST.dll
0x00007ffd2ec50000 - 0x00007ffd2ee27000 	C:\Windows\system32\CRYPT32.dll
0x00007ffd2ea20000 - 0x00007ffd2ea32000 	C:\Windows\system32\MSASN1.dll
0x00007ffd2c460000 - 0x00007ffd2c5a4000 	C:\Windows\SYSTEM32\aticfx64.dll
0x00007ffd24d90000 - 0x00007ffd24dae000 	C:\Windows\SYSTEM32\atig6txx.dll
0x00007ffd07de0000 - 0x00007ffd07e6d000 	C:\Windows\SYSTEM32\mscms.dll
0x00007ffd24820000 - 0x00007ffd24861000 	C:\Windows\SYSTEM32\icm32.dll
0x00007ffd1e050000 - 0x00007ffd1e1d8000 	C:\Windows\SYSTEM32\dbghelp.dll

VM Arguments:
jvm_args: -Dfile.encoding=Cp1252 
java_command: com.bj.pigport.main.PigPortDesktop
java_class_path (initial): C:\Users\Tobias\Dropbox\BJ Games\2nd Game - PigPort\SourceCodeV2\workspace\PigPort\bin;C:\Users\Tobias\Dropbox\BJ Games\2nd Game - PigPort\SourceCodeV2\workspace\PigPort\libs\gdx-backend-lwjgl.jar;C:\Users\Tobias\Dropbox\BJ Games\2nd Game - PigPort\SourceCodeV2\workspace\PigPort\libs\gdx-natives.jar;C:\Users\Tobias\Dropbox\BJ Games\2nd Game - PigPort\SourceCodeV2\workspace\PigPort\libs\gdx.jar;C:\Users\Tobias\Dropbox\BJ Games\2nd Game - PigPort\SourceCodeV2\workspace\PigPort\libs\gdx-backend-lwjgl-natives.jar
Launcher Type: SUN_STANDARD

Environment Variables:
PATH=C:\Windows\system32;C:\Windows;C:\Windows\System32\Wbem;C:\Windows\System32\WindowsPowerShell\v1.0\;C:\Program Files (x86)\ATI Technologies\ATI.ACE\Core-Static
USERNAME=Tobias
OS=Windows_NT
PROCESSOR_IDENTIFIER=Intel64 Family 6 Model 42 Stepping 7, GenuineIntel



---------------  S Y S T E M  ---------------

OS: Windows 8.1 , 64 bit Build 9600 

CPU:total 4 (2 cores per cpu, 2 threads per core) family 6 model 42 stepping 7, cmov, cx8, fxsr, mmx, sse, sse2, sse3, ssse3, sse4.1, sse4.2, popcnt, avx, clmul, ht, tsc, tscinvbit

Memory: 4k page, physical 4169860k(1462388k free), swap 5480580k(1769200k free)

vm_info: Java HotSpot(TM) 64-Bit Server VM (25.0-b70) for windows-amd64 JRE (1.8.0-b132), built on Mar  4 2014 03:46:18 by "java_re" with MS VC++ 10.0 (VS2010)

time: Mon May 12 13:46:01 2014
elapsed time: 12 seconds

