#
# A fatal error has been detected by the Java Runtime Environment:
#
#  EXCEPTION_ACCESS_VIOLATION (0xc0000005) at pc=0x000000006558b3ed, pid=4184, tid=2816
#
# JRE version: Java(TM) SE Runtime Environment (8.0-b132) (build 1.8.0-b132)
# Java VM: Java HotSpot(TM) 64-Bit Server VM (25.0-b70 mixed mode windows-amd64 compressed oops)
# Problematic frame:
# C  [gdx64.dll+0xb3ed]
#
# Failed to write core dump. Minidumps are not enabled by default on client versions of Windows
#
# If you would like to submit a bug report, please visit:
#   http://bugreport.sun.com/bugreport/crash.jsp
# The crash happened outside the Java Virtual Machine in native code.
# See problematic frame for where to report the bug.
#

---------------  T H R E A D  ---------------

Current thread (0x0000000016202000):  JavaThread "LWJGL Application" [_thread_in_native, id=2816, stack(0x0000000016df0000,0x0000000016ef0000)]

siginfo: ExceptionCode=0xc0000005, reading address 0x0000002600000002

Registers:
RAX=0x0000000000000008, RBX=0x00000000193736b0, RCX=0x0000002600000002, RDX=0x00000000000000b8
RSP=0x0000000016eee7d0, RBP=0x0000000016eee9a0, RSI=0x0000000000000006, RDI=0x0000000000000001
R8 =0x00000000193736b0, R9 =0x0000000000000000, R10=0x0000000000000001, R11=0x0000000000000001
R12=0x0000000000000000, R13=0x00000000142c1d30, R14=0x0000000016eeeb18, R15=0x0000000016202000
RIP=0x000000006558b3ed, EFLAGS=0x0000000000010202

Top of Stack: (sp=0x0000000016eee7d0)
0x0000000016eee7d0:   0000000016eeea78 000000000248e064
0x0000000016eee7e0:   00000000eafbfda8 00000000c0435a40
0x0000000016eee7f0:   00000000193736b0 0000000016eee880
0x0000000016eee800:   0000000000000001 0000000016eee9a0
0x0000000016eee810:   0000000000000000 00000000655a1d53
0x0000000016eee820:   0000000016eeeae8 000000000248e064
0x0000000016eee830:   00000000eafbfdd8 00000000c0435b28
0x0000000016eee840:   0000000000000002 0000000000000001
0x0000000016eee850:   0000000000000001 00000000655aa428
0x0000000016eee860:   0000000016eeeae8 000000000241dd1c
0x0000000016eee870:   0000000000000008 00000000c0435a20
0x0000000016eee880:   41908f5c00000002 000000004147d70a
0x0000000016eee890:   0000000000000000 0000000000000000
0x0000000016eee8a0:   0000010100000000 000000000e000001
0x0000000016eee8b0:   0000000000000000 000000003f800000
0x0000000016eee8c0:   00000000c0712850 0000000002363364 

Instructions: (pc=0x000000006558b3ed)
0x000000006558b3cd:   8f ec 05 00 48 63 f6 0f b6 34 30 83 fe 0d 77 25
0x000000006558b3dd:   48 63 f6 48 8d 46 02 48 8b 0c c3 48 85 c9 74 3e
0x000000006558b3ed:   48 8b 11 48 89 14 c3 48 89 c8 48 83 c4 20 5b 5e
0x000000006558b3fd:   5f 5d 41 5c c3 48 8d 0d af 06 05 00 48 8d 15 40 


Register to memory mapping:

RAX=0x0000000000000008 is an unknown value
RBX=0x00000000193736b0 is an unknown value
RCX=0x0000002600000002 is an unknown value
RDX=0x00000000000000b8 is an unknown value
RSP=0x0000000016eee7d0 is pointing into the stack for thread: 0x0000000016202000
RBP=0x0000000016eee9a0 is pointing into the stack for thread: 0x0000000016202000
RSI=0x0000000000000006 is an unknown value
RDI=0x0000000000000001 is an unknown value
R8 =0x00000000193736b0 is an unknown value
R9 =0x0000000000000000 is an unknown value
R10=0x0000000000000001 is an unknown value
R11=0x0000000000000001 is an unknown value
R12=0x0000000000000000 is an unknown value
R13=0x00000000142c1d30 is an unknown value
R14=0x0000000016eeeb18 is pointing into the stack for thread: 0x0000000016202000
R15=0x0000000016202000 is a thread


Stack: [0x0000000016df0000,0x0000000016ef0000],  sp=0x0000000016eee7d0,  free space=1017k
Native frames: (J=compiled Java code, j=interpreted, Vv=VM code, C=native code)
C  [gdx64.dll+0xb3ed]
C  [gdx64.dll+0x21d53]
C  [gdx64.dll+0x2a428]
C  0x0000000002363364

Java frames: (J=compiled Java code, j=interpreted, Vv=VM code)
J 1015  com.badlogic.gdx.physics.box2d.World.jniCreateBody(JIFFFFFFFFZZZZZF)J (0 bytes) @ 0x00000000023632e6 [0x0000000002363240+0xa6]
J 1014 C1 com.badlogic.gdx.physics.box2d.World.createBody(Lcom/badlogic/gdx/physics/box2d/BodyDef;)Lcom/badlogic/gdx/physics/box2d/Body; (120 bytes) @ 0x0000000002362874 [0x00000000023626e0+0x194]
j  com.bj.pigport.states.Play.createFireArrow()V+52
J 1277 C2 com.bj.pigport.states.Play.handleInput()V (2224 bytes) @ 0x000000000252e3cc [0x000000000252a000+0x43cc]
J 1233 C2 com.bj.pigport.states.Play.update(F)V (1423 bytes) @ 0x00000000024cf2cc [0x00000000024ce940+0x98c]
J 1007 C1 com.bj.pigport.main.Game.render()V (58 bytes) @ 0x000000000235fc4c [0x000000000235efe0+0xc6c]
j  com.badlogic.gdx.backends.lwjgl.LwjglApplication.mainLoop()V+642
j  com.badlogic.gdx.backends.lwjgl.LwjglApplication$1.run()V+27
v  ~StubRoutines::call_stub

---------------  P R O C E S S  ---------------

Java Threads: ( => current thread )
  0x0000000019494000 JavaThread "LWJGL Timer" daemon [_thread_blocked, id=4860, stack(0x000000001bca0000,0x000000001bda0000)]
  0x0000000001e50800 JavaThread "DestroyJavaVM" [_thread_blocked, id=4384, stack(0x0000000001d50000,0x0000000001e50000)]
=>0x0000000016202000 JavaThread "LWJGL Application" [_thread_in_native, id=2816, stack(0x0000000016df0000,0x0000000016ef0000)]
  0x0000000014642000 JavaThread "Service Thread" daemon [_thread_blocked, id=4832, stack(0x0000000015e70000,0x0000000015f70000)]
  0x000000001463b000 JavaThread "C1 CompilerThread2" daemon [_thread_blocked, id=4888, stack(0x0000000015d70000,0x0000000015e70000)]
  0x0000000014638800 JavaThread "C2 CompilerThread1" daemon [_thread_blocked, id=1204, stack(0x0000000015c70000,0x0000000015d70000)]
  0x00000000145e9800 JavaThread "C2 CompilerThread0" daemon [_thread_blocked, id=4500, stack(0x0000000015b70000,0x0000000015c70000)]
  0x00000000145e8000 JavaThread "Attach Listener" daemon [_thread_blocked, id=4908, stack(0x0000000015a70000,0x0000000015b70000)]
  0x00000000145f3000 JavaThread "Signal Dispatcher" daemon [_thread_blocked, id=4820, stack(0x0000000015970000,0x0000000015a70000)]
  0x0000000001f41000 JavaThread "Finalizer" daemon [_thread_blocked, id=2536, stack(0x0000000015870000,0x0000000015970000)]
  0x0000000001f38000 JavaThread "Reference Handler" daemon [_thread_blocked, id=2720, stack(0x0000000015770000,0x0000000015870000)]

Other Threads:
  0x00000000145b6000 VMThread [stack: 0x0000000015670000,0x0000000015770000] [id=2744]
  0x0000000014643800 WatcherThread [stack: 0x0000000015f70000,0x0000000016070000] [id=4816]

VM state:not at safepoint (normal execution)

VM Mutex/Monitor currently owned by a thread: None

Heap:
 PSYoungGen      total 11776K, used 4210K [0x00000000eac00000, 0x00000000eb900000, 0x0000000100000000)
  eden space 10240K, 39% used [0x00000000eac00000,0x00000000eafec9f8,0x00000000eb600000)
  from space 1536K, 12% used [0x00000000eb780000,0x00000000eb7b0000,0x00000000eb900000)
  to   space 1536K, 0% used [0x00000000eb600000,0x00000000eb600000,0x00000000eb780000)
 ParOldGen       total 64000K, used 4039K [0x00000000c0400000, 0x00000000c4280000, 0x00000000eac00000)
  object space 64000K, 6% used [0x00000000c0400000,0x00000000c07f1df0,0x00000000c4280000)
 Metaspace       used 6246K, capacity 7246K, committed 7296K, reserved 1056768K
  class space    used 580K, capacity 616K, committed 640K, reserved 1048576K

Card table byte_map: [0x0000000011310000,0x0000000011510000] byte_map_base: 0x0000000010d0e000

Marking Bits: (ParMarkBitMap*) 0x00000000569813b0
 Begin Bits: [0x0000000011a70000, 0x0000000012a60000)
 End Bits:   [0x0000000012a60000, 0x0000000013a50000)

Polling page: 0x0000000000350000

CodeCache: size=245760Kb used=5982Kb max_used=5997Kb free=239777Kb
 bounds [0x0000000001f50000, 0x0000000002540000, 0x0000000010f50000]
 total_blobs=1720 nmethods=1290 adapters=344
 compilation: enabled

Compilation events (10 events):
Event: 94.393 Thread 0x00000000145e9800 nmethod 1284 0x0000000002505ed0 code [0x0000000002506080, 0x00000000025066d8]
Event: 94.404 Thread 0x0000000014638800 1285       4       org.lwjgl.opengl.DrawableGL::swapBuffers (4 bytes)
Event: 94.413 Thread 0x0000000014638800 nmethod 1285 0x000000000251b710 code [0x000000000251b8a0, 0x000000000251c328]
Event: 94.419 Thread 0x00000000145e9800 1286   !   4       org.lwjgl.opengl.Display::isActive (38 bytes)
Event: 94.419 Thread 0x0000000014638800 1287       4       com.badlogic.gdx.utils.Array::addAll (72 bytes)
Event: 94.421 Thread 0x00000000145e9800 nmethod 1286 0x00000000024c6850 code [0x00000000024c69a0, 0x00000000024c6c18]
Event: 94.421 Thread 0x00000000145e9800 1288       4       com.badlogic.gdx.backends.lwjgl.LwjglInput::updateMouse (295 bytes)
Event: 94.424 Thread 0x0000000014638800 nmethod 1287 0x00000000024f1b90 code [0x00000000024f1d00, 0x00000000024f1fe8]
Event: 94.452 Thread 0x00000000145e9800 nmethod 1288 0x0000000002523690 code [0x0000000002523940, 0x00000000025253a0]
Event: 95.386 Thread 0x000000001463b000 1289       3       com.bj.pigport.entities.B2DSprite::<init> (21 bytes)

GC Heap History (10 events):
Event: 40.065 GC heap before
{Heap before GC invocations=14 (full 0):
 PSYoungGen      total 11776K, used 10432K [0x00000000eac00000, 0x00000000eb900000, 0x0000000100000000)
  eden space 10240K, 100% used [0x00000000eac00000,0x00000000eb600000,0x00000000eb600000)
  from space 1536K, 12% used [0x00000000eb600000,0x00000000eb630000,0x00000000eb780000)
  to   space 1536K, 0% used [0x00000000eb780000,0x00000000eb780000,0x00000000eb900000)
 ParOldGen       total 64000K, used 3112K [0x00000000c0400000, 0x00000000c4280000, 0x00000000eac00000)
  object space 64000K, 4% used [0x00000000c0400000,0x00000000c070a128,0x00000000c4280000)
 Metaspace       used 6202K, capacity 7214K, committed 7296K, reserved 1056768K
  class space    used 579K, capacity 584K, committed 640K, reserved 1048576K
Event: 40.066 GC heap after
Heap after GC invocations=14 (full 0):
 PSYoungGen      total 11776K, used 160K [0x00000000eac00000, 0x00000000eb900000, 0x0000000100000000)
  eden space 10240K, 0% used [0x00000000eac00000,0x00000000eac00000,0x00000000eb600000)
  from space 1536K, 10% used [0x00000000eb780000,0x00000000eb7a8000,0x00000000eb900000)
  to   space 1536K, 0% used [0x00000000eb600000,0x00000000eb600000,0x00000000eb780000)
 ParOldGen       total 64000K, used 3112K [0x00000000c0400000, 0x00000000c4280000, 0x00000000eac00000)
  object space 64000K, 4% used [0x00000000c0400000,0x00000000c070a128,0x00000000c4280000)
 Metaspace       used 6202K, capacity 7214K, committed 7296K, reserved 1056768K
  class space    used 579K, capacity 584K, committed 640K, reserved 1048576K
}
Event: 48.616 GC heap before
{Heap before GC invocations=15 (full 0):
 PSYoungGen      total 11776K, used 10400K [0x00000000eac00000, 0x00000000eb900000, 0x0000000100000000)
  eden space 10240K, 100% used [0x00000000eac00000,0x00000000eb600000,0x00000000eb600000)
  from space 1536K, 10% used [0x00000000eb780000,0x00000000eb7a8000,0x00000000eb900000)
  to   space 1536K, 0% used [0x00000000eb600000,0x00000000eb600000,0x00000000eb780000)
 ParOldGen       total 64000K, used 3112K [0x00000000c0400000, 0x00000000c4280000, 0x00000000eac00000)
  object space 64000K, 4% used [0x00000000c0400000,0x00000000c070a128,0x00000000c4280000)
 Metaspace       used 6225K, capacity 7214K, committed 7296K, reserved 1056768K
  class space    used 579K, capacity 584K, committed 640K, reserved 1048576K
Event: 48.618 GC heap after
Heap after GC invocations=15 (full 0):
 PSYoungGen      total 11776K, used 1014K [0x00000000eac00000, 0x00000000eb900000, 0x0000000100000000)
  eden space 10240K, 0% used [0x00000000eac00000,0x00000000eac00000,0x00000000eb600000)
  from space 1536K, 66% used [0x00000000eb600000,0x00000000eb6fdbe8,0x00000000eb780000)
  to   space 1536K, 0% used [0x00000000eb780000,0x00000000eb780000,0x00000000eb900000)
 ParOldGen       total 64000K, used 3136K [0x00000000c0400000, 0x00000000c4280000, 0x00000000eac00000)
  object space 64000K, 4% used [0x00000000c0400000,0x00000000c0710128,0x00000000c4280000)
 Metaspace       used 6225K, capacity 7214K, committed 7296K, reserved 1056768K
  class space    used 579K, capacity 584K, committed 640K, reserved 1048576K
}
Event: 58.084 GC heap before
{Heap before GC invocations=16 (full 0):
 PSYoungGen      total 11776K, used 11254K [0x00000000eac00000, 0x00000000eb900000, 0x0000000100000000)
  eden space 10240K, 100% used [0x00000000eac00000,0x00000000eb600000,0x00000000eb600000)
  from space 1536K, 66% used [0x00000000eb600000,0x00000000eb6fdbe8,0x00000000eb780000)
  to   space 1536K, 0% used [0x00000000eb780000,0x00000000eb780000,0x00000000eb900000)
 ParOldGen       total 64000K, used 3136K [0x00000000c0400000, 0x00000000c4280000, 0x00000000eac00000)
  object space 64000K, 4% used [0x00000000c0400000,0x00000000c0710128,0x00000000c4280000)
 Metaspace       used 6234K, capacity 7214K, committed 7296K, reserved 1056768K
  class space    used 579K, capacity 584K, committed 640K, reserved 1048576K
Event: 58.085 GC heap after
Heap after GC invocations=16 (full 0):
 PSYoungGen      total 11776K, used 192K [0x00000000eac00000, 0x00000000eb900000, 0x0000000100000000)
  eden space 10240K, 0% used [0x00000000eac00000,0x00000000eac00000,0x00000000eb600000)
  from space 1536K, 12% used [0x00000000eb780000,0x00000000eb7b0000,0x00000000eb900000)
  to   space 1536K, 0% used [0x00000000eb600000,0x00000000eb600000,0x00000000eb780000)
 ParOldGen       total 64000K, used 3991K [0x00000000c0400000, 0x00000000c4280000, 0x00000000eac00000)
  object space 64000K, 6% used [0x00000000c0400000,0x00000000c07e5df0,0x00000000c4280000)
 Metaspace       used 6234K, capacity 7214K, committed 7296K, reserved 1056768K
  class space    used 579K, capacity 584K, committed 640K, reserved 1048576K
}
Event: 73.985 GC heap before
{Heap before GC invocations=17 (full 0):
 PSYoungGen      total 11776K, used 10432K [0x00000000eac00000, 0x00000000eb900000, 0x0000000100000000)
  eden space 10240K, 100% used [0x00000000eac00000,0x00000000eb600000,0x00000000eb600000)
  from space 1536K, 12% used [0x00000000eb780000,0x00000000eb7b0000,0x00000000eb900000)
  to   space 1536K, 0% used [0x00000000eb600000,0x00000000eb600000,0x00000000eb780000)
 ParOldGen       total 64000K, used 3991K [0x00000000c0400000, 0x00000000c4280000, 0x00000000eac00000)
  object space 64000K, 6% used [0x00000000c0400000,0x00000000c07e5df0,0x00000000c4280000)
 Metaspace       used 6245K, capacity 7246K, committed 7296K, reserved 1056768K
  class space    used 580K, capacity 616K, committed 640K, reserved 1048576K
Event: 73.986 GC heap after
Heap after GC invocations=17 (full 0):
 PSYoungGen      total 11776K, used 192K [0x00000000eac00000, 0x00000000eb900000, 0x0000000100000000)
  eden space 10240K, 0% used [0x00000000eac00000,0x00000000eac00000,0x00000000eb600000)
  from space 1536K, 12% used [0x00000000eb600000,0x00000000eb630000,0x00000000eb780000)
  to   space 1536K, 0% used [0x00000000eb780000,0x00000000eb780000,0x00000000eb900000)
 ParOldGen       total 64000K, used 4015K [0x00000000c0400000, 0x00000000c4280000, 0x00000000eac00000)
  object space 64000K, 6% used [0x00000000c0400000,0x00000000c07ebdf0,0x00000000c4280000)
 Metaspace       used 6245K, capacity 7246K, committed 7296K, reserved 1056768K
  class space    used 580K, capacity 616K, committed 640K, reserved 1048576K
}
Event: 89.852 GC heap before
{Heap before GC invocations=18 (full 0):
 PSYoungGen      total 11776K, used 10432K [0x00000000eac00000, 0x00000000eb900000, 0x0000000100000000)
  eden space 10240K, 100% used [0x00000000eac00000,0x00000000eb600000,0x00000000eb600000)
  from space 1536K, 12% used [0x00000000eb600000,0x00000000eb630000,0x00000000eb780000)
  to   space 1536K, 0% used [0x00000000eb780000,0x00000000eb780000,0x00000000eb900000)
 ParOldGen       total 64000K, used 4015K [0x00000000c0400000, 0x00000000c4280000, 0x00000000eac00000)
  object space 64000K, 6% used [0x00000000c0400000,0x00000000c07ebdf0,0x00000000c4280000)
 Metaspace       used 6245K, capacity 7246K, committed 7296K, reserved 1056768K
  class space    used 580K, capacity 616K, committed 640K, reserved 1048576K
Event: 89.853 GC heap after
Heap after GC invocations=18 (full 0):
 PSYoungGen      total 11776K, used 192K [0x00000000eac00000, 0x00000000eb900000, 0x0000000100000000)
  eden space 10240K, 0% used [0x00000000eac00000,0x00000000eac00000,0x00000000eb600000)
  from space 1536K, 12% used [0x00000000eb780000,0x00000000eb7b0000,0x00000000eb900000)
  to   space 1536K, 0% used [0x00000000eb600000,0x00000000eb600000,0x00000000eb780000)
 ParOldGen       total 64000K, used 4039K [0x00000000c0400000, 0x00000000c4280000, 0x00000000eac00000)
  object space 64000K, 6% used [0x00000000c0400000,0x00000000c07f1df0,0x00000000c4280000)
 Metaspace       used 6245K, capacity 7246K, committed 7296K, reserved 1056768K
  class space    used 580K, capacity 616K, committed 640K, reserved 1048576K
}

Deoptimization events (10 events):
Event: 41.882 Thread 0x0000000016202000 Uncommon trap: reason=unreached action=reinterpret pc=0x00000000023ce1a0 method=com.bj.pigport.handlers.MyContactListener.beginContact(Lcom/badlogic/gdx/physics/box2d/Contact;)V @ 37
Event: 48.816 Thread 0x0000000016202000 Uncommon trap: reason=class_check action=maybe_recompile pc=0x0000000002426618 method=com.badlogic.gdx.graphics.glutils.ImmediateModeRenderer10.begin(Lcom/badlogic/gdx/math/Matrix4;I)V @ 8
Event: 48.817 Thread 0x0000000016202000 Uncommon trap: reason=class_check action=maybe_recompile pc=0x0000000002426618 method=com.badlogic.gdx.graphics.glutils.ImmediateModeRenderer10.begin(Lcom/badlogic/gdx/math/Matrix4;I)V @ 8
Event: 48.833 Thread 0x0000000016202000 Uncommon trap: reason=class_check action=maybe_recompile pc=0x0000000002426618 method=com.badlogic.gdx.graphics.glutils.ImmediateModeRenderer10.begin(Lcom/badlogic/gdx/math/Matrix4;I)V @ 8
Event: 48.834 Thread 0x0000000016202000 Uncommon trap: reason=class_check action=maybe_recompile pc=0x0000000002426618 method=com.badlogic.gdx.graphics.glutils.ImmediateModeRenderer10.begin(Lcom/badlogic/gdx/math/Matrix4;I)V @ 8
Event: 51.433 Thread 0x0000000016202000 Uncommon trap: reason=unreached action=reinterpret pc=0x000000000238f6d0 method=com.bj.pigport.states.Play.render()V @ 679
Event: 51.449 Thread 0x0000000016202000 Uncommon trap: reason=unreached action=reinterpret pc=0x00000000023b8674 method=com.bj.pigport.states.Play.update(F)V @ 476
Event: 52.299 Thread 0x0000000016202000 Uncommon trap: reason=unreached action=reinterpret pc=0x00000000023a4dc0 method=com.bj.pigport.states.Play.update(F)V @ 476
Event: 62.450 Thread 0x0000000016202000 Uncommon trap: reason=unreached action=reinterpret pc=0x00000000024a895c method=com.bj.pigport.states.Play.render()V @ 578
Event: 79.885 Thread 0x0000000016202000 Uncommon trap: reason=intrinsic action=make_not_entrant pc=0x00000000024fbaa0 method=com.bj.pigport.states.Play.render()V @ 235

Internal exceptions (10 events):
Event: 3.849 Thread 0x0000000016202000 Exception <a 'java/security/PrivilegedActionException'> (0x00000000eac32990) thrown at [D:\re\workspace\8-2-build-windows-amd64-cygwin\jdk8\2238\hotspot\src\share\vm\prims\jvm.cpp, line 1248]
Event: 3.854 Thread 0x0000000016202000 Exception <a 'java/security/PrivilegedActionException'> (0x00000000eac37278) thrown at [D:\re\workspace\8-2-build-windows-amd64-cygwin\jdk8\2238\hotspot\src\share\vm\prims\jvm.cpp, line 1248]
Event: 3.855 Thread 0x0000000016202000 Exception <a 'java/security/PrivilegedActionException'> (0x00000000eac3bca0) thrown at [D:\re\workspace\8-2-build-windows-amd64-cygwin\jdk8\2238\hotspot\src\share\vm\prims\jvm.cpp, line 1248]
Event: 3.855 Thread 0x0000000016202000 Exception <a 'java/security/PrivilegedActionException'> (0x00000000eac40510) thrown at [D:\re\workspace\8-2-build-windows-amd64-cygwin\jdk8\2238\hotspot\src\share\vm\prims\jvm.cpp, line 1248]
Event: 3.857 Thread 0x0000000016202000 Exception <a 'java/security/PrivilegedActionException'> (0x00000000eac44db0) thrown at [D:\re\workspace\8-2-build-windows-amd64-cygwin\jdk8\2238\hotspot\src\share\vm\prims\jvm.cpp, line 1248]
Event: 4.396 Thread 0x0000000016202000 Exception <a 'java/security/PrivilegedActionException'> (0x00000000eacaf028) thrown at [D:\re\workspace\8-2-build-windows-amd64-cygwin\jdk8\2238\hotspot\src\share\vm\prims\jvm.cpp, line 1248]
Event: 4.397 Thread 0x0000000016202000 Exception <a 'java/security/PrivilegedActionException'> (0x00000000eacb9008) thrown at [D:\re\workspace\8-2-build-windows-amd64-cygwin\jdk8\2238\hotspot\src\share\vm\prims\jvm.cpp, line 1248]
Event: 4.699 Thread 0x0000000016202000 Implicit null exception at 0x0000000002227de0 to 0x000000000222afc1
Event: 51.449 Thread 0x0000000016202000 Implicit null exception at 0x00000000023b36bd to 0x00000000023b8655
Event: 52.299 Thread 0x0000000016202000 Implicit null exception at 0x00000000023a1c5b to 0x00000000023a4da9

Events (10 events):
Event: 63.300 Thread 0x0000000016202000 DEOPT UNPACKING pc=0x0000000001f97604 sp=0x0000000016eee918 mode 0
Event: 65.450 loading class java/nio/DirectByteBuffer$1
Event: 65.450 loading class java/nio/DirectByteBuffer$1 done
Event: 73.985 Executing VM operation: ParallelGCFailedAllocation
Event: 73.986 Executing VM operation: ParallelGCFailedAllocation done
Event: 79.885 Thread 0x0000000016202000 Uncommon trap: trap_request=0xffffffcc fr.pc=0x00000000024fbaa0
Event: 79.886 Thread 0x0000000016202000 DEOPT PACKING pc=0x00000000024fbaa0 sp=0x0000000016eeebf0
Event: 79.886 Thread 0x0000000016202000 DEOPT UNPACKING pc=0x0000000001f955af sp=0x0000000016eeebd0 mode 2
Event: 89.852 Executing VM operation: ParallelGCFailedAllocation
Event: 89.853 Executing VM operation: ParallelGCFailedAllocation done


Dynamic libraries:
0x00007ff76a900000 - 0x00007ff76a934000 	C:\Program Files\Java\jre8\bin\javaw.exe
0x00007ffa9a110000 - 0x00007ffa9a2ba000 	C:\Windows\SYSTEM32\ntdll.dll
0x00007ffa97990000 - 0x00007ffa97aca000 	C:\Windows\system32\KERNEL32.DLL
0x00007ffa977d0000 - 0x00007ffa978df000 	C:\Windows\system32\KERNELBASE.dll
0x00007ffa960b0000 - 0x00007ffa96138000 	C:\Windows\system32\apphelp.dll
0x00007ffa8f380000 - 0x00007ffa8f3cf000 	C:\Windows\AppPatch\AppPatch64\AcGenral.DLL
0x00007ffa97b10000 - 0x00007ffa97bb7000 	C:\Windows\system32\msvcrt.dll
0x00007ffa972c0000 - 0x00007ffa972eb000 	C:\Windows\SYSTEM32\SspiCli.dll
0x00007ffa97e30000 - 0x00007ffa97e81000 	C:\Windows\system32\SHLWAPI.dll
0x00007ffa999e0000 - 0x00007ffa99b51000 	C:\Windows\system32\USER32.dll
0x00007ffa99320000 - 0x00007ffa99498000 	C:\Windows\system32\ole32.dll
0x00007ffa97e90000 - 0x00007ffa992a6000 	C:\Windows\system32\SHELL32.dll
0x00007ffa96a90000 - 0x00007ffa96aae000 	C:\Windows\SYSTEM32\USERENV.dll
0x00007ffa99540000 - 0x00007ffa995e5000 	C:\Windows\system32\ADVAPI32.dll
0x00007ffa93020000 - 0x00007ffa9303b000 	C:\Windows\SYSTEM32\MPR.dll
0x00007ffa99fd0000 - 0x00007ffa9a106000 	C:\Windows\system32\RPCRT4.dll
0x00007ffa97bf0000 - 0x00007ffa97c47000 	C:\Windows\SYSTEM32\sechost.dll
0x00007ffa995f0000 - 0x00007ffa997c6000 	C:\Windows\SYSTEM32\combase.dll
0x00007ffa99e80000 - 0x00007ffa99fc5000 	C:\Windows\system32\GDI32.dll
0x00007ffa97480000 - 0x00007ffa97494000 	C:\Windows\SYSTEM32\profapi.dll
0x00007ffa95570000 - 0x00007ffa9560f000 	C:\Windows\SYSTEM32\SHCORE.dll
0x00007ffa97ad0000 - 0x00007ffa97b04000 	C:\Windows\system32\IMM32.DLL
0x00007ffa99d30000 - 0x00007ffa99e69000 	C:\Windows\system32\MSCTF.dll
0x00007ffa95140000 - 0x00007ffa9539a000 	C:\Windows\WinSxS\amd64_microsoft.windows.common-controls_6595b64144ccf1df_6.0.9600.17031_none_6242a4b3ecbb55a1\COMCTL32.dll
0x0000000056a00000 - 0x0000000056ad2000 	C:\Program Files\Java\jre8\bin\msvcr100.dll
0x00000000561d0000 - 0x00000000569fa000 	C:\Program Files\Java\jre8\bin\server\jvm.dll
0x00007ffa93060000 - 0x00007ffa93069000 	C:\Windows\SYSTEM32\WSOCK32.dll
0x00007ffa92ff0000 - 0x00007ffa9300f000 	C:\Windows\SYSTEM32\WINMM.dll
0x00007ffa99e70000 - 0x00007ffa99e77000 	C:\Windows\system32\PSAPI.DLL
0x00007ffa99cd0000 - 0x00007ffa99d28000 	C:\Windows\system32\WS2_32.dll
0x00007ffa92fc0000 - 0x00007ffa92fea000 	C:\Windows\SYSTEM32\WINMMBASE.dll
0x00007ffa99970000 - 0x00007ffa99979000 	C:\Windows\system32\NSI.dll
0x00007ffa97730000 - 0x00007ffa9777a000 	C:\Windows\SYSTEM32\cfgmgr32.dll
0x00007ffa96310000 - 0x00007ffa96336000 	C:\Windows\SYSTEM32\DEVOBJ.dll
0x00000000561c0000 - 0x00000000561cf000 	C:\Program Files\Java\jre8\bin\verify.dll
0x0000000056190000 - 0x00000000561b8000 	C:\Program Files\Java\jre8\bin\java.dll
0x0000000056170000 - 0x0000000056186000 	C:\Program Files\Java\jre8\bin\zip.dll
0x0000000065580000 - 0x0000000065610000 	C:\Users\Tobias\AppData\Local\Temp\libgdxTobias\5498721d\gdx64.dll
0x0000000180000000 - 0x0000000180050000 	C:\Users\Tobias\AppData\Local\Temp\libgdxTobias\4c88a7c1\lwjgl64.dll
0x00007ffa8ea70000 - 0x00007ffa8eb91000 	C:\Windows\SYSTEM32\OPENGL32.dll
0x00007ffa94e60000 - 0x00007ffa94e6a000 	C:\Windows\SYSTEM32\VERSION.dll
0x00007ffa8f230000 - 0x00007ffa8f25c000 	C:\Windows\SYSTEM32\GLU32.dll
0x00007ffa8eef0000 - 0x00007ffa8efe4000 	C:\Windows\SYSTEM32\DDRAW.dll
0x00007ffa8f350000 - 0x00007ffa8f359000 	C:\Windows\SYSTEM32\DCIMAN32.dll
0x0000000016470000 - 0x00000000164d4000 	C:\Users\Tobias\AppData\Local\Temp\libgdxTobias\4c88a7c1\OpenAL64.dll
0x00007ffa96140000 - 0x00007ffa9614a000 	C:\Windows\SYSTEM32\kernel.appcore.dll
0x00007ffa97350000 - 0x00007ffa9735a000 	C:\Windows\SYSTEM32\CRYPTBASE.dll
0x00007ffa972f0000 - 0x00007ffa97350000 	C:\Windows\SYSTEM32\bcryptPrimitives.dll
0x00007ffa96190000 - 0x00007ffa962b1000 	C:\Windows\system32\uxtheme.dll
0x00007ffa99c20000 - 0x00007ffa99cc4000 	C:\Windows\SYSTEM32\clbcatq.dll
0x00007ffa8ece0000 - 0x00007ffa8ed67000 	C:\Windows\SYSTEM32\dsound.dll
0x00007ffa97420000 - 0x00007ffa97465000 	C:\Windows\SYSTEM32\POWRPROF.dll
0x00007ffa93ea0000 - 0x00007ffa93f02000 	C:\Windows\System32\MMDevApi.dll
0x00007ffa93960000 - 0x00007ffa939d6000 	C:\Windows\SYSTEM32\AUDIOSES.DLL
0x00007ffa99b60000 - 0x00007ffa99c17000 	C:\Windows\system32\OLEAUT32.dll
0x00007ffa953a0000 - 0x00007ffa953c0000 	C:\Windows\system32\dwmapi.dll
0x00007ffa8ee20000 - 0x00007ffa8ee38000 	C:\Windows\SYSTEM32\atig6pxx.dll
0x0000000054690000 - 0x0000000056031000 	C:\Windows\SYSTEM32\atio6axx.dll
0x00007ffa97c50000 - 0x00007ffa97e24000 	C:\Windows\system32\SETUPAPI.dll
0x00007ffa7f1e0000 - 0x00007ffa7f308000 	C:\Windows\SYSTEM32\atiadlxx.dll
0x00007ffa925b0000 - 0x00007ffa92715000 	C:\Windows\SYSTEM32\PROPSYS.dll
0x00007ffa92570000 - 0x00007ffa92581000 	C:\Windows\SYSTEM32\WTSAPI32.dll
0x00007ffa92190000 - 0x00007ffa921b9000 	C:\Windows\SYSTEM32\IPHLPAPI.DLL
0x00007ffa92170000 - 0x00007ffa9217a000 	C:\Windows\SYSTEM32\WINNSI.DLL
0x00007ffa97780000 - 0x00007ffa977cc000 	C:\Windows\system32\WINTRUST.dll
0x00007ffa97550000 - 0x00007ffa97727000 	C:\Windows\system32\CRYPT32.dll
0x00007ffa97530000 - 0x00007ffa97542000 	C:\Windows\system32\MSASN1.dll
0x00007ffa94e70000 - 0x00007ffa94fb4000 	C:\Windows\SYSTEM32\aticfx64.dll
0x00007ffa8ede0000 - 0x00007ffa8edfe000 	C:\Windows\SYSTEM32\atig6txx.dll
0x00007ffa7f100000 - 0x00007ffa7f18d000 	C:\Windows\SYSTEM32\mscms.dll
0x00007ffa86c60000 - 0x00007ffa86ca1000 	C:\Windows\SYSTEM32\icm32.dll
0x00007ffa93370000 - 0x00007ffa934f8000 	C:\Windows\SYSTEM32\dbghelp.dll

VM Arguments:
jvm_args: -Dfile.encoding=Cp1252 
java_command: com.bj.pigport.main.PigPortDesktop
java_class_path (initial): C:\Users\Tobias\Dropbox\BJ Games\2nd Game - PigPort\SourceCodeV2\workspace\PigPort\bin;C:\Users\Tobias\Dropbox\BJ Games\2nd Game - PigPort\SourceCodeV2\workspace\PigPort\libs\gdx-backend-lwjgl.jar;C:\Users\Tobias\Dropbox\BJ Games\2nd Game - PigPort\SourceCodeV2\workspace\PigPort\libs\gdx-natives.jar;C:\Users\Tobias\Dropbox\BJ Games\2nd Game - PigPort\SourceCodeV2\workspace\PigPort\libs\gdx.jar;C:\Users\Tobias\Dropbox\BJ Games\2nd Game - PigPort\SourceCodeV2\workspace\PigPort\libs\gdx-backend-lwjgl-natives.jar
Launcher Type: SUN_STANDARD

Environment Variables:
PATH=C:\Windows\system32;C:\Windows;C:\Windows\System32\Wbem;C:\Windows\System32\WindowsPowerShell\v1.0\;C:\Program Files (x86)\ATI Technologies\ATI.ACE\Core-Static
USERNAME=Tobias
OS=Windows_NT
PROCESSOR_IDENTIFIER=Intel64 Family 6 Model 42 Stepping 7, GenuineIntel



---------------  S Y S T E M  ---------------

OS: Windows 8.1 , 64 bit Build 9600 

CPU:total 4 (2 cores per cpu, 2 threads per core) family 6 model 42 stepping 7, cmov, cx8, fxsr, mmx, sse, sse2, sse3, ssse3, sse4.1, sse4.2, popcnt, avx, clmul, ht, tsc, tscinvbit

Memory: 4k page, physical 4169860k(1931760k free), swap 5480580k(2544784k free)

vm_info: Java HotSpot(TM) 64-Bit Server VM (25.0-b70) for windows-amd64 JRE (1.8.0-b132), built on Mar  4 2014 03:46:18 by "java_re" with MS VC++ 10.0 (VS2010)

time: Thu May 15 16:26:06 2014
elapsed time: 95 seconds

