#
# A fatal error has been detected by the Java Runtime Environment:
#
#  EXCEPTION_ACCESS_VIOLATION (0xc0000005) at pc=0x000000006558b3ed, pid=5348, tid=2828
#
# JRE version: Java(TM) SE Runtime Environment (8.0-b132) (build 1.8.0-b132)
# Java VM: Java HotSpot(TM) 64-Bit Server VM (25.0-b70 mixed mode windows-amd64 compressed oops)
# Problematic frame:
# C  [gdx64.dll+0xb3ed]
#
# Failed to write core dump. Minidumps are not enabled by default on client versions of Windows
#
# If you would like to submit a bug report, please visit:
#   http://bugreport.sun.com/bugreport/crash.jsp
# The crash happened outside the Java Virtual Machine in native code.
# See problematic frame for where to report the bug.
#

---------------  T H R E A D  ---------------

Current thread (0x0000000016755800):  JavaThread "LWJGL Application" [_thread_in_native, id=2828, stack(0x0000000017520000,0x0000000017620000)]

siginfo: ExceptionCode=0xc0000005, reading address 0x0000002600000002

Registers:
RAX=0x0000000000000008, RBX=0x000000001ccac010, RCX=0x0000002600000002, RDX=0x00000000000000b8
RSP=0x000000001761f040, RBP=0x000000001761f210, RSI=0x0000000000000006, RDI=0x0000000000000001
R8 =0x000000001ccac010, R9 =0x0000000000000000, R10=0x0000000000000001, R11=0x0000000000000001
R12=0x0000000000000000, R13=0x00000000149a4a48, R14=0x000000001761f388, R15=0x0000000016755800
RIP=0x000000006558b3ed, EFLAGS=0x0000000000010202

Top of Stack: (sp=0x000000001761f040)
0x000000001761f040:   0000000000cc0360 000000001761f138
0x000000001761f050:   00000000eb23cd08 00000000c05263a8
0x000000001761f060:   000000001ccac010 000000001761f0f0
0x000000001761f070:   0000000000000001 000000001761f210
0x000000001761f080:   0000000000000000 00000000655a1d53
0x000000001761f090:   000000001761f358 00000000c05262a0
0x000000001761f0a0:   0000000016755800 00000000c05262a0
0x000000001761f0b0:   0000000000000002 0000000000000001
0x000000001761f0c0:   0000000000000001 00000000655aa428
0x000000001761f0d0:   000000001761f358 0000000002ae2404
0x000000001761f0e0:   000000001761f358 0000000002ae2404
0x000000001761f0f0:   3f6147ae00000002 00000000411deb85
0x000000001761f100:   0000000000000000 0000000000000000
0x000000001761f110:   0000010100000000 000000001761f201
0x000000001761f120:   0000000000000000 000000003f800000
0x000000001761f130:   00000000eb388000 00000000029cf764 

Instructions: (pc=0x000000006558b3ed)
0x000000006558b3cd:   8f ec 05 00 48 63 f6 0f b6 34 30 83 fe 0d 77 25
0x000000006558b3dd:   48 63 f6 48 8d 46 02 48 8b 0c c3 48 85 c9 74 3e
0x000000006558b3ed:   48 8b 11 48 89 14 c3 48 89 c8 48 83 c4 20 5b 5e
0x000000006558b3fd:   5f 5d 41 5c c3 48 8d 0d af 06 05 00 48 8d 15 40 


Register to memory mapping:

RAX=0x0000000000000008 is an unknown value
RBX=0x000000001ccac010 is an unknown value
RCX=0x0000002600000002 is an unknown value
RDX=0x00000000000000b8 is an unknown value
RSP=0x000000001761f040 is pointing into the stack for thread: 0x0000000016755800
RBP=0x000000001761f210 is pointing into the stack for thread: 0x0000000016755800
RSI=0x0000000000000006 is an unknown value
RDI=0x0000000000000001 is an unknown value
R8 =0x000000001ccac010 is an unknown value
R9 =0x0000000000000000 is an unknown value
R10=0x0000000000000001 is an unknown value
R11=0x0000000000000001 is an unknown value
R12=0x0000000000000000 is an unknown value
R13=0x00000000149a4a48 is an unknown value
R14=0x000000001761f388 is pointing into the stack for thread: 0x0000000016755800
R15=0x0000000016755800 is a thread


Stack: [0x0000000017520000,0x0000000017620000],  sp=0x000000001761f040,  free space=1020k
Native frames: (J=compiled Java code, j=interpreted, Vv=VM code, C=native code)
C  [gdx64.dll+0xb3ed]
C  [gdx64.dll+0x21d53]
C  [gdx64.dll+0x2a428]
C  0x00000000029cf764

Java frames: (J=compiled Java code, j=interpreted, Vv=VM code)
J 984  com.badlogic.gdx.physics.box2d.World.jniCreateBody(JIFFFFFFFFZZZZZF)J (0 bytes) @ 0x00000000029cf6e6 [0x00000000029cf640+0xa6]
J 983 C1 com.badlogic.gdx.physics.box2d.World.createBody(Lcom/badlogic/gdx/physics/box2d/BodyDef;)Lcom/badlogic/gdx/physics/box2d/Body; (120 bytes) @ 0x00000000029cffb4 [0x00000000029cfe20+0x194]
j  com.bj.pigport.states.Play.createFireArrow()V+60
J 1188 C2 com.bj.pigport.states.Play.handleInput()V (2110 bytes) @ 0x0000000002b360e8 [0x0000000002b32240+0x3ea8]
J 1067 C2 com.bj.pigport.states.Play.update(F)V (904 bytes) @ 0x0000000002aa6aa4 [0x0000000002aa6a20+0x84]
J 1201 C2 com.bj.pigport.main.Game.render()V (58 bytes) @ 0x0000000002b561e0 [0x0000000002b55d20+0x4c0]
j  com.badlogic.gdx.backends.lwjgl.LwjglApplication.mainLoop()V+642
j  com.badlogic.gdx.backends.lwjgl.LwjglApplication$1.run()V+27
v  ~StubRoutines::call_stub

---------------  P R O C E S S  ---------------

Java Threads: ( => current thread )
  0x0000000019d0a800 JavaThread "LWJGL Timer" daemon [_thread_blocked, id=5332, stack(0x000000001c510000,0x000000001c610000)]
  0x0000000002520800 JavaThread "DestroyJavaVM" [_thread_blocked, id=5904, stack(0x00000000023f0000,0x00000000024f0000)]
=>0x0000000016755800 JavaThread "LWJGL Application" [_thread_in_native, id=2828, stack(0x0000000017520000,0x0000000017620000)]
  0x0000000016558800 JavaThread "Service Thread" daemon [_thread_blocked, id=4560, stack(0x0000000016940000,0x0000000016a40000)]
  0x0000000014ce0800 JavaThread "C1 CompilerThread2" daemon [_thread_blocked, id=6024, stack(0x0000000016440000,0x0000000016540000)]
  0x0000000014cdf000 JavaThread "C2 CompilerThread1" daemon [_thread_blocked, id=4596, stack(0x0000000016340000,0x0000000016440000)]
  0x0000000014cda000 JavaThread "C2 CompilerThread0" daemon [_thread_blocked, id=5364, stack(0x0000000016240000,0x0000000016340000)]
  0x0000000014cd8800 JavaThread "Attach Listener" daemon [_thread_blocked, id=2972, stack(0x0000000016140000,0x0000000016240000)]
  0x0000000014ce3000 JavaThread "Signal Dispatcher" daemon [_thread_blocked, id=4644, stack(0x0000000016040000,0x0000000016140000)]
  0x0000000002611000 JavaThread "Finalizer" daemon [_thread_blocked, id=4928, stack(0x0000000015f30000,0x0000000016030000)]
  0x0000000002608000 JavaThread "Reference Handler" daemon [_thread_blocked, id=4080, stack(0x0000000015e30000,0x0000000015f30000)]

Other Threads:
  0x0000000014ca6000 VMThread [stack: 0x0000000015d30000,0x0000000015e30000] [id=5488]
  0x0000000014d3e000 WatcherThread [stack: 0x0000000016a40000,0x0000000016b40000] [id=924]

VM state:not at safepoint (normal execution)

VM Mutex/Monitor currently owned by a thread: None

Heap:
 PSYoungGen      total 9728K, used 7384K [0x00000000eac00000, 0x00000000eb780000, 0x0000000100000000)
  eden space 7680K, 83% used [0x00000000eac00000,0x00000000eb24a210,0x00000000eb380000)
  from space 2048K, 46% used [0x00000000eb380000,0x00000000eb46bf30,0x00000000eb580000)
  to   space 2048K, 0% used [0x00000000eb580000,0x00000000eb580000,0x00000000eb780000)
 ParOldGen       total 64000K, used 5610K [0x00000000c0400000, 0x00000000c4280000, 0x00000000eac00000)
  object space 64000K, 8% used [0x00000000c0400000,0x00000000c097aa38,0x00000000c4280000)
 Metaspace       used 6220K, capacity 7214K, committed 7296K, reserved 1056768K
  class space    used 577K, capacity 584K, committed 640K, reserved 1048576K

Card table byte_map: [0x00000000119e0000,0x0000000011be0000] byte_map_base: 0x00000000113de000

Marking Bits: (ParMarkBitMap*) 0x000000006bb113b0
 Begin Bits: [0x0000000012140000, 0x0000000013130000)
 End Bits:   [0x0000000013130000, 0x0000000014120000)

Polling page: 0x0000000000cb0000

CodeCache: size=245760Kb used=5508Kb max_used=5515Kb free=240251Kb
 bounds [0x0000000002620000, 0x0000000002b90000, 0x0000000011620000]
 total_blobs=1676 nmethods=1246 adapters=344
 compilation: enabled

Compilation events (10 events):
Event: 174.554 Thread 0x0000000014ce0800 1241       3       com.bj.pigport.handlers.MyInput::setKey (7 bytes)
Event: 174.555 Thread 0x0000000014ce0800 nmethod 1241 0x0000000002b7d690 code [0x0000000002b7d7e0, 0x0000000002b7d930]
Event: 175.905 Thread 0x0000000014ce0800 1242   !   3       org.lwjgl.input.Keyboard::getEventKeyState (20 bytes)
Event: 175.905 Thread 0x0000000014ce0800 nmethod 1242 0x0000000002b7d0d0 code [0x0000000002b7d240, 0x0000000002b7d550]
Event: 175.905 Thread 0x0000000014ce0800 1243   !   3       org.lwjgl.input.Keyboard::getEventKey (20 bytes)
Event: 175.905 Thread 0x0000000014ce0800 nmethod 1243 0x0000000002b7cb10 code [0x0000000002b7cc80, 0x0000000002b7cf90]
Event: 176.505 Thread 0x0000000014cdf000 1244       4       com.bj.pigport.handlers.Content::getTexture (12 bytes)
Event: 176.512 Thread 0x0000000014cdf000 nmethod 1244 0x0000000002b7ac10 code [0x0000000002b7ad80, 0x0000000002b7b258]
Event: 188.639 Thread 0x0000000014ce0800 1245       3       com.badlogic.gdx.physics.box2d.World::destroyBody (111 bytes)
Event: 188.640 Thread 0x0000000014ce0800 nmethod 1245 0x0000000002b7b610 code [0x0000000002b7b860, 0x0000000002b7c3f8]

GC Heap History (10 events):
Event: 117.783 GC heap before
{Heap before GC invocations=17 (full 0):
 PSYoungGen      total 9728K, used 7904K [0x00000000eac00000, 0x00000000eb780000, 0x0000000100000000)
  eden space 7680K, 100% used [0x00000000eac00000,0x00000000eb380000,0x00000000eb380000)
  from space 2048K, 10% used [0x00000000eb580000,0x00000000eb5b8000,0x00000000eb780000)
  to   space 2048K, 0% used [0x00000000eb380000,0x00000000eb380000,0x00000000eb580000)
 ParOldGen       total 64000K, used 3850K [0x00000000c0400000, 0x00000000c4280000, 0x00000000eac00000)
  object space 64000K, 6% used [0x00000000c0400000,0x00000000c07c28e8,0x00000000c4280000)
 Metaspace       used 6218K, capacity 7214K, committed 7296K, reserved 1056768K
  class space    used 577K, capacity 584K, committed 640K, reserved 1048576K
Event: 117.785 GC heap after
Heap after GC invocations=17 (full 0):
 PSYoungGen      total 9728K, used 1056K [0x00000000eac00000, 0x00000000eb780000, 0x0000000100000000)
  eden space 7680K, 0% used [0x00000000eac00000,0x00000000eac00000,0x00000000eb380000)
  from space 2048K, 51% used [0x00000000eb380000,0x00000000eb4880c0,0x00000000eb580000)
  to   space 2048K, 0% used [0x00000000eb580000,0x00000000eb580000,0x00000000eb780000)
 ParOldGen       total 64000K, used 3866K [0x00000000c0400000, 0x00000000c4280000, 0x00000000eac00000)
  object space 64000K, 6% used [0x00000000c0400000,0x00000000c07c68e8,0x00000000c4280000)
 Metaspace       used 6218K, capacity 7214K, committed 7296K, reserved 1056768K
  class space    used 577K, capacity 584K, committed 640K, reserved 1048576K
}
Event: 134.385 GC heap before
{Heap before GC invocations=18 (full 0):
 PSYoungGen      total 9728K, used 8736K [0x00000000eac00000, 0x00000000eb780000, 0x0000000100000000)
  eden space 7680K, 100% used [0x00000000eac00000,0x00000000eb380000,0x00000000eb380000)
  from space 2048K, 51% used [0x00000000eb380000,0x00000000eb4880c0,0x00000000eb580000)
  to   space 2048K, 0% used [0x00000000eb580000,0x00000000eb580000,0x00000000eb780000)
 ParOldGen       total 64000K, used 3866K [0x00000000c0400000, 0x00000000c4280000, 0x00000000eac00000)
  object space 64000K, 6% used [0x00000000c0400000,0x00000000c07c68e8,0x00000000c4280000)
 Metaspace       used 6218K, capacity 7214K, committed 7296K, reserved 1056768K
  class space    used 577K, capacity 584K, committed 640K, reserved 1048576K
Event: 134.387 GC heap after
Heap after GC invocations=18 (full 0):
 PSYoungGen      total 9728K, used 192K [0x00000000eac00000, 0x00000000eb780000, 0x0000000100000000)
  eden space 7680K, 0% used [0x00000000eac00000,0x00000000eac00000,0x00000000eb380000)
  from space 2048K, 9% used [0x00000000eb580000,0x00000000eb5b0000,0x00000000eb780000)
  to   space 2048K, 0% used [0x00000000eb380000,0x00000000eb380000,0x00000000eb580000)
 ParOldGen       total 64000K, used 4770K [0x00000000c0400000, 0x00000000c4280000, 0x00000000eac00000)
  object space 64000K, 7% used [0x00000000c0400000,0x00000000c08a89a8,0x00000000c4280000)
 Metaspace       used 6218K, capacity 7214K, committed 7296K, reserved 1056768K
  class space    used 577K, capacity 584K, committed 640K, reserved 1048576K
}
Event: 146.753 GC heap before
{Heap before GC invocations=19 (full 0):
 PSYoungGen      total 9728K, used 7872K [0x00000000eac00000, 0x00000000eb780000, 0x0000000100000000)
  eden space 7680K, 100% used [0x00000000eac00000,0x00000000eb380000,0x00000000eb380000)
  from space 2048K, 9% used [0x00000000eb580000,0x00000000eb5b0000,0x00000000eb780000)
  to   space 2048K, 0% used [0x00000000eb380000,0x00000000eb380000,0x00000000eb580000)
 ParOldGen       total 64000K, used 4770K [0x00000000c0400000, 0x00000000c4280000, 0x00000000eac00000)
  object space 64000K, 7% used [0x00000000c0400000,0x00000000c08a89a8,0x00000000c4280000)
 Metaspace       used 6219K, capacity 7214K, committed 7296K, reserved 1056768K
  class space    used 577K, capacity 584K, committed 640K, reserved 1048576K
Event: 146.754 GC heap after
Heap after GC invocations=19 (full 0):
 PSYoungGen      total 9728K, used 959K [0x00000000eac00000, 0x00000000eb780000, 0x0000000100000000)
  eden space 7680K, 0% used [0x00000000eac00000,0x00000000eac00000,0x00000000eb380000)
  from space 2048K, 46% used [0x00000000eb380000,0x00000000eb46ffe0,0x00000000eb580000)
  to   space 2048K, 0% used [0x00000000eb580000,0x00000000eb580000,0x00000000eb780000)
 ParOldGen       total 64000K, used 4786K [0x00000000c0400000, 0x00000000c4280000, 0x00000000eac00000)
  object space 64000K, 7% used [0x00000000c0400000,0x00000000c08ac9a8,0x00000000c4280000)
 Metaspace       used 6219K, capacity 7214K, committed 7296K, reserved 1056768K
  class space    used 577K, capacity 584K, committed 640K, reserved 1048576K
}
Event: 163.454 GC heap before
{Heap before GC invocations=20 (full 0):
 PSYoungGen      total 9728K, used 8639K [0x00000000eac00000, 0x00000000eb780000, 0x0000000100000000)
  eden space 7680K, 100% used [0x00000000eac00000,0x00000000eb380000,0x00000000eb380000)
  from space 2048K, 46% used [0x00000000eb380000,0x00000000eb46ffe0,0x00000000eb580000)
  to   space 2048K, 0% used [0x00000000eb580000,0x00000000eb580000,0x00000000eb780000)
 ParOldGen       total 64000K, used 4786K [0x00000000c0400000, 0x00000000c4280000, 0x00000000eac00000)
  object space 64000K, 7% used [0x00000000c0400000,0x00000000c08ac9a8,0x00000000c4280000)
 Metaspace       used 6219K, capacity 7214K, committed 7296K, reserved 1056768K
  class space    used 577K, capacity 584K, committed 640K, reserved 1048576K
Event: 163.455 GC heap after
Heap after GC invocations=20 (full 0):
 PSYoungGen      total 9728K, used 192K [0x00000000eac00000, 0x00000000eb780000, 0x0000000100000000)
  eden space 7680K, 0% used [0x00000000eac00000,0x00000000eac00000,0x00000000eb380000)
  from space 2048K, 9% used [0x00000000eb580000,0x00000000eb5b0000,0x00000000eb780000)
  to   space 2048K, 0% used [0x00000000eb380000,0x00000000eb380000,0x00000000eb580000)
 ParOldGen       total 64000K, used 5586K [0x00000000c0400000, 0x00000000c4280000, 0x00000000eac00000)
  object space 64000K, 8% used [0x00000000c0400000,0x00000000c0974a38,0x00000000c4280000)
 Metaspace       used 6219K, capacity 7214K, committed 7296K, reserved 1056768K
  class space    used 577K, capacity 584K, committed 640K, reserved 1048576K
}
Event: 176.488 GC heap before
{Heap before GC invocations=21 (full 0):
 PSYoungGen      total 9728K, used 7872K [0x00000000eac00000, 0x00000000eb780000, 0x0000000100000000)
  eden space 7680K, 100% used [0x00000000eac00000,0x00000000eb380000,0x00000000eb380000)
  from space 2048K, 9% used [0x00000000eb580000,0x00000000eb5b0000,0x00000000eb780000)
  to   space 2048K, 0% used [0x00000000eb380000,0x00000000eb380000,0x00000000eb580000)
 ParOldGen       total 64000K, used 5586K [0x00000000c0400000, 0x00000000c4280000, 0x00000000eac00000)
  object space 64000K, 8% used [0x00000000c0400000,0x00000000c0974a38,0x00000000c4280000)
 Metaspace       used 6220K, capacity 7214K, committed 7296K, reserved 1056768K
  class space    used 577K, capacity 584K, committed 640K, reserved 1048576K
Event: 176.489 GC heap after
Heap after GC invocations=21 (full 0):
 PSYoungGen      total 9728K, used 943K [0x00000000eac00000, 0x00000000eb780000, 0x0000000100000000)
  eden space 7680K, 0% used [0x00000000eac00000,0x00000000eac00000,0x00000000eb380000)
  from space 2048K, 46% used [0x00000000eb380000,0x00000000eb46bf30,0x00000000eb580000)
  to   space 2048K, 0% used [0x00000000eb580000,0x00000000eb580000,0x00000000eb780000)
 ParOldGen       total 64000K, used 5610K [0x00000000c0400000, 0x00000000c4280000, 0x00000000eac00000)
  object space 64000K, 8% used [0x00000000c0400000,0x00000000c097aa38,0x00000000c4280000)
 Metaspace       used 6220K, capacity 7214K, committed 7296K, reserved 1056768K
  class space    used 577K, capacity 584K, committed 640K, reserved 1048576K
}

Deoptimization events (10 events):
Event: 20.909 Thread 0x0000000016755800 Uncommon trap: reason=class_check action=maybe_recompile pc=0x0000000002a1b910 method=com.bj.pigport.states.Play.render()V @ 6
Event: 20.927 Thread 0x0000000016755800 Uncommon trap: reason=class_check action=maybe_recompile pc=0x0000000002a1b910 method=com.bj.pigport.states.Play.render()V @ 6
Event: 25.843 Thread 0x0000000016755800 Uncommon trap: reason=unreached action=reinterpret pc=0x0000000002a28158 method=com.bj.pigport.states.Play.render()V @ 664
Event: 25.859 Thread 0x0000000016755800 Uncommon trap: reason=unreached action=reinterpret pc=0x0000000002a34b2c method=com.bj.pigport.states.Play.update(F)V @ 323
Event: 38.227 Thread 0x0000000016755800 Uncommon trap: reason=intrinsic action=make_not_entrant pc=0x0000000002a73a08 method=com.bj.pigport.states.Play.render()V @ 216
Event: 47.078 Thread 0x0000000016755800 Uncommon trap: reason=intrinsic action=make_not_entrant pc=0x0000000002ab3a00 method=com.bj.pigport.states.Play.render()V @ 224
Event: 130.617 Thread 0x0000000016755800 Uncommon trap: reason=class_check action=maybe_recompile pc=0x0000000002b2baa8 method=com.badlogic.gdx.backends.lwjgl.LwjglInput.processEvents()V @ 128
Event: 131.702 Thread 0x0000000016755800 Uncommon trap: reason=class_check action=maybe_recompile pc=0x0000000002b2baa8 method=com.badlogic.gdx.backends.lwjgl.LwjglInput.processEvents()V @ 128
Event: 132.851 Thread 0x0000000016755800 Uncommon trap: reason=class_check action=maybe_recompile pc=0x0000000002b2baa8 method=com.badlogic.gdx.backends.lwjgl.LwjglInput.processEvents()V @ 128
Event: 133.251 Thread 0x0000000016755800 Uncommon trap: reason=class_check action=maybe_recompile pc=0x0000000002b2baa8 method=com.badlogic.gdx.backends.lwjgl.LwjglInput.processEvents()V @ 128

Internal exceptions (10 events):
Event: 6.877 Thread 0x0000000016755800 Exception <a 'java/security/PrivilegedActionException'> (0x00000000eaf2aa48) thrown at [D:\re\workspace\8-2-build-windows-amd64-cygwin\jdk8\2238\hotspot\src\share\vm\prims\jvm.cpp, line 1248]
Event: 6.878 Thread 0x0000000016755800 Exception <a 'java/security/PrivilegedActionException'> (0x00000000eaf2db58) thrown at [D:\re\workspace\8-2-build-windows-amd64-cygwin\jdk8\2238\hotspot\src\share\vm\prims\jvm.cpp, line 1248]
Event: 6.879 Thread 0x0000000016755800 Exception <a 'java/security/PrivilegedActionException'> (0x00000000eaf39f90) thrown at [D:\re\workspace\8-2-build-windows-amd64-cygwin\jdk8\2238\hotspot\src\share\vm\prims\jvm.cpp, line 1248]
Event: 6.879 Thread 0x0000000016755800 Exception <a 'java/security/PrivilegedActionException'> (0x00000000eaf3cbd0) thrown at [D:\re\workspace\8-2-build-windows-amd64-cygwin\jdk8\2238\hotspot\src\share\vm\prims\jvm.cpp, line 1248]
Event: 6.880 Thread 0x0000000016755800 Exception <a 'java/security/PrivilegedActionException'> (0x00000000eaf3f670) thrown at [D:\re\workspace\8-2-build-windows-amd64-cygwin\jdk8\2238\hotspot\src\share\vm\prims\jvm.cpp, line 1248]
Event: 6.881 Thread 0x0000000016755800 Exception <a 'java/security/PrivilegedActionException'> (0x00000000eaf43f60) thrown at [D:\re\workspace\8-2-build-windows-amd64-cygwin\jdk8\2238\hotspot\src\share\vm\prims\jvm.cpp, line 1248]
Event: 6.881 Thread 0x0000000016755800 Exception <a 'java/security/PrivilegedActionException'> (0x00000000eaf48ac0) thrown at [D:\re\workspace\8-2-build-windows-amd64-cygwin\jdk8\2238\hotspot\src\share\vm\prims\jvm.cpp, line 1248]
Event: 7.524 Thread 0x0000000016755800 Exception <a 'java/security/PrivilegedActionException'> (0x00000000eafb6bc0) thrown at [D:\re\workspace\8-2-build-windows-amd64-cygwin\jdk8\2238\hotspot\src\share\vm\prims\jvm.cpp, line 1248]
Event: 7.526 Thread 0x0000000016755800 Exception <a 'java/security/PrivilegedActionException'> (0x00000000eafc0c38) thrown at [D:\re\workspace\8-2-build-windows-amd64-cygwin\jdk8\2238\hotspot\src\share\vm\prims\jvm.cpp, line 1248]
Event: 25.859 Thread 0x0000000016755800 Implicit null exception at 0x0000000002a31f7d to 0x0000000002a34b0d

Events (10 events):
Event: 176.491 Executing VM operation: RevokeBias
Event: 176.491 Executing VM operation: RevokeBias done
Event: 176.491 Executing VM operation: RevokeBias
Event: 176.491 Executing VM operation: RevokeBias done
Event: 176.491 Executing VM operation: RevokeBias
Event: 176.491 Executing VM operation: RevokeBias done
Event: 176.491 Executing VM operation: RevokeBias
Event: 176.491 Executing VM operation: RevokeBias done
Event: 176.491 Executing VM operation: BulkRevokeBias
Event: 176.491 Executing VM operation: BulkRevokeBias done


Dynamic libraries:
0x00007ff6fb140000 - 0x00007ff6fb174000 	C:\Program Files\Java\jre8\bin\javaw.exe
0x00007fff86160000 - 0x00007fff8630a000 	C:\Windows\SYSTEM32\ntdll.dll
0x00007fff85be0000 - 0x00007fff85d1a000 	C:\Windows\system32\KERNEL32.DLL
0x00007fff838d0000 - 0x00007fff839df000 	C:\Windows\system32\KERNELBASE.dll
0x00007fff82100000 - 0x00007fff82188000 	C:\Windows\system32\apphelp.dll
0x00007fff7a020000 - 0x00007fff7a06f000 	C:\Windows\AppPatch\AppPatch64\AcGenral.DLL
0x00007fff85930000 - 0x00007fff859d7000 	C:\Windows\system32\msvcrt.dll
0x00007fff832b0000 - 0x00007fff832db000 	C:\Windows\SYSTEM32\SspiCli.dll
0x00007fff85f20000 - 0x00007fff85f71000 	C:\Windows\system32\SHLWAPI.dll
0x00007fff85d30000 - 0x00007fff85ea1000 	C:\Windows\system32\USER32.dll
0x00007fff83a20000 - 0x00007fff83b98000 	C:\Windows\system32\ole32.dll
0x00007fff83f30000 - 0x00007fff85347000 	C:\Windows\system32\SHELL32.dll
0x00007fff82e50000 - 0x00007fff82e6e000 	C:\Windows\SYSTEM32\USERENV.dll
0x00007fff85540000 - 0x00007fff855e5000 	C:\Windows\system32\ADVAPI32.dll
0x00007fff795d0000 - 0x00007fff795eb000 	C:\Windows\SYSTEM32\MPR.dll
0x00007fff855f0000 - 0x00007fff85726000 	C:\Windows\system32\RPCRT4.dll
0x00007fff85730000 - 0x00007fff85787000 	C:\Windows\SYSTEM32\sechost.dll
0x00007fff85f80000 - 0x00007fff86156000 	C:\Windows\SYSTEM32\combase.dll
0x00007fff859e0000 - 0x00007fff85b25000 	C:\Windows\system32\GDI32.dll
0x00007fff834d0000 - 0x00007fff834e4000 	C:\Windows\SYSTEM32\profapi.dll
0x00007fff81dd0000 - 0x00007fff81e6f000 	C:\Windows\SYSTEM32\SHCORE.dll
0x00007fff839e0000 - 0x00007fff83a14000 	C:\Windows\system32\IMM32.DLL
0x00007fff83df0000 - 0x00007fff83f29000 	C:\Windows\system32\MSCTF.dll
0x00007fff81550000 - 0x00007fff817aa000 	C:\Windows\WinSxS\amd64_microsoft.windows.common-controls_6595b64144ccf1df_6.0.9600.17031_none_6242a4b3ecbb55a1\COMCTL32.dll
0x000000006bb90000 - 0x000000006bc62000 	C:\Program Files\Java\jre8\bin\msvcr100.dll
0x000000006b360000 - 0x000000006bb8a000 	C:\Program Files\Java\jre8\bin\server\jvm.dll
0x00007fff806f0000 - 0x00007fff806f9000 	C:\Windows\SYSTEM32\WSOCK32.dll
0x00007fff7f8e0000 - 0x00007fff7f8ff000 	C:\Windows\SYSTEM32\WINMM.dll
0x00007fff83ba0000 - 0x00007fff83ba7000 	C:\Windows\system32\PSAPI.DLL
0x00007fff83c70000 - 0x00007fff83cc8000 	C:\Windows\system32\WS2_32.dll
0x00007fff7f720000 - 0x00007fff7f74a000 	C:\Windows\SYSTEM32\WINMMBASE.dll
0x00007fff85d20000 - 0x00007fff85d29000 	C:\Windows\system32\NSI.dll
0x00007fff83780000 - 0x00007fff837ca000 	C:\Windows\SYSTEM32\cfgmgr32.dll
0x00007fff82230000 - 0x00007fff82256000 	C:\Windows\SYSTEM32\DEVOBJ.dll
0x000000006c860000 - 0x000000006c86f000 	C:\Program Files\Java\jre8\bin\verify.dll
0x000000006b330000 - 0x000000006b358000 	C:\Program Files\Java\jre8\bin\java.dll
0x000000006b310000 - 0x000000006b326000 	C:\Program Files\Java\jre8\bin\zip.dll
0x0000000065580000 - 0x0000000065610000 	C:\Users\Tobias\AppData\Local\Temp\libgdxTobias\5498721d\gdx64.dll
0x0000000180000000 - 0x0000000180050000 	C:\Users\Tobias\AppData\Local\Temp\libgdxTobias\4c88a7c1\lwjgl64.dll
0x00007fff76d70000 - 0x00007fff76e91000 	C:\Windows\SYSTEM32\OPENGL32.dll
0x00007fff80800000 - 0x00007fff8080a000 	C:\Windows\SYSTEM32\VERSION.dll
0x00007fff7caa0000 - 0x00007fff7cacc000 	C:\Windows\SYSTEM32\GLU32.dll
0x00007fff648f0000 - 0x00007fff649e4000 	C:\Windows\SYSTEM32\DDRAW.dll
0x00007fff7f5e0000 - 0x00007fff7f5e9000 	C:\Windows\SYSTEM32\DCIMAN32.dll
0x0000000016bf0000 - 0x0000000016c54000 	C:\Users\Tobias\AppData\Local\Temp\libgdxTobias\4c88a7c1\OpenAL64.dll
0x00007fff82220000 - 0x00007fff8222a000 	C:\Windows\SYSTEM32\kernel.appcore.dll
0x00007fff83340000 - 0x00007fff8334a000 	C:\Windows\SYSTEM32\CRYPTBASE.dll
0x00007fff832e0000 - 0x00007fff83340000 	C:\Windows\SYSTEM32\bcryptPrimitives.dll
0x00007fff82260000 - 0x00007fff82381000 	C:\Windows\system32\uxtheme.dll
0x00007fff85b30000 - 0x00007fff85bd4000 	C:\Windows\SYSTEM32\clbcatq.dll
0x00007fff79dc0000 - 0x00007fff79e47000 	C:\Windows\SYSTEM32\dsound.dll
0x00007fff83470000 - 0x00007fff834b5000 	C:\Windows\SYSTEM32\POWRPROF.dll
0x00007fff80b40000 - 0x00007fff80ba2000 	C:\Windows\System32\MMDevApi.dll
0x00007fff769b0000 - 0x00007fff76a26000 	C:\Windows\SYSTEM32\AUDIOSES.DLL
0x00007fff83d30000 - 0x00007fff83de7000 	C:\Windows\system32\OLEAUT32.dll
0x00007fff81c00000 - 0x00007fff81c20000 	C:\Windows\system32\dwmapi.dll
0x00007fff7ca80000 - 0x00007fff7ca98000 	C:\Windows\SYSTEM32\atig6pxx.dll
0x00000000698c0000 - 0x000000006b261000 	C:\Windows\SYSTEM32\atio6axx.dll
0x00007fff85360000 - 0x00007fff85534000 	C:\Windows\system32\SETUPAPI.dll
0x00007fff741b0000 - 0x00007fff742d8000 	C:\Windows\SYSTEM32\atiadlxx.dll
0x00007fff7e840000 - 0x00007fff7e9a5000 	C:\Windows\SYSTEM32\PROPSYS.dll
0x00007fff7f570000 - 0x00007fff7f581000 	C:\Windows\SYSTEM32\WTSAPI32.dll
0x00007fff7f370000 - 0x00007fff7f399000 	C:\Windows\SYSTEM32\IPHLPAPI.DLL
0x00007fff7f300000 - 0x00007fff7f30a000 	C:\Windows\SYSTEM32\WINNSI.DLL
0x00007fff83880000 - 0x00007fff838cc000 	C:\Windows\system32\WINTRUST.dll
0x00007fff835a0000 - 0x00007fff83777000 	C:\Windows\system32\CRYPT32.dll
0x00007fff83580000 - 0x00007fff83592000 	C:\Windows\system32\MSASN1.dll
0x00007fff81110000 - 0x00007fff81254000 	C:\Windows\SYSTEM32\aticfx64.dll
0x00007fff7ca60000 - 0x00007fff7ca7e000 	C:\Windows\SYSTEM32\atig6txx.dll
0x00007fff662b0000 - 0x00007fff6633d000 	C:\Windows\SYSTEM32\mscms.dll
0x00007fff79b50000 - 0x00007fff79b91000 	C:\Windows\SYSTEM32\icm32.dll
0x00007fff6a4d0000 - 0x00007fff6a658000 	C:\Windows\SYSTEM32\dbghelp.dll

VM Arguments:
jvm_args: -Dfile.encoding=Cp1252 
java_command: com.bj.pigport.main.PigPortDesktop
java_class_path (initial): C:\Users\Tobias\Dropbox\BJ Games\2nd Game - PigPort\SourceCodeV2\workspace\PigPort\bin;C:\Users\Tobias\Dropbox\BJ Games\2nd Game - PigPort\SourceCodeV2\workspace\PigPort\libs\gdx-backend-lwjgl.jar;C:\Users\Tobias\Dropbox\BJ Games\2nd Game - PigPort\SourceCodeV2\workspace\PigPort\libs\gdx-natives.jar;C:\Users\Tobias\Dropbox\BJ Games\2nd Game - PigPort\SourceCodeV2\workspace\PigPort\libs\gdx.jar;C:\Users\Tobias\Dropbox\BJ Games\2nd Game - PigPort\SourceCodeV2\workspace\PigPort\libs\gdx-backend-lwjgl-natives.jar
Launcher Type: SUN_STANDARD

Environment Variables:
PATH=C:\Windows\system32;C:\Windows;C:\Windows\System32\Wbem;C:\Windows\System32\WindowsPowerShell\v1.0\;C:\Program Files (x86)\ATI Technologies\ATI.ACE\Core-Static
USERNAME=Tobias
OS=Windows_NT
PROCESSOR_IDENTIFIER=Intel64 Family 6 Model 42 Stepping 7, GenuineIntel



---------------  S Y S T E M  ---------------

OS: Windows 8.1 , 64 bit Build 9600 

CPU:total 4 (2 cores per cpu, 2 threads per core) family 6 model 42 stepping 7, cmov, cx8, fxsr, mmx, sse, sse2, sse3, ssse3, sse4.1, sse4.2, popcnt, avx, clmul, ht, tsc, tscinvbit

Memory: 4k page, physical 4169860k(1404140k free), swap 5480580k(2103268k free)

vm_info: Java HotSpot(TM) 64-Bit Server VM (25.0-b70) for windows-amd64 JRE (1.8.0-b132), built on Mar  4 2014 03:46:18 by "java_re" with MS VC++ 10.0 (VS2010)

time: Wed May 14 17:42:00 2014
elapsed time: 190 seconds

