#
# A fatal error has been detected by the Java Runtime Environment:
#
#  EXCEPTION_ACCESS_VIOLATION (0xc0000005) at pc=0x000000006558b3ed, pid=7412, tid=9444
#
# JRE version: Java(TM) SE Runtime Environment (8.0-b132) (build 1.8.0-b132)
# Java VM: Java HotSpot(TM) 64-Bit Server VM (25.0-b70 mixed mode windows-amd64 compressed oops)
# Problematic frame:
# C  [gdx64.dll+0xb3ed]
#
# Failed to write core dump. Minidumps are not enabled by default on client versions of Windows
#
# If you would like to submit a bug report, please visit:
#   http://bugreport.sun.com/bugreport/crash.jsp
# The crash happened outside the Java Virtual Machine in native code.
# See problematic frame for where to report the bug.
#

---------------  T H R E A D  ---------------

Current thread (0x0000000014f25000):  JavaThread "LWJGL Application" [_thread_in_native, id=9444, stack(0x0000000017630000,0x0000000017730000)]

siginfo: ExceptionCode=0xc0000005, reading address 0x00000002198755a0

Registers:
RAX=0x0000000000000008, RBX=0x000000001ad93ad0, RCX=0x00000002198755a0, RDX=0x00000000000000b8
RSP=0x000000001772e870, RBP=0x000000001772ea40, RSI=0x0000000000000006, RDI=0x0000000000000001
R8 =0x000000001ad93ad0, R9 =0x0000000000000000, R10=0x0000000000000001, R11=0x0000000000000001
R12=0x0000000000000000, R13=0x0000000014be3b30, R14=0x000000001772ebb8, R15=0x0000000014f25000
RIP=0x000000006558b3ed, EFLAGS=0x0000000000010206

Top of Stack: (sp=0x000000001772e870)
0x000000001772e870:   0000000000000000 000000005585b2b3
0x000000001772e880:   000000001772e988 00000000028a275f
0x000000001772e890:   000000001ad93ad0 000000001772e920
0x000000001772e8a0:   0000000000000001 000000001772ea40
0x000000001772e8b0:   0000000000000000 00000000655a1d53
0x000000001772e8c0:   0000000014f25000 0000000000000002
0x000000001772e8d0:   00000000000003d8 0000000014f25000
0x000000001772e8e0:   0000000000000002 0000000000000001
0x000000001772e8f0:   0000000000000001 00000000655aa428
0x000000001772e900:   00000004fffff810 000000000000000d
0x000000001772e910:   000000001772ead8 0000000014b434b0
0x000000001772e920:   41947ae100000002 000000004170cccd
0x000000001772e930:   0000000000000000 0000000000000000
0x000000001772e940:   0000010100000000 00000000655cc601
0x000000001772e950:   0000000000000000 000000003f800000
0x000000001772e960:   00000000eb588538 0000000002c58024 

Instructions: (pc=0x000000006558b3ed)
0x000000006558b3cd:   8f ec 05 00 48 63 f6 0f b6 34 30 83 fe 0d 77 25
0x000000006558b3dd:   48 63 f6 48 8d 46 02 48 8b 0c c3 48 85 c9 74 3e
0x000000006558b3ed:   48 8b 11 48 89 14 c3 48 89 c8 48 83 c4 20 5b 5e
0x000000006558b3fd:   5f 5d 41 5c c3 48 8d 0d af 06 05 00 48 8d 15 40 


Register to memory mapping:

RAX=0x0000000000000008 is an unknown value
RBX=0x000000001ad93ad0 is an unknown value
RCX=0x00000002198755a0 is an unknown value
RDX=0x00000000000000b8 is an unknown value
RSP=0x000000001772e870 is pointing into the stack for thread: 0x0000000014f25000
RBP=0x000000001772ea40 is pointing into the stack for thread: 0x0000000014f25000
RSI=0x0000000000000006 is an unknown value
RDI=0x0000000000000001 is an unknown value
R8 =0x000000001ad93ad0 is an unknown value
R9 =0x0000000000000000 is an unknown value
R10=0x0000000000000001 is an unknown value
R11=0x0000000000000001 is an unknown value
R12=0x0000000000000000 is an unknown value
R13=0x0000000014be3b30 is an unknown value
R14=0x000000001772ebb8 is pointing into the stack for thread: 0x0000000014f25000
R15=0x0000000014f25000 is a thread


Stack: [0x0000000017630000,0x0000000017730000],  sp=0x000000001772e870,  free space=1018k
Native frames: (J=compiled Java code, j=interpreted, Vv=VM code, C=native code)
C  [gdx64.dll+0xb3ed]
C  [gdx64.dll+0x21d53]
C  [gdx64.dll+0x2a428]
C  0x0000000002c58024

Java frames: (J=compiled Java code, j=interpreted, Vv=VM code)
J 1027  com.badlogic.gdx.physics.box2d.World.jniCreateBody(JIFFFFFFFFZZZZZF)J (0 bytes) @ 0x0000000002c57fa6 [0x0000000002c57f00+0xa6]
J 990 C1 com.badlogic.gdx.physics.box2d.World.createBody(Lcom/badlogic/gdx/physics/box2d/BodyDef;)Lcom/badlogic/gdx/physics/box2d/Body; (120 bytes) @ 0x0000000002c2fcb4 [0x0000000002c2fb20+0x194]
j  com.bj.pigport.states.Play.createFireArrow()V+60
J 835 C1 com.bj.pigport.states.Play.handleInput()V (2084 bytes) @ 0x0000000002bb5b7c [0x0000000002bab4c0+0xa6bc]
J 1084 C2 com.bj.pigport.states.Play.update(F)V (834 bytes) @ 0x0000000002ce5920 [0x0000000002ce58a0+0x80]
J 889 C1 com.bj.pigport.main.Game.render()V (58 bytes) @ 0x0000000002bedebc [0x0000000002bed260+0xc5c]
j  com.badlogic.gdx.backends.lwjgl.LwjglApplication.mainLoop()V+642
j  com.badlogic.gdx.backends.lwjgl.LwjglApplication$1.run()V+27
v  ~StubRoutines::call_stub

---------------  P R O C E S S  ---------------

Java Threads: ( => current thread )
  0x0000000014f26000 JavaThread "LWJGL Timer" daemon [_thread_blocked, id=1336, stack(0x000000001c160000,0x000000001c260000)]
  0x0000000014f29000 JavaThread "DestroyJavaVM" [_thread_blocked, id=4456, stack(0x0000000002680000,0x0000000002780000)]
=>0x0000000014f25000 JavaThread "LWJGL Application" [_thread_in_native, id=9444, stack(0x0000000017630000,0x0000000017730000)]
  0x0000000014f28000 JavaThread "Service Thread" daemon [_thread_blocked, id=7580, stack(0x0000000016b90000,0x0000000016c90000)]
  0x0000000014f24800 JavaThread "C1 CompilerThread2" daemon [_thread_blocked, id=9160, stack(0x0000000016690000,0x0000000016790000)]
  0x0000000014f27800 JavaThread "C2 CompilerThread1" daemon [_thread_blocked, id=9860, stack(0x0000000016590000,0x0000000016690000)]
  0x0000000014f1a000 JavaThread "C2 CompilerThread0" daemon [_thread_blocked, id=8152, stack(0x0000000016490000,0x0000000016590000)]
  0x0000000014f18800 JavaThread "Attach Listener" daemon [_thread_blocked, id=6596, stack(0x0000000016390000,0x0000000016490000)]
  0x0000000014f23000 JavaThread "Signal Dispatcher" daemon [_thread_blocked, id=7464, stack(0x0000000016290000,0x0000000016390000)]
  0x0000000002871000 JavaThread "Finalizer" daemon [_thread_blocked, id=9692, stack(0x0000000016190000,0x0000000016290000)]
  0x0000000002868000 JavaThread "Reference Handler" daemon [_thread_blocked, id=7532, stack(0x0000000016090000,0x0000000016190000)]

Other Threads:
  0x0000000014ee6000 VMThread [stack: 0x0000000015f90000,0x0000000016090000] [id=8120]
  0x00000000167b4800 WatcherThread [stack: 0x0000000016c90000,0x0000000016d90000] [id=7996]

VM state:not at safepoint (normal execution)

VM Mutex/Monitor currently owned by a thread: None

Heap:
 PSYoungGen      total 9728K, used 7589K [0x00000000eac00000, 0x00000000eb700000, 0x0000000100000000)
  eden space 8192K, 77% used [0x00000000eac00000,0x00000000eb233160,0x00000000eb400000)
  from space 1536K, 80% used [0x00000000eb580000,0x00000000eb6b64f8,0x00000000eb700000)
  to   space 1536K, 0% used [0x00000000eb400000,0x00000000eb400000,0x00000000eb580000)
 ParOldGen       total 64000K, used 2013K [0x00000000c0400000, 0x00000000c4280000, 0x00000000eac00000)
  object space 64000K, 3% used [0x00000000c0400000,0x00000000c05f75b0,0x00000000c4280000)
 Metaspace       used 6186K, capacity 7214K, committed 7296K, reserved 1056768K
  class space    used 576K, capacity 584K, committed 640K, reserved 1048576K

Card table byte_map: [0x0000000011c40000,0x0000000011e40000] byte_map_base: 0x000000001163e000

Marking Bits: (ParMarkBitMap*) 0x0000000055f613b0
 Begin Bits: [0x00000000123a0000, 0x0000000013390000)
 End Bits:   [0x0000000013390000, 0x0000000014380000)

Polling page: 0x00000000024b0000

CodeCache: size=245760Kb used=4491Kb max_used=4508Kb free=241268Kb
 bounds [0x0000000002880000, 0x0000000002cf0000, 0x0000000011880000]
 total_blobs=1514 nmethods=1084 adapters=344
 compilation: enabled

Compilation events (10 events):
Event: 42.535 Thread 0x0000000014f1a000 nmethod 1080 0x0000000002c9a810 code [0x0000000002c9a980, 0x0000000002c9aef8]
Event: 42.545 Thread 0x0000000014f27800 nmethod 1078 0x0000000002cdf5d0 code [0x0000000002cdf900, 0x0000000002ce0f08]
Event: 43.214 Thread 0x0000000014f1a000 1081  s    4       java.util.Vector::elementAt (48 bytes)
Event: 43.216 Thread 0x0000000014f1a000 nmethod 1081 0x0000000002c9b390 code [0x0000000002c9b4e0, 0x0000000002c9b778]
Event: 43.480 Thread 0x0000000014f24800 1082       3       org.lwjgl.opengl.WindowsDisplay::handleKeyButton (92 bytes)
Event: 43.481 Thread 0x0000000014f24800 nmethod 1082 0x0000000002c9c790 code [0x0000000002c9c900, 0x0000000002c9cc68]
Event: 43.481 Thread 0x0000000014f24800 1083       3       org.lwjgl.opengl.WindowsKeyboard::handleKey (105 bytes)
Event: 43.481 Thread 0x0000000014f24800 nmethod 1083 0x0000000002c9bdd0 code [0x0000000002c9bf80, 0x0000000002c9c468]
Event: 44.631 Thread 0x0000000014f27800 1084       4       com.bj.pigport.states.Play::update (834 bytes)
Event: 44.756 Thread 0x0000000014f27800 nmethod 1084 0x0000000002ce5250 code [0x0000000002ce58a0, 0x0000000002ce8c48]

GC Heap History (10 events):
Event: 0.722 GC heap before
{Heap before GC invocations=6 (full 0):
 PSYoungGen      total 2560K, used 2453K [0x00000000eac00000, 0x00000000eb300000, 0x0000000100000000)
  eden space 2048K, 94% used [0x00000000eac00000,0x00000000eade5a48,0x00000000eae00000)
  from space 512K, 99% used [0x00000000eae00000,0x00000000eae7fc10,0x00000000eae80000)
  to   space 1536K, 0% used [0x00000000eb180000,0x00000000eb180000,0x00000000eb300000)
 ParOldGen       total 64000K, used 1109K [0x00000000c0400000, 0x00000000c4280000, 0x00000000eac00000)
  object space 64000K, 1% used [0x00000000c0400000,0x00000000c05154e8,0x00000000c4280000)
 Metaspace       used 4996K, capacity 6126K, committed 6272K, reserved 1056768K
  class space    used 481K, capacity 520K, committed 640K, reserved 1048576K
Event: 0.724 GC heap after
Heap after GC invocations=6 (full 0):
 PSYoungGen      total 5632K, used 1109K [0x00000000eac00000, 0x00000000eb300000, 0x0000000100000000)
  eden space 4096K, 0% used [0x00000000eac00000,0x00000000eac00000,0x00000000eb000000)
  from space 1536K, 72% used [0x00000000eb180000,0x00000000eb295590,0x00000000eb300000)
  to   space 1536K, 0% used [0x00000000eb000000,0x00000000eb000000,0x00000000eb180000)
 ParOldGen       total 64000K, used 1117K [0x00000000c0400000, 0x00000000c4280000, 0x00000000eac00000)
  object space 64000K, 1% used [0x00000000c0400000,0x00000000c05174e8,0x00000000c4280000)
 Metaspace       used 4996K, capacity 6126K, committed 6272K, reserved 1056768K
  class space    used 481K, capacity 520K, committed 640K, reserved 1048576K
}
Event: 1.095 GC heap before
{Heap before GC invocations=7 (full 0):
 PSYoungGen      total 5632K, used 4759K [0x00000000eac00000, 0x00000000eb300000, 0x0000000100000000)
  eden space 4096K, 89% used [0x00000000eac00000,0x00000000eaf907c0,0x00000000eb000000)
  from space 1536K, 72% used [0x00000000eb180000,0x00000000eb295590,0x00000000eb300000)
  to   space 1536K, 0% used [0x00000000eb000000,0x00000000eb000000,0x00000000eb180000)
 ParOldGen       total 64000K, used 1117K [0x00000000c0400000, 0x00000000c4280000, 0x00000000eac00000)
  object space 64000K, 1% used [0x00000000c0400000,0x00000000c05174e8,0x00000000c4280000)
 Metaspace       used 4998K, capacity 6126K, committed 6272K, reserved 1056768K
  class space    used 481K, capacity 520K, committed 640K, reserved 1048576K
Event: 1.096 GC heap after
Heap after GC invocations=7 (full 0):
 PSYoungGen      total 5632K, used 544K [0x00000000eac00000, 0x00000000eb700000, 0x0000000100000000)
  eden space 4096K, 0% used [0x00000000eac00000,0x00000000eac00000,0x00000000eb000000)
  from space 1536K, 35% used [0x00000000eb000000,0x00000000eb088000,0x00000000eb180000)
  to   space 1536K, 0% used [0x00000000eb580000,0x00000000eb580000,0x00000000eb700000)
 ParOldGen       total 64000K, used 1333K [0x00000000c0400000, 0x00000000c4280000, 0x00000000eac00000)
  object space 64000K, 2% used [0x00000000c0400000,0x00000000c054d538,0x00000000c4280000)
 Metaspace       used 4998K, capacity 6126K, committed 6272K, reserved 1056768K
  class space    used 481K, capacity 520K, committed 640K, reserved 1048576K
}
Event: 3.182 GC heap before
{Heap before GC invocations=8 (full 0):
 PSYoungGen      total 5632K, used 4640K [0x00000000eac00000, 0x00000000eb700000, 0x0000000100000000)
  eden space 4096K, 100% used [0x00000000eac00000,0x00000000eb000000,0x00000000eb000000)
  from space 1536K, 35% used [0x00000000eb000000,0x00000000eb088000,0x00000000eb180000)
  to   space 1536K, 0% used [0x00000000eb580000,0x00000000eb580000,0x00000000eb700000)
 ParOldGen       total 64000K, used 1333K [0x00000000c0400000, 0x00000000c4280000, 0x00000000eac00000)
  object space 64000K, 2% used [0x00000000c0400000,0x00000000c054d538,0x00000000c4280000)
 Metaspace       used 5464K, capacity 6606K, committed 6784K, reserved 1056768K
  class space    used 515K, capacity 552K, committed 640K, reserved 1048576K
Event: 3.183 GC heap after
Heap after GC invocations=8 (full 0):
 PSYoungGen      total 9728K, used 869K [0x00000000eac00000, 0x00000000eb700000, 0x0000000100000000)
  eden space 8192K, 0% used [0x00000000eac00000,0x00000000eac00000,0x00000000eb400000)
  from space 1536K, 56% used [0x00000000eb580000,0x00000000eb6595d0,0x00000000eb700000)
  to   space 1536K, 0% used [0x00000000eb400000,0x00000000eb400000,0x00000000eb580000)
 ParOldGen       total 64000K, used 1469K [0x00000000c0400000, 0x00000000c4280000, 0x00000000eac00000)
  object space 64000K, 2% used [0x00000000c0400000,0x00000000c056f578,0x00000000c4280000)
 Metaspace       used 5464K, capacity 6606K, committed 6784K, reserved 1056768K
  class space    used 515K, capacity 552K, committed 640K, reserved 1048576K
}
Event: 24.609 GC heap before
{Heap before GC invocations=9 (full 0):
 PSYoungGen      total 9728K, used 9026K [0x00000000eac00000, 0x00000000eb700000, 0x0000000100000000)
  eden space 8192K, 99% used [0x00000000eac00000,0x00000000eb3f7488,0x00000000eb400000)
  from space 1536K, 56% used [0x00000000eb580000,0x00000000eb6595d0,0x00000000eb700000)
  to   space 1536K, 0% used [0x00000000eb400000,0x00000000eb400000,0x00000000eb580000)
 ParOldGen       total 64000K, used 1469K [0x00000000c0400000, 0x00000000c4280000, 0x00000000eac00000)
  object space 64000K, 2% used [0x00000000c0400000,0x00000000c056f578,0x00000000c4280000)
 Metaspace       used 6139K, capacity 7150K, committed 7296K, reserved 1056768K
  class space    used 574K, capacity 584K, committed 640K, reserved 1048576K
Event: 24.611 GC heap after
Heap after GC invocations=9 (full 0):
 PSYoungGen      total 9728K, used 1390K [0x00000000eac00000, 0x00000000eb700000, 0x0000000100000000)
  eden space 8192K, 0% used [0x00000000eac00000,0x00000000eac00000,0x00000000eb400000)
  from space 1536K, 90% used [0x00000000eb400000,0x00000000eb55b890,0x00000000eb580000)
  to   space 1536K, 0% used [0x00000000eb580000,0x00000000eb580000,0x00000000eb700000)
 ParOldGen       total 64000K, used 1785K [0x00000000c0400000, 0x00000000c4280000, 0x00000000eac00000)
  object space 64000K, 2% used [0x00000000c0400000,0x00000000c05be490,0x00000000c4280000)
 Metaspace       used 6139K, capacity 7150K, committed 7296K, reserved 1056768K
  class space    used 574K, capacity 584K, committed 640K, reserved 1048576K
}
Event: 35.113 GC heap before
{Heap before GC invocations=10 (full 0):
 PSYoungGen      total 9728K, used 9582K [0x00000000eac00000, 0x00000000eb700000, 0x0000000100000000)
  eden space 8192K, 100% used [0x00000000eac00000,0x00000000eb400000,0x00000000eb400000)
  from space 1536K, 90% used [0x00000000eb400000,0x00000000eb55b890,0x00000000eb580000)
  to   space 1536K, 0% used [0x00000000eb580000,0x00000000eb580000,0x00000000eb700000)
 ParOldGen       total 64000K, used 1785K [0x00000000c0400000, 0x00000000c4280000, 0x00000000eac00000)
  object space 64000K, 2% used [0x00000000c0400000,0x00000000c05be490,0x00000000c4280000)
 Metaspace       used 6182K, capacity 7214K, committed 7296K, reserved 1056768K
  class space    used 576K, capacity 584K, committed 640K, reserved 1048576K
Event: 35.116 GC heap after
Heap after GC invocations=10 (full 0):
 PSYoungGen      total 9728K, used 1241K [0x00000000eac00000, 0x00000000eb700000, 0x0000000100000000)
  eden space 8192K, 0% used [0x00000000eac00000,0x00000000eac00000,0x00000000eb400000)
  from space 1536K, 80% used [0x00000000eb580000,0x00000000eb6b64f8,0x00000000eb700000)
  to   space 1536K, 0% used [0x00000000eb400000,0x00000000eb400000,0x00000000eb580000)
 ParOldGen       total 64000K, used 2013K [0x00000000c0400000, 0x00000000c4280000, 0x00000000eac00000)
  object space 64000K, 3% used [0x00000000c0400000,0x00000000c05f75b0,0x00000000c4280000)
 Metaspace       used 6182K, capacity 7214K, committed 7296K, reserved 1056768K
  class space    used 576K, capacity 584K, committed 640K, reserved 1048576K
}

Deoptimization events (10 events):
Event: 33.130 Thread 0x0000000014f25000 Uncommon trap: reason=class_check action=maybe_recompile pc=0x0000000002cb64b4 method=com.bj.pigport.states.Play.render()V @ 6
Event: 33.147 Thread 0x0000000014f25000 Uncommon trap: reason=class_check action=maybe_recompile pc=0x0000000002cb64b4 method=com.bj.pigport.states.Play.render()V @ 6
Event: 33.164 Thread 0x0000000014f25000 Uncommon trap: reason=class_check action=maybe_recompile pc=0x0000000002cb64b4 method=com.bj.pigport.states.Play.render()V @ 6
Event: 33.647 Thread 0x0000000014f25000 Uncommon trap: reason=class_check action=maybe_recompile pc=0x0000000002cc0a94 method=com.badlogic.gdx.graphics.Camera.apply(Lcom/badlogic/gdx/graphics/GL10;)V @ 4
Event: 33.663 Thread 0x0000000014f25000 Uncommon trap: reason=class_check action=maybe_recompile pc=0x0000000002cc0a94 method=com.badlogic.gdx.graphics.Camera.apply(Lcom/badlogic/gdx/graphics/GL10;)V @ 4
Event: 33.680 Thread 0x0000000014f25000 Uncommon trap: reason=class_check action=maybe_recompile pc=0x0000000002cc0a94 method=com.badlogic.gdx.graphics.Camera.apply(Lcom/badlogic/gdx/graphics/GL10;)V @ 4
Event: 33.698 Thread 0x0000000014f25000 Uncommon trap: reason=class_check action=maybe_recompile pc=0x0000000002cc0a94 method=com.badlogic.gdx.graphics.Camera.apply(Lcom/badlogic/gdx/graphics/GL10;)V @ 4
Event: 35.797 Thread 0x0000000014f25000 Uncommon trap: reason=unreached action=reinterpret pc=0x0000000002ccc08c method=com.bj.pigport.states.Play.render()V @ 58
Event: 42.381 Thread 0x0000000014f25000 Uncommon trap: reason=intrinsic action=make_not_entrant pc=0x0000000002c9fbc8 method=com.bj.pigport.states.Play.getDrawBall(F)V @ 109
Event: 42.465 Thread 0x0000000014f25000 Uncommon trap: reason=intrinsic action=make_not_entrant pc=0x0000000002cdafa4 method=com.bj.pigport.states.Play.getDrawBall(F)V @ 176

Internal exceptions (10 events):
Event: 3.376 Thread 0x0000000014f25000 Exception <a 'java/security/PrivilegedActionException'> (0x00000000eaf6bed8) thrown at [D:\re\workspace\8-2-build-windows-amd64-cygwin\jdk8\2238\hotspot\src\share\vm\prims\jvm.cpp, line 1248]
Event: 3.376 Thread 0x0000000014f25000 Exception <a 'java/security/PrivilegedActionException'> (0x00000000eaf6eec0) thrown at [D:\re\workspace\8-2-build-windows-amd64-cygwin\jdk8\2238\hotspot\src\share\vm\prims\jvm.cpp, line 1248]
Event: 3.378 Thread 0x0000000014f25000 Exception <a 'java/security/PrivilegedActionException'> (0x00000000eaf737f0) thrown at [D:\re\workspace\8-2-build-windows-amd64-cygwin\jdk8\2238\hotspot\src\share\vm\prims\jvm.cpp, line 1248]
Event: 3.378 Thread 0x0000000014f25000 Exception <a 'java/security/PrivilegedActionException'> (0x00000000eaf78350) thrown at [D:\re\workspace\8-2-build-windows-amd64-cygwin\jdk8\2238\hotspot\src\share\vm\prims\jvm.cpp, line 1248]
Event: 3.712 Thread 0x0000000014f25000 Exception <a 'java/security/PrivilegedActionException'> (0x00000000eaf89e68) thrown at [D:\re\workspace\8-2-build-windows-amd64-cygwin\jdk8\2238\hotspot\src\share\vm\prims\jvm.cpp, line 1248]
Event: 3.713 Thread 0x0000000014f25000 Exception <a 'java/security/PrivilegedActionException'> (0x00000000eaf93e18) thrown at [D:\re\workspace\8-2-build-windows-amd64-cygwin\jdk8\2238\hotspot\src\share\vm\prims\jvm.cpp, line 1248]
Event: 24.618 Thread 0x0000000014f25000 Exception <a 'java/security/PrivilegedActionException'> (0x00000000eac5d358) thrown at [D:\re\workspace\8-2-build-windows-amd64-cygwin\jdk8\2238\hotspot\src\share\vm\prims\jvm.cpp, line 1248]
Event: 28.130 Thread 0x0000000014f25000 Exception <a 'java/security/PrivilegedActionException'> (0x00000000eaf16448) thrown at [D:\re\workspace\8-2-build-windows-amd64-cygwin\jdk8\2238\hotspot\src\share\vm\prims\jvm.cpp, line 1248]
Event: 32.246 Thread 0x0000000014f25000 Implicit null exception at 0x0000000002ca1789 to 0x0000000002ca3cfd
Event: 35.797 Thread 0x0000000014f25000 Implicit null exception at 0x0000000002cca71e to 0x0000000002ccc079

Events (10 events):
Event: 35.118 Executing VM operation: RevokeBias done
Event: 35.797 Thread 0x0000000014f25000 Uncommon trap: trap_request=0xffffffad fr.pc=0x0000000002ccc08c
Event: 35.797 Thread 0x0000000014f25000 DEOPT PACKING pc=0x0000000002ccc08c sp=0x000000001772ef60
Event: 35.797 Thread 0x0000000014f25000 DEOPT UNPACKING pc=0x00000000028c55af sp=0x000000001772ef38 mode 2
Event: 42.381 Thread 0x0000000014f25000 Uncommon trap: trap_request=0xffffffcc fr.pc=0x0000000002c9fbc8
Event: 42.381 Thread 0x0000000014f25000 DEOPT PACKING pc=0x0000000002c9fbc8 sp=0x000000001772eca0
Event: 42.381 Thread 0x0000000014f25000 DEOPT UNPACKING pc=0x00000000028c55af sp=0x000000001772ec58 mode 2
Event: 42.465 Thread 0x0000000014f25000 Uncommon trap: trap_request=0xffffffcc fr.pc=0x0000000002cdafa4
Event: 42.465 Thread 0x0000000014f25000 DEOPT PACKING pc=0x0000000002cdafa4 sp=0x000000001772ec90
Event: 42.465 Thread 0x0000000014f25000 DEOPT UNPACKING pc=0x00000000028c55af sp=0x000000001772ec68 mode 2


Dynamic libraries:
0x00007ff6e2560000 - 0x00007ff6e2594000 	C:\Program Files\Java\jre8\bin\javaw.exe
0x00007ffd31600000 - 0x00007ffd317aa000 	C:\Windows\SYSTEM32\ntdll.dll
0x00007ffd2f3d0000 - 0x00007ffd2f50a000 	C:\Windows\system32\KERNEL32.DLL
0x00007ffd2ea90000 - 0x00007ffd2eb9f000 	C:\Windows\system32\KERNELBASE.dll
0x00007ffd2d5a0000 - 0x00007ffd2d628000 	C:\Windows\system32\apphelp.dll
0x00007ffd24870000 - 0x00007ffd248bf000 	C:\Windows\AppPatch\AppPatch64\AcGenral.DLL
0x00007ffd2fb70000 - 0x00007ffd2fc17000 	C:\Windows\system32\msvcrt.dll
0x00007ffd2e7b0000 - 0x00007ffd2e7db000 	C:\Windows\SYSTEM32\SspiCli.dll
0x00007ffd312b0000 - 0x00007ffd31301000 	C:\Windows\system32\SHLWAPI.dll
0x00007ffd2f9f0000 - 0x00007ffd2fb61000 	C:\Windows\system32\USER32.dll
0x00007ffd2f520000 - 0x00007ffd2f698000 	C:\Windows\system32\ole32.dll
0x00007ffd2fc20000 - 0x00007ffd31037000 	C:\Windows\system32\SHELL32.dll
0x00007ffd2df80000 - 0x00007ffd2df9e000 	C:\Windows\SYSTEM32\USERENV.dll
0x00007ffd31140000 - 0x00007ffd311e5000 	C:\Windows\system32\ADVAPI32.dll
0x00007ffd25330000 - 0x00007ffd2534b000 	C:\Windows\SYSTEM32\MPR.dll
0x00007ffd31310000 - 0x00007ffd31446000 	C:\Windows\system32\RPCRT4.dll
0x00007ffd2f950000 - 0x00007ffd2f9a7000 	C:\Windows\SYSTEM32\sechost.dll
0x00007ffd2f770000 - 0x00007ffd2f946000 	C:\Windows\SYSTEM32\combase.dll
0x00007ffd2ee90000 - 0x00007ffd2efd5000 	C:\Windows\system32\GDI32.dll
0x00007ffd2e970000 - 0x00007ffd2e984000 	C:\Windows\SYSTEM32\profapi.dll
0x00007ffd2ca60000 - 0x00007ffd2caff000 	C:\Windows\SYSTEM32\SHCORE.dll
0x00007ffd2f9b0000 - 0x00007ffd2f9e4000 	C:\Windows\system32\IMM32.DLL
0x00007ffd2f090000 - 0x00007ffd2f1c9000 	C:\Windows\system32\MSCTF.dll
0x00007ffd2c630000 - 0x00007ffd2c88a000 	C:\Windows\WinSxS\amd64_microsoft.windows.common-controls_6595b64144ccf1df_6.0.9600.17031_none_6242a4b3ecbb55a1\COMCTL32.dll
0x0000000055fe0000 - 0x00000000560b2000 	C:\Program Files\Java\jre8\bin\msvcr100.dll
0x00000000557b0000 - 0x0000000055fda000 	C:\Program Files\Java\jre8\bin\server\jvm.dll
0x00007ffd2a7d0000 - 0x00007ffd2a7d9000 	C:\Windows\SYSTEM32\WSOCK32.dll
0x00007ffd2b420000 - 0x00007ffd2b43f000 	C:\Windows\SYSTEM32\WINMM.dll
0x00007ffd2f510000 - 0x00007ffd2f517000 	C:\Windows\system32\PSAPI.DLL
0x00007ffd31250000 - 0x00007ffd312a8000 	C:\Windows\system32\WS2_32.dll
0x00007ffd2aef0000 - 0x00007ffd2af1a000 	C:\Windows\SYSTEM32\WINMMBASE.dll
0x00007ffd2f6a0000 - 0x00007ffd2f6a9000 	C:\Windows\system32\NSI.dll
0x00007ffd2ee30000 - 0x00007ffd2ee7a000 	C:\Windows\SYSTEM32\cfgmgr32.dll
0x00007ffd2d7f0000 - 0x00007ffd2d816000 	C:\Windows\SYSTEM32\DEVOBJ.dll
0x00000000557a0000 - 0x00000000557af000 	C:\Program Files\Java\jre8\bin\verify.dll
0x0000000055770000 - 0x0000000055798000 	C:\Program Files\Java\jre8\bin\java.dll
0x0000000055750000 - 0x0000000055766000 	C:\Program Files\Java\jre8\bin\zip.dll
0x0000000065580000 - 0x0000000065610000 	C:\Users\Tobias\AppData\Local\Temp\libgdxTobias\5498721d\gdx64.dll
0x0000000180000000 - 0x0000000180050000 	C:\Users\Tobias\AppData\Local\Temp\libgdxTobias\4c88a7c1\lwjgl64.dll
0x00007ffd203b0000 - 0x00007ffd204d1000 	C:\Windows\SYSTEM32\OPENGL32.dll
0x00007ffd2c450000 - 0x00007ffd2c45a000 	C:\Windows\SYSTEM32\VERSION.dll
0x00007ffd24eb0000 - 0x00007ffd24edc000 	C:\Windows\SYSTEM32\GLU32.dll
0x00007ffd20090000 - 0x00007ffd20184000 	C:\Windows\SYSTEM32\DDRAW.dll
0x00007ffd2a240000 - 0x00007ffd2a249000 	C:\Windows\SYSTEM32\DCIMAN32.dll
0x0000000002600000 - 0x0000000002664000 	C:\Users\Tobias\AppData\Local\Temp\libgdxTobias\4c88a7c1\OpenAL64.dll
0x00007ffd2d860000 - 0x00007ffd2d86a000 	C:\Windows\SYSTEM32\kernel.appcore.dll
0x00007ffd2e840000 - 0x00007ffd2e84a000 	C:\Windows\SYSTEM32\CRYPTBASE.dll
0x00007ffd2e7e0000 - 0x00007ffd2e840000 	C:\Windows\SYSTEM32\bcryptPrimitives.dll
0x00007ffd2d670000 - 0x00007ffd2d791000 	C:\Windows\system32\uxtheme.dll
0x00007ffd2efe0000 - 0x00007ffd2f084000 	C:\Windows\SYSTEM32\clbcatq.dll
0x00007ffd100f0000 - 0x00007ffd10177000 	C:\Windows\SYSTEM32\dsound.dll
0x00007ffd2e910000 - 0x00007ffd2e955000 	C:\Windows\SYSTEM32\POWRPROF.dll
0x00007ffd2c200000 - 0x00007ffd2c262000 	C:\Windows\System32\MMDevApi.dll
0x00007ffd287b0000 - 0x00007ffd28826000 	C:\Windows\SYSTEM32\AUDIOSES.DLL
0x00007ffd2f6b0000 - 0x00007ffd2f767000 	C:\Windows\system32\OLEAUT32.dll
0x00007ffd2c890000 - 0x00007ffd2c8b0000 	C:\Windows\system32\dwmapi.dll
0x00007ffd24e90000 - 0x00007ffd24ea8000 	C:\Windows\SYSTEM32\atig6pxx.dll
0x0000000053d20000 - 0x00000000556c1000 	C:\Windows\SYSTEM32\atio6axx.dll
0x00007ffd2f1f0000 - 0x00007ffd2f3c4000 	C:\Windows\system32\SETUPAPI.dll
0x00007ffd19950000 - 0x00007ffd19a78000 	C:\Windows\SYSTEM32\atiadlxx.dll
0x00007ffd2a660000 - 0x00007ffd2a7c5000 	C:\Windows\SYSTEM32\PROPSYS.dll
0x00007ffd2a620000 - 0x00007ffd2a631000 	C:\Windows\SYSTEM32\WTSAPI32.dll
0x00007ffd2a0e0000 - 0x00007ffd2a109000 	C:\Windows\SYSTEM32\IPHLPAPI.DLL
0x00007ffd2a0c0000 - 0x00007ffd2a0ca000 	C:\Windows\SYSTEM32\WINNSI.DLL
0x00007ffd2ea40000 - 0x00007ffd2ea8c000 	C:\Windows\system32\WINTRUST.dll
0x00007ffd2ec50000 - 0x00007ffd2ee27000 	C:\Windows\system32\CRYPT32.dll
0x00007ffd2ea20000 - 0x00007ffd2ea32000 	C:\Windows\system32\MSASN1.dll
0x00007ffd2c460000 - 0x00007ffd2c5a4000 	C:\Windows\SYSTEM32\aticfx64.dll
0x00007ffd24db0000 - 0x00007ffd24dce000 	C:\Windows\SYSTEM32\atig6txx.dll
0x00007ffd07de0000 - 0x00007ffd07e6d000 	C:\Windows\SYSTEM32\mscms.dll
0x00007ffd24820000 - 0x00007ffd24861000 	C:\Windows\SYSTEM32\icm32.dll
0x00007ffd1e050000 - 0x00007ffd1e1d8000 	C:\Windows\SYSTEM32\dbghelp.dll

VM Arguments:
jvm_args: -Dfile.encoding=Cp1252 
java_command: com.bj.pigport.main.PigPortDesktop
java_class_path (initial): C:\Users\Tobias\Dropbox\BJ Games\2nd Game - PigPort\SourceCodeV2\workspace\PigPort\bin;C:\Users\Tobias\Dropbox\BJ Games\2nd Game - PigPort\SourceCodeV2\workspace\PigPort\libs\gdx-backend-lwjgl.jar;C:\Users\Tobias\Dropbox\BJ Games\2nd Game - PigPort\SourceCodeV2\workspace\PigPort\libs\gdx-natives.jar;C:\Users\Tobias\Dropbox\BJ Games\2nd Game - PigPort\SourceCodeV2\workspace\PigPort\libs\gdx.jar;C:\Users\Tobias\Dropbox\BJ Games\2nd Game - PigPort\SourceCodeV2\workspace\PigPort\libs\gdx-backend-lwjgl-natives.jar
Launcher Type: SUN_STANDARD

Environment Variables:
PATH=C:\Windows\system32;C:\Windows;C:\Windows\System32\Wbem;C:\Windows\System32\WindowsPowerShell\v1.0\;C:\Program Files (x86)\ATI Technologies\ATI.ACE\Core-Static
USERNAME=Tobias
OS=Windows_NT
PROCESSOR_IDENTIFIER=Intel64 Family 6 Model 42 Stepping 7, GenuineIntel



---------------  S Y S T E M  ---------------

OS: Windows 8.1 , 64 bit Build 9600 

CPU:total 4 (2 cores per cpu, 2 threads per core) family 6 model 42 stepping 7, cmov, cx8, fxsr, mmx, sse, sse2, sse3, ssse3, sse4.1, sse4.2, popcnt, avx, clmul, ht, tsc, tscinvbit

Memory: 4k page, physical 4169860k(1476108k free), swap 5480580k(1770432k free)

vm_info: Java HotSpot(TM) 64-Bit Server VM (25.0-b70) for windows-amd64 JRE (1.8.0-b132), built on Mar  4 2014 03:46:18 by "java_re" with MS VC++ 10.0 (VS2010)

time: Mon May 12 13:35:23 2014
elapsed time: 45 seconds

