#
# A fatal error has been detected by the Java Runtime Environment:
#
#  EXCEPTION_ACCESS_VIOLATION (0xc0000005) at pc=0x000000006558b3ed, pid=9944, tid=8176
#
# JRE version: Java(TM) SE Runtime Environment (8.0-b132) (build 1.8.0-b132)
# Java VM: Java HotSpot(TM) 64-Bit Server VM (25.0-b70 mixed mode windows-amd64 compressed oops)
# Problematic frame:
# C  [gdx64.dll+0xb3ed]
#
# Failed to write core dump. Minidumps are not enabled by default on client versions of Windows
#
# If you would like to submit a bug report, please visit:
#   http://bugreport.sun.com/bugreport/crash.jsp
# The crash happened outside the Java Virtual Machine in native code.
# See problematic frame for where to report the bug.
#

---------------  T H R E A D  ---------------

Current thread (0x00000000167a5800):  JavaThread "LWJGL Application" [_thread_in_native, id=8176, stack(0x00000000174e0000,0x00000000175e0000)]

siginfo: ExceptionCode=0xc0000005, reading address 0x000000021aa69570

Registers:
RAX=0x0000000000000008, RBX=0x000000001ab83ad0, RCX=0x000000021aa69570, RDX=0x00000000000000b8
RSP=0x00000000175de6b0, RBP=0x00000000175de880, RSI=0x0000000000000006, RDI=0x0000000000000001
R8 =0x000000001ab83ad0, R9 =0x0000000000000000, R10=0x0000000000000001, R11=0x0000000000000001
R12=0x0000000000000000, R13=0x0000000014a93968, R14=0x00000000175de9f8, R15=0x00000000167a5800
RIP=0x000000006558b3ed, EFLAGS=0x0000000000010202

Top of Stack: (sp=0x00000000175de6b0)
0x00000000175de6b0:   0000000000000000 000000005585b2b3
0x00000000175de6c0:   00000000175de7c8 000000000275275f
0x00000000175de6d0:   000000001ab83ad0 00000000175de760
0x00000000175de6e0:   0000000000000001 00000000175de880
0x00000000175de6f0:   0000000000000000 00000000655a1d53
0x00000000175de700:   00000000167a5800 0000000000000002
0x00000000175de710:   00000000000003d8 00000000167a5800
0x00000000175de720:   0000000000000002 0000000000000001
0x00000000175de730:   0000000000000001 00000000655aa428
0x00000000175de740:   00000004fffff810 000000000000000d
0x00000000175de750:   00000000175de918 00000000149f32c8
0x00000000175de760:   41947ae100000002 000000004170cccd
0x00000000175de770:   0000000000000000 0000000000000000
0x00000000175de780:   0000010100000000 00000000655cc601
0x00000000175de790:   0000000000000000 000000003f800000
0x00000000175de7a0:   00000000c06479c0 0000000002b0d724 

Instructions: (pc=0x000000006558b3ed)
0x000000006558b3cd:   8f ec 05 00 48 63 f6 0f b6 34 30 83 fe 0d 77 25
0x000000006558b3dd:   48 63 f6 48 8d 46 02 48 8b 0c c3 48 85 c9 74 3e
0x000000006558b3ed:   48 8b 11 48 89 14 c3 48 89 c8 48 83 c4 20 5b 5e
0x000000006558b3fd:   5f 5d 41 5c c3 48 8d 0d af 06 05 00 48 8d 15 40 


Register to memory mapping:

RAX=0x0000000000000008 is an unknown value
RBX=0x000000001ab83ad0 is an unknown value
RCX=0x000000021aa69570 is an unknown value
RDX=0x00000000000000b8 is an unknown value
RSP=0x00000000175de6b0 is pointing into the stack for thread: 0x00000000167a5800
RBP=0x00000000175de880 is pointing into the stack for thread: 0x00000000167a5800
RSI=0x0000000000000006 is an unknown value
RDI=0x0000000000000001 is an unknown value
R8 =0x000000001ab83ad0 is an unknown value
R9 =0x0000000000000000 is an unknown value
R10=0x0000000000000001 is an unknown value
R11=0x0000000000000001 is an unknown value
R12=0x0000000000000000 is an unknown value
R13=0x0000000014a93968 is an unknown value
R14=0x00000000175de9f8 is pointing into the stack for thread: 0x00000000167a5800
R15=0x00000000167a5800 is a thread


Stack: [0x00000000174e0000,0x00000000175e0000],  sp=0x00000000175de6b0,  free space=1017k
Native frames: (J=compiled Java code, j=interpreted, Vv=VM code, C=native code)
C  [gdx64.dll+0xb3ed]
C  [gdx64.dll+0x21d53]
C  [gdx64.dll+0x2a428]
C  0x0000000002b0d724

Java frames: (J=compiled Java code, j=interpreted, Vv=VM code)
J 1041  com.badlogic.gdx.physics.box2d.World.jniCreateBody(JIFFFFFFFFZZZZZF)J (0 bytes) @ 0x0000000002b0d6a6 [0x0000000002b0d600+0xa6]
J 1016 C1 com.badlogic.gdx.physics.box2d.World.createBody(Lcom/badlogic/gdx/physics/box2d/BodyDef;)Lcom/badlogic/gdx/physics/box2d/Body; (120 bytes) @ 0x0000000002aeecb4 [0x0000000002aeeb20+0x194]
j  com.bj.pigport.states.Play.createFireArrow()V+60
J 815 C1 com.bj.pigport.states.Play.handleInput()V (2084 bytes) @ 0x0000000002a59ffc [0x0000000002a4f940+0xa6bc]
J 1093 C1 com.bj.pigport.states.Play.update(F)V (834 bytes) @ 0x0000000002ba099c [0x0000000002ba08a0+0xfc]
J 876 C1 com.bj.pigport.main.Game.render()V (58 bytes) @ 0x0000000002a9b73c [0x0000000002a9aae0+0xc5c]
j  com.badlogic.gdx.backends.lwjgl.LwjglApplication.mainLoop()V+642
j  com.badlogic.gdx.backends.lwjgl.LwjglApplication$1.run()V+27
v  ~StubRoutines::call_stub

---------------  P R O C E S S  ---------------

Java Threads: ( => current thread )
  0x0000000019655000 JavaThread "LWJGL Timer" daemon [_thread_blocked, id=8732, stack(0x000000001bf50000,0x000000001c050000)]
  0x0000000002630800 JavaThread "DestroyJavaVM" [_thread_blocked, id=10132, stack(0x0000000002530000,0x0000000002630000)]
=>0x00000000167a5800 JavaThread "LWJGL Application" [_thread_in_native, id=8176, stack(0x00000000174e0000,0x00000000175e0000)]
  0x0000000016630800 JavaThread "Service Thread" daemon [_thread_blocked, id=7320, stack(0x0000000016a20000,0x0000000016b20000)]
  0x0000000014dd8800 JavaThread "C1 CompilerThread2" daemon [_thread_blocked, id=9044, stack(0x0000000016520000,0x0000000016620000)]
  0x0000000014dd4000 JavaThread "C2 CompilerThread1" daemon [_thread_blocked, id=6028, stack(0x0000000016420000,0x0000000016520000)]
  0x0000000014dcb000 JavaThread "C2 CompilerThread0" daemon [_thread_blocked, id=9244, stack(0x0000000016320000,0x0000000016420000)]
  0x0000000014dc9000 JavaThread "Attach Listener" daemon [_thread_blocked, id=8060, stack(0x0000000016220000,0x0000000016320000)]
  0x0000000014dc7000 JavaThread "Signal Dispatcher" daemon [_thread_blocked, id=8640, stack(0x0000000016120000,0x0000000016220000)]
  0x0000000002721000 JavaThread "Finalizer" daemon [_thread_blocked, id=9596, stack(0x0000000016020000,0x0000000016120000)]
  0x0000000014d98000 JavaThread "Reference Handler" daemon [_thread_blocked, id=9852, stack(0x0000000015f20000,0x0000000016020000)]

Other Threads:
  0x0000000014d97000 VMThread [stack: 0x0000000015e20000,0x0000000015f20000] [id=5032]
  0x0000000014e2e000 WatcherThread [stack: 0x0000000016b20000,0x0000000016c20000] [id=2336]

VM state:not at safepoint (normal execution)

VM Mutex/Monitor currently owned by a thread: None

Heap:
 PSYoungGen      total 5120K, used 547K [0x00000000eac00000, 0x00000000eb300000, 0x0000000100000000)
  eden space 4096K, 9% used [0x00000000eac00000,0x00000000eac60e40,0x00000000eb000000)
  from space 1024K, 15% used [0x00000000eb200000,0x00000000eb228000,0x00000000eb300000)
  to   space 1536K, 0% used [0x00000000eb000000,0x00000000eb000000,0x00000000eb180000)
 ParOldGen       total 64000K, used 3231K [0x00000000c0400000, 0x00000000c4280000, 0x00000000eac00000)
  object space 64000K, 5% used [0x00000000c0400000,0x00000000c0727d88,0x00000000c4280000)
 Metaspace       used 6178K, capacity 7214K, committed 7296K, reserved 1056768K
  class space    used 576K, capacity 584K, committed 640K, reserved 1048576K

Card table byte_map: [0x0000000011af0000,0x0000000011cf0000] byte_map_base: 0x00000000114ee000

Marking Bits: (ParMarkBitMap*) 0x0000000055f613b0
 Begin Bits: [0x0000000012250000, 0x0000000013240000)
 End Bits:   [0x0000000013240000, 0x0000000014230000)

Polling page: 0x0000000000a70000

CodeCache: size=245760Kb used=4647Kb max_used=4696Kb free=241112Kb
 bounds [0x0000000002730000, 0x0000000002be0000, 0x0000000011730000]
 total_blobs=1530 nmethods=1100 adapters=344
 compilation: enabled

Compilation events (10 events):
Event: 76.447 Thread 0x0000000014dd8800 1096       3       com.badlogic.gdx.physics.box2d.Fixture::setUserData (6 bytes)
Event: 76.447 Thread 0x0000000014dd8800 nmethod 1096 0x0000000002b54e50 code [0x0000000002b54fa0, 0x0000000002b55110]
Event: 77.079 Thread 0x0000000014dd4000 1097       4       com.bj.pigport.states.Play::render (825 bytes)
Event: 77.241 Thread 0x0000000014dd4000 nmethod 1097 0x0000000002baa150 code [0x0000000002baa900, 0x0000000002bae7f8]
Event: 77.447 Thread 0x0000000014dcb000 1098       4       com.bj.pigport.states.Play::render (825 bytes)
Event: 77.606 Thread 0x0000000014dcb000 nmethod 1098 0x0000000002bb4550 code [0x0000000002bb4d20, 0x0000000002bb8d28]
Event: 77.863 Thread 0x0000000014dd4000 1099       4       com.bj.pigport.handlers.MyContactListener::beginContact (2212 bytes)
Event: 78.163 Thread 0x0000000014dcb000 1100   !   4       org.lwjgl.input.Mouse::next (235 bytes)
Event: 78.183 Thread 0x0000000014dcb000 nmethod 1100 0x0000000002b7b610 code [0x0000000002b7b840, 0x0000000002b7c4b0]
Event: 79.326 Thread 0x0000000014dd4000 nmethod 1099 0x0000000002bc9990 code [0x0000000002bca160, 0x0000000002bd33a0]

GC Heap History (10 events):
Event: 57.679 GC heap before
{Heap before GC invocations=12 (full 0):
 PSYoungGen      total 4608K, used 4349K [0x00000000eac00000, 0x00000000eb580000, 0x0000000100000000)
  eden space 4096K, 99% used [0x00000000eac00000,0x00000000eaff7520,0x00000000eb000000)
  from space 512K, 56% used [0x00000000eb300000,0x00000000eb348000,0x00000000eb380000)
  to   space 1536K, 0% used [0x00000000eb400000,0x00000000eb400000,0x00000000eb580000)
 ParOldGen       total 64000K, used 2310K [0x00000000c0400000, 0x00000000c4280000, 0x00000000eac00000)
  object space 64000K, 3% used [0x00000000c0400000,0x00000000c0641948,0x00000000c4280000)
 Metaspace       used 6153K, capacity 7150K, committed 7296K, reserved 1056768K
  class space    used 574K, capacity 584K, committed 640K, reserved 1048576K
Event: 57.680 GC heap after
Heap after GC invocations=12 (full 0):
 PSYoungGen      total 5120K, used 968K [0x00000000eac00000, 0x00000000eb500000, 0x0000000100000000)
  eden space 4096K, 0% used [0x00000000eac00000,0x00000000eac00000,0x00000000eb000000)
  from space 1024K, 94% used [0x00000000eb400000,0x00000000eb4f2380,0x00000000eb500000)
  to   space 1536K, 0% used [0x00000000eb200000,0x00000000eb200000,0x00000000eb380000)
 ParOldGen       total 64000K, used 2326K [0x00000000c0400000, 0x00000000c4280000, 0x00000000eac00000)
  object space 64000K, 3% used [0x00000000c0400000,0x00000000c0645948,0x00000000c4280000)
 Metaspace       used 6153K, capacity 7150K, committed 7296K, reserved 1056768K
  class space    used 574K, capacity 584K, committed 640K, reserved 1048576K
}
Event: 63.262 GC heap before
{Heap before GC invocations=13 (full 0):
 PSYoungGen      total 5120K, used 5064K [0x00000000eac00000, 0x00000000eb500000, 0x0000000100000000)
  eden space 4096K, 100% used [0x00000000eac00000,0x00000000eb000000,0x00000000eb000000)
  from space 1024K, 94% used [0x00000000eb400000,0x00000000eb4f2380,0x00000000eb500000)
  to   space 1536K, 0% used [0x00000000eb200000,0x00000000eb200000,0x00000000eb380000)
 ParOldGen       total 64000K, used 2326K [0x00000000c0400000, 0x00000000c4280000, 0x00000000eac00000)
  object space 64000K, 3% used [0x00000000c0400000,0x00000000c0645948,0x00000000c4280000)
 Metaspace       used 6175K, capacity 7214K, committed 7296K, reserved 1056768K
  class space    used 575K, capacity 584K, committed 640K, reserved 1048576K
Event: 63.264 GC heap after
Heap after GC invocations=13 (full 0):
 PSYoungGen      total 4608K, used 320K [0x00000000eac00000, 0x00000000eb480000, 0x0000000100000000)
  eden space 4096K, 0% used [0x00000000eac00000,0x00000000eac00000,0x00000000eb000000)
  from space 512K, 62% used [0x00000000eb200000,0x00000000eb250110,0x00000000eb280000)
  to   space 1536K, 0% used [0x00000000eb300000,0x00000000eb300000,0x00000000eb480000)
 ParOldGen       total 64000K, used 2943K [0x00000000c0400000, 0x00000000c4280000, 0x00000000eac00000)
  object space 64000K, 4% used [0x00000000c0400000,0x00000000c06dfc78,0x00000000c4280000)
 Metaspace       used 6175K, capacity 7214K, committed 7296K, reserved 1056768K
  class space    used 575K, capacity 584K, committed 640K, reserved 1048576K
}
Event: 69.395 GC heap before
{Heap before GC invocations=14 (full 0):
 PSYoungGen      total 4608K, used 4416K [0x00000000eac00000, 0x00000000eb480000, 0x0000000100000000)
  eden space 4096K, 100% used [0x00000000eac00000,0x00000000eb000000,0x00000000eb000000)
  from space 512K, 62% used [0x00000000eb200000,0x00000000eb250110,0x00000000eb280000)
  to   space 1536K, 0% used [0x00000000eb300000,0x00000000eb300000,0x00000000eb480000)
 ParOldGen       total 64000K, used 2943K [0x00000000c0400000, 0x00000000c4280000, 0x00000000eac00000)
  object space 64000K, 4% used [0x00000000c0400000,0x00000000c06dfc78,0x00000000c4280000)
 Metaspace       used 6178K, capacity 7214K, committed 7296K, reserved 1056768K
  class space    used 576K, capacity 584K, committed 640K, reserved 1048576K
Event: 69.396 GC heap after
Heap after GC invocations=14 (full 0):
 PSYoungGen      total 4608K, used 128K [0x00000000eac00000, 0x00000000eb380000, 0x0000000100000000)
  eden space 4096K, 0% used [0x00000000eac00000,0x00000000eac00000,0x00000000eb000000)
  from space 512K, 25% used [0x00000000eb300000,0x00000000eb320000,0x00000000eb380000)
  to   space 1536K, 0% used [0x00000000eb080000,0x00000000eb080000,0x00000000eb200000)
 ParOldGen       total 64000K, used 3199K [0x00000000c0400000, 0x00000000c4280000, 0x00000000eac00000)
  object space 64000K, 4% used [0x00000000c0400000,0x00000000c071fd88,0x00000000c4280000)
 Metaspace       used 6178K, capacity 7214K, committed 7296K, reserved 1056768K
  class space    used 576K, capacity 584K, committed 640K, reserved 1048576K
}
Event: 74.229 GC heap before
{Heap before GC invocations=15 (full 0):
 PSYoungGen      total 4608K, used 4224K [0x00000000eac00000, 0x00000000eb380000, 0x0000000100000000)
  eden space 4096K, 100% used [0x00000000eac00000,0x00000000eb000000,0x00000000eb000000)
  from space 512K, 25% used [0x00000000eb300000,0x00000000eb320000,0x00000000eb380000)
  to   space 1536K, 0% used [0x00000000eb080000,0x00000000eb080000,0x00000000eb200000)
 ParOldGen       total 64000K, used 3199K [0x00000000c0400000, 0x00000000c4280000, 0x00000000eac00000)
  object space 64000K, 4% used [0x00000000c0400000,0x00000000c071fd88,0x00000000c4280000)
 Metaspace       used 6178K, capacity 7214K, committed 7296K, reserved 1056768K
  class space    used 576K, capacity 584K, committed 640K, reserved 1048576K
Event: 74.230 GC heap after
Heap after GC invocations=15 (full 0):
 PSYoungGen      total 5632K, used 160K [0x00000000eac00000, 0x00000000eb380000, 0x0000000100000000)
  eden space 4096K, 0% used [0x00000000eac00000,0x00000000eac00000,0x00000000eb000000)
  from space 1536K, 10% used [0x00000000eb080000,0x00000000eb0a8000,0x00000000eb200000)
  to   space 1536K, 0% used [0x00000000eb200000,0x00000000eb200000,0x00000000eb380000)
 ParOldGen       total 64000K, used 3215K [0x00000000c0400000, 0x00000000c4280000, 0x00000000eac00000)
  object space 64000K, 5% used [0x00000000c0400000,0x00000000c0723d88,0x00000000c4280000)
 Metaspace       used 6178K, capacity 7214K, committed 7296K, reserved 1056768K
  class space    used 576K, capacity 584K, committed 640K, reserved 1048576K
}
Event: 79.580 GC heap before
{Heap before GC invocations=16 (full 0):
 PSYoungGen      total 5632K, used 4256K [0x00000000eac00000, 0x00000000eb380000, 0x0000000100000000)
  eden space 4096K, 100% used [0x00000000eac00000,0x00000000eb000000,0x00000000eb000000)
  from space 1536K, 10% used [0x00000000eb080000,0x00000000eb0a8000,0x00000000eb200000)
  to   space 1536K, 0% used [0x00000000eb200000,0x00000000eb200000,0x00000000eb380000)
 ParOldGen       total 64000K, used 3215K [0x00000000c0400000, 0x00000000c4280000, 0x00000000eac00000)
  object space 64000K, 5% used [0x00000000c0400000,0x00000000c0723d88,0x00000000c4280000)
 Metaspace       used 6178K, capacity 7214K, committed 7296K, reserved 1056768K
  class space    used 576K, capacity 584K, committed 640K, reserved 1048576K
Event: 79.581 GC heap after
Heap after GC invocations=16 (full 0):
 PSYoungGen      total 5120K, used 160K [0x00000000eac00000, 0x00000000eb300000, 0x0000000100000000)
  eden space 4096K, 0% used [0x00000000eac00000,0x00000000eac00000,0x00000000eb000000)
  from space 1024K, 15% used [0x00000000eb200000,0x00000000eb228000,0x00000000eb300000)
  to   space 1536K, 0% used [0x00000000eb000000,0x00000000eb000000,0x00000000eb180000)
 ParOldGen       total 64000K, used 3231K [0x00000000c0400000, 0x00000000c4280000, 0x00000000eac00000)
  object space 64000K, 5% used [0x00000000c0400000,0x00000000c0727d88,0x00000000c4280000)
 Metaspace       used 6178K, capacity 7214K, committed 7296K, reserved 1056768K
  class space    used 576K, capacity 584K, committed 640K, reserved 1048576K
}

Deoptimization events (10 events):
Event: 63.495 Thread 0x00000000167a5800 Uncommon trap: reason=class_check action=maybe_recompile pc=0x0000000002b70fb4 method=com.bj.pigport.states.Play.render()V @ 6
Event: 63.512 Thread 0x00000000167a5800 Uncommon trap: reason=class_check action=maybe_recompile pc=0x0000000002b70fb4 method=com.bj.pigport.states.Play.render()V @ 6
Event: 63.528 Thread 0x00000000167a5800 Uncommon trap: reason=class_check action=maybe_recompile pc=0x0000000002b70fb4 method=com.bj.pigport.states.Play.render()V @ 6
Event: 64.161 Thread 0x00000000167a5800 Uncommon trap: reason=intrinsic action=make_not_entrant pc=0x0000000002b812e4 method=com.bj.pigport.states.Play.render()V @ 216
Event: 64.812 Thread 0x00000000167a5800 Uncommon trap: reason=unreached action=reinterpret pc=0x0000000002b91fcc method=com.bj.pigport.states.Play.render()V @ 58
Event: 71.412 Thread 0x00000000167a5800 Uncommon trap: reason=unreached action=reinterpret pc=0x0000000002b5acf4 method=com.bj.pigport.states.Play.update(F)V @ 288
Event: 77.246 Thread 0x00000000167a5800 Uncommon trap: reason=class_check action=maybe_recompile pc=0x0000000002bad4fc method=com.badlogic.gdx.graphics.Camera.apply(Lcom/badlogic/gdx/graphics/GL10;)V @ 4
Event: 77.263 Thread 0x00000000167a5800 Uncommon trap: reason=class_check action=maybe_recompile pc=0x0000000002bad4fc method=com.badlogic.gdx.graphics.Camera.apply(Lcom/badlogic/gdx/graphics/GL10;)V @ 4
Event: 77.279 Thread 0x00000000167a5800 Uncommon trap: reason=class_check action=maybe_recompile pc=0x0000000002bad4fc method=com.badlogic.gdx.graphics.Camera.apply(Lcom/badlogic/gdx/graphics/GL10;)V @ 4
Event: 77.296 Thread 0x00000000167a5800 Uncommon trap: reason=class_check action=maybe_recompile pc=0x0000000002bad4fc method=com.badlogic.gdx.graphics.Camera.apply(Lcom/badlogic/gdx/graphics/GL10;)V @ 4

Internal exceptions (10 events):
Event: 2.921 Thread 0x00000000167a5800 Exception <a 'java/security/PrivilegedActionException'> (0x00000000eaf53e00) thrown at [D:\re\workspace\8-2-build-windows-amd64-cygwin\jdk8\2238\hotspot\src\share\vm\prims\jvm.cpp, line 1248]
Event: 2.922 Thread 0x00000000167a5800 Exception <a 'java/security/PrivilegedActionException'> (0x00000000eaf56de8) thrown at [D:\re\workspace\8-2-build-windows-amd64-cygwin\jdk8\2238\hotspot\src\share\vm\prims\jvm.cpp, line 1248]
Event: 2.923 Thread 0x00000000167a5800 Exception <a 'java/security/PrivilegedActionException'> (0x00000000eaf5b6f8) thrown at [D:\re\workspace\8-2-build-windows-amd64-cygwin\jdk8\2238\hotspot\src\share\vm\prims\jvm.cpp, line 1248]
Event: 2.924 Thread 0x00000000167a5800 Exception <a 'java/security/PrivilegedActionException'> (0x00000000eaf60258) thrown at [D:\re\workspace\8-2-build-windows-amd64-cygwin\jdk8\2238\hotspot\src\share\vm\prims\jvm.cpp, line 1248]
Event: 3.107 Thread 0x00000000167a5800 Exception <a 'java/security/PrivilegedActionException'> (0x00000000eaf6b450) thrown at [D:\re\workspace\8-2-build-windows-amd64-cygwin\jdk8\2238\hotspot\src\share\vm\prims\jvm.cpp, line 1248]
Event: 3.108 Thread 0x00000000167a5800 Exception <a 'java/security/PrivilegedActionException'> (0x00000000eaf6f550) thrown at [D:\re\workspace\8-2-build-windows-amd64-cygwin\jdk8\2238\hotspot\src\share\vm\prims\jvm.cpp, line 1248]
Event: 55.376 Thread 0x00000000167a5800 Exception <a 'java/security/PrivilegedActionException'> (0x00000000ead8d940) thrown at [D:\re\workspace\8-2-build-windows-amd64-cygwin\jdk8\2238\hotspot\src\share\vm\prims\jvm.cpp, line 1248]
Event: 57.684 Thread 0x00000000167a5800 Exception <a 'java/security/PrivilegedActionException'> (0x00000000eac24ae8) thrown at [D:\re\workspace\8-2-build-windows-amd64-cygwin\jdk8\2238\hotspot\src\share\vm\prims\jvm.cpp, line 1248]
Event: 64.812 Thread 0x00000000167a5800 Implicit null exception at 0x0000000002b8fca3 to 0x0000000002b91fb9
Event: 71.412 Thread 0x00000000167a5800 Implicit null exception at 0x0000000002b58a88 to 0x0000000002b5acd9

Events (10 events):
Event: 77.263 Thread 0x00000000167a5800 DEOPT PACKING pc=0x0000000002bad4fc sp=0x00000000175deec0
Event: 77.263 Thread 0x00000000167a5800 DEOPT UNPACKING pc=0x00000000027755af sp=0x00000000175dee30 mode 2
Event: 77.279 Thread 0x00000000167a5800 Uncommon trap: trap_request=0xffffffde fr.pc=0x0000000002bad4fc
Event: 77.279 Thread 0x00000000167a5800 DEOPT PACKING pc=0x0000000002bad4fc sp=0x00000000175deec0
Event: 77.279 Thread 0x00000000167a5800 DEOPT UNPACKING pc=0x00000000027755af sp=0x00000000175dee30 mode 2
Event: 77.296 Thread 0x00000000167a5800 Uncommon trap: trap_request=0xffffffde fr.pc=0x0000000002bad4fc
Event: 77.296 Thread 0x00000000167a5800 DEOPT PACKING pc=0x0000000002bad4fc sp=0x00000000175deec0
Event: 77.296 Thread 0x00000000167a5800 DEOPT UNPACKING pc=0x00000000027755af sp=0x00000000175dee30 mode 2
Event: 79.580 Executing VM operation: ParallelGCFailedAllocation
Event: 79.581 Executing VM operation: ParallelGCFailedAllocation done


Dynamic libraries:
0x00007ff6e2560000 - 0x00007ff6e2594000 	C:\Program Files\Java\jre8\bin\javaw.exe
0x00007ffd31600000 - 0x00007ffd317aa000 	C:\Windows\SYSTEM32\ntdll.dll
0x00007ffd2f3d0000 - 0x00007ffd2f50a000 	C:\Windows\system32\KERNEL32.DLL
0x00007ffd2ea90000 - 0x00007ffd2eb9f000 	C:\Windows\system32\KERNELBASE.dll
0x00007ffd2d5a0000 - 0x00007ffd2d628000 	C:\Windows\system32\apphelp.dll
0x00007ffd24870000 - 0x00007ffd248bf000 	C:\Windows\AppPatch\AppPatch64\AcGenral.DLL
0x00007ffd2fb70000 - 0x00007ffd2fc17000 	C:\Windows\system32\msvcrt.dll
0x00007ffd2e7b0000 - 0x00007ffd2e7db000 	C:\Windows\SYSTEM32\SspiCli.dll
0x00007ffd312b0000 - 0x00007ffd31301000 	C:\Windows\system32\SHLWAPI.dll
0x00007ffd2f9f0000 - 0x00007ffd2fb61000 	C:\Windows\system32\USER32.dll
0x00007ffd2f520000 - 0x00007ffd2f698000 	C:\Windows\system32\ole32.dll
0x00007ffd2fc20000 - 0x00007ffd31037000 	C:\Windows\system32\SHELL32.dll
0x00007ffd2df80000 - 0x00007ffd2df9e000 	C:\Windows\SYSTEM32\USERENV.dll
0x00007ffd31140000 - 0x00007ffd311e5000 	C:\Windows\system32\ADVAPI32.dll
0x00007ffd25330000 - 0x00007ffd2534b000 	C:\Windows\SYSTEM32\MPR.dll
0x00007ffd31310000 - 0x00007ffd31446000 	C:\Windows\system32\RPCRT4.dll
0x00007ffd2f950000 - 0x00007ffd2f9a7000 	C:\Windows\SYSTEM32\sechost.dll
0x00007ffd2f770000 - 0x00007ffd2f946000 	C:\Windows\SYSTEM32\combase.dll
0x00007ffd2ee90000 - 0x00007ffd2efd5000 	C:\Windows\system32\GDI32.dll
0x00007ffd2e970000 - 0x00007ffd2e984000 	C:\Windows\SYSTEM32\profapi.dll
0x00007ffd2ca60000 - 0x00007ffd2caff000 	C:\Windows\SYSTEM32\SHCORE.dll
0x00007ffd2f9b0000 - 0x00007ffd2f9e4000 	C:\Windows\system32\IMM32.DLL
0x00007ffd2f090000 - 0x00007ffd2f1c9000 	C:\Windows\system32\MSCTF.dll
0x00007ffd2c630000 - 0x00007ffd2c88a000 	C:\Windows\WinSxS\amd64_microsoft.windows.common-controls_6595b64144ccf1df_6.0.9600.17031_none_6242a4b3ecbb55a1\COMCTL32.dll
0x0000000055fe0000 - 0x00000000560b2000 	C:\Program Files\Java\jre8\bin\msvcr100.dll
0x00000000557b0000 - 0x0000000055fda000 	C:\Program Files\Java\jre8\bin\server\jvm.dll
0x00007ffd2a7d0000 - 0x00007ffd2a7d9000 	C:\Windows\SYSTEM32\WSOCK32.dll
0x00007ffd2b420000 - 0x00007ffd2b43f000 	C:\Windows\SYSTEM32\WINMM.dll
0x00007ffd2f510000 - 0x00007ffd2f517000 	C:\Windows\system32\PSAPI.DLL
0x00007ffd31250000 - 0x00007ffd312a8000 	C:\Windows\system32\WS2_32.dll
0x00007ffd2aef0000 - 0x00007ffd2af1a000 	C:\Windows\SYSTEM32\WINMMBASE.dll
0x00007ffd2f6a0000 - 0x00007ffd2f6a9000 	C:\Windows\system32\NSI.dll
0x00007ffd2ee30000 - 0x00007ffd2ee7a000 	C:\Windows\SYSTEM32\cfgmgr32.dll
0x00007ffd2d7f0000 - 0x00007ffd2d816000 	C:\Windows\SYSTEM32\DEVOBJ.dll
0x00000000557a0000 - 0x00000000557af000 	C:\Program Files\Java\jre8\bin\verify.dll
0x0000000055770000 - 0x0000000055798000 	C:\Program Files\Java\jre8\bin\java.dll
0x0000000055750000 - 0x0000000055766000 	C:\Program Files\Java\jre8\bin\zip.dll
0x0000000065580000 - 0x0000000065610000 	C:\Users\Tobias\AppData\Local\Temp\libgdxTobias\5498721d\gdx64.dll
0x0000000180000000 - 0x0000000180050000 	C:\Users\Tobias\AppData\Local\Temp\libgdxTobias\4c88a7c1\lwjgl64.dll
0x00007ffd0ff40000 - 0x00007ffd10061000 	C:\Windows\SYSTEM32\OPENGL32.dll
0x00007ffd2c450000 - 0x00007ffd2c45a000 	C:\Windows\SYSTEM32\VERSION.dll
0x00007ffd24e90000 - 0x00007ffd24ebc000 	C:\Windows\SYSTEM32\GLU32.dll
0x00007ffd20090000 - 0x00007ffd20184000 	C:\Windows\SYSTEM32\DDRAW.dll
0x00007ffd2a240000 - 0x00007ffd2a249000 	C:\Windows\SYSTEM32\DCIMAN32.dll
0x0000000002460000 - 0x00000000024c4000 	C:\Users\Tobias\AppData\Local\Temp\libgdxTobias\4c88a7c1\OpenAL64.dll
0x00007ffd2d860000 - 0x00007ffd2d86a000 	C:\Windows\SYSTEM32\kernel.appcore.dll
0x00007ffd2e840000 - 0x00007ffd2e84a000 	C:\Windows\SYSTEM32\CRYPTBASE.dll
0x00007ffd2e7e0000 - 0x00007ffd2e840000 	C:\Windows\SYSTEM32\bcryptPrimitives.dll
0x00007ffd2d670000 - 0x00007ffd2d791000 	C:\Windows\system32\uxtheme.dll
0x00007ffd2efe0000 - 0x00007ffd2f084000 	C:\Windows\SYSTEM32\clbcatq.dll
0x00007ffd100f0000 - 0x00007ffd10177000 	C:\Windows\SYSTEM32\dsound.dll
0x00007ffd2e910000 - 0x00007ffd2e955000 	C:\Windows\SYSTEM32\POWRPROF.dll
0x00007ffd2c200000 - 0x00007ffd2c262000 	C:\Windows\System32\MMDevApi.dll
0x00007ffd287b0000 - 0x00007ffd28826000 	C:\Windows\SYSTEM32\AUDIOSES.DLL
0x00007ffd2f6b0000 - 0x00007ffd2f767000 	C:\Windows\system32\OLEAUT32.dll
0x00007ffd2c890000 - 0x00007ffd2c8b0000 	C:\Windows\system32\dwmapi.dll
0x00007ffd24db0000 - 0x00007ffd24dc8000 	C:\Windows\SYSTEM32\atig6pxx.dll
0x0000000053d20000 - 0x00000000556c1000 	C:\Windows\SYSTEM32\atio6axx.dll
0x00007ffd2f1f0000 - 0x00007ffd2f3c4000 	C:\Windows\system32\SETUPAPI.dll
0x00007ffd19950000 - 0x00007ffd19a78000 	C:\Windows\SYSTEM32\atiadlxx.dll
0x00007ffd2a660000 - 0x00007ffd2a7c5000 	C:\Windows\SYSTEM32\PROPSYS.dll
0x00007ffd2a620000 - 0x00007ffd2a631000 	C:\Windows\SYSTEM32\WTSAPI32.dll
0x00007ffd2a0e0000 - 0x00007ffd2a109000 	C:\Windows\SYSTEM32\IPHLPAPI.DLL
0x00007ffd2a0c0000 - 0x00007ffd2a0ca000 	C:\Windows\SYSTEM32\WINNSI.DLL
0x00007ffd2ea40000 - 0x00007ffd2ea8c000 	C:\Windows\system32\WINTRUST.dll
0x00007ffd2ec50000 - 0x00007ffd2ee27000 	C:\Windows\system32\CRYPT32.dll
0x00007ffd2ea20000 - 0x00007ffd2ea32000 	C:\Windows\system32\MSASN1.dll
0x00007ffd2c460000 - 0x00007ffd2c5a4000 	C:\Windows\SYSTEM32\aticfx64.dll
0x00007ffd24d90000 - 0x00007ffd24dae000 	C:\Windows\SYSTEM32\atig6txx.dll
0x00007ffd07de0000 - 0x00007ffd07e6d000 	C:\Windows\SYSTEM32\mscms.dll
0x00007ffd24820000 - 0x00007ffd24861000 	C:\Windows\SYSTEM32\icm32.dll
0x00007ffd1e050000 - 0x00007ffd1e1d8000 	C:\Windows\SYSTEM32\dbghelp.dll

VM Arguments:
jvm_args: -Dfile.encoding=Cp1252 
java_command: com.bj.pigport.main.PigPortDesktop
java_class_path (initial): C:\Users\Tobias\Dropbox\BJ Games\2nd Game - PigPort\SourceCodeV2\workspace\PigPort\bin;C:\Users\Tobias\Dropbox\BJ Games\2nd Game - PigPort\SourceCodeV2\workspace\PigPort\libs\gdx-backend-lwjgl.jar;C:\Users\Tobias\Dropbox\BJ Games\2nd Game - PigPort\SourceCodeV2\workspace\PigPort\libs\gdx-natives.jar;C:\Users\Tobias\Dropbox\BJ Games\2nd Game - PigPort\SourceCodeV2\workspace\PigPort\libs\gdx.jar;C:\Users\Tobias\Dropbox\BJ Games\2nd Game - PigPort\SourceCodeV2\workspace\PigPort\libs\gdx-backend-lwjgl-natives.jar
Launcher Type: SUN_STANDARD

Environment Variables:
PATH=C:\Windows\system32;C:\Windows;C:\Windows\System32\Wbem;C:\Windows\System32\WindowsPowerShell\v1.0\;C:\Program Files (x86)\ATI Technologies\ATI.ACE\Core-Static
USERNAME=Tobias
OS=Windows_NT
PROCESSOR_IDENTIFIER=Intel64 Family 6 Model 42 Stepping 7, GenuineIntel



---------------  S Y S T E M  ---------------

OS: Windows 8.1 , 64 bit Build 9600 

CPU:total 4 (2 cores per cpu, 2 threads per core) family 6 model 42 stepping 7, cmov, cx8, fxsr, mmx, sse, sse2, sse3, ssse3, sse4.1, sse4.2, popcnt, avx, clmul, ht, tsc, tscinvbit

Memory: 4k page, physical 4169860k(1486896k free), swap 5480580k(1768112k free)

vm_info: Java HotSpot(TM) 64-Bit Server VM (25.0-b70) for windows-amd64 JRE (1.8.0-b132), built on Mar  4 2014 03:46:18 by "java_re" with MS VC++ 10.0 (VS2010)

time: Mon May 12 13:34:19 2014
elapsed time: 80 seconds

