#
# A fatal error has been detected by the Java Runtime Environment:
#
#  EXCEPTION_ACCESS_VIOLATION (0xc0000005) at pc=0x000000006558b3ed, pid=8416, tid=9308
#
# JRE version: Java(TM) SE Runtime Environment (8.0-b132) (build 1.8.0-b132)
# Java VM: Java HotSpot(TM) 64-Bit Server VM (25.0-b70 mixed mode windows-amd64 compressed oops)
# Problematic frame:
# C  [gdx64.dll+0xb3ed]
#
# Failed to write core dump. Minidumps are not enabled by default on client versions of Windows
#
# If you would like to submit a bug report, please visit:
#   http://bugreport.sun.com/bugreport/crash.jsp
# The crash happened outside the Java Virtual Machine in native code.
# See problematic frame for where to report the bug.
#

---------------  T H R E A D  ---------------

Current thread (0x0000000016690000):  JavaThread "LWJGL Application" [_thread_in_native, id=9308, stack(0x00000000173e0000,0x00000000174e0000)]

siginfo: ExceptionCode=0xc0000005, reading address 0x000000021cd7a740

Registers:
RAX=0x0000000000000008, RBX=0x000000001cdb7030, RCX=0x000000021cd7a740, RDX=0x00000000000000b8
RSP=0x00000000174deba0, RBP=0x00000000174ded70, RSI=0x0000000000000006, RDI=0x0000000000000001
R8 =0x000000001cdb7030, R9 =0x0000000000000000, R10=0x0000000000000001, R11=0x0000000000000001
R12=0x0000000000000000, R13=0x00000000149441f0, R14=0x00000000174deee8, R15=0x0000000016690000
RIP=0x000000006558b3ed, EFLAGS=0x0000000000010202

Top of Stack: (sp=0x00000000174deba0)
0x00000000174deba0:   00000000174dec40 0000000000000000
0x00000000174debb0:   00000000174dece8 0000000000000000
0x00000000174debc0:   000000001cdb7030 00000000174dec50
0x00000000174debd0:   0000000000000001 00000000174ded70
0x00000000174debe0:   0000000000000000 00000000655a1d53
0x00000000174debf0:   0000000055d7ca98 00000000559c6291
0x00000000174dec00:   00000000174dece8 00000000174dec50
0x00000000174dec10:   0000000000000002 0000000000000001
0x00000000174dec20:   0000000000000001 00000000655aa428
0x00000000174dec30:   00000000fffff1b9 0000000000000008
0x00000000174dec40:   00000000174dee08 00000000148a3ca8
0x00000000174dec50:   41947ae100000002 000000004170cccd
0x00000000174dec60:   0000000000000000 0000000000000000
0x00000000174dec70:   0000010100000000 00000000655cc601
0x00000000174dec80:   0000000000000000 000000003f800000
0x00000000174dec90:   00000000eb608000 000000000298f9a4 

Instructions: (pc=0x000000006558b3ed)
0x000000006558b3cd:   8f ec 05 00 48 63 f6 0f b6 34 30 83 fe 0d 77 25
0x000000006558b3dd:   48 63 f6 48 8d 46 02 48 8b 0c c3 48 85 c9 74 3e
0x000000006558b3ed:   48 8b 11 48 89 14 c3 48 89 c8 48 83 c4 20 5b 5e
0x000000006558b3fd:   5f 5d 41 5c c3 48 8d 0d af 06 05 00 48 8d 15 40 


Register to memory mapping:

RAX=0x0000000000000008 is an unknown value
RBX=0x000000001cdb7030 is an unknown value
RCX=0x000000021cd7a740 is an unknown value
RDX=0x00000000000000b8 is an unknown value
RSP=0x00000000174deba0 is pointing into the stack for thread: 0x0000000016690000
RBP=0x00000000174ded70 is pointing into the stack for thread: 0x0000000016690000
RSI=0x0000000000000006 is an unknown value
RDI=0x0000000000000001 is an unknown value
R8 =0x000000001cdb7030 is an unknown value
R9 =0x0000000000000000 is an unknown value
R10=0x0000000000000001 is an unknown value
R11=0x0000000000000001 is an unknown value
R12=0x0000000000000000 is an unknown value
R13=0x00000000149441f0 is an unknown value
R14=0x00000000174deee8 is pointing into the stack for thread: 0x0000000016690000
R15=0x0000000016690000 is a thread


Stack: [0x00000000173e0000,0x00000000174e0000],  sp=0x00000000174deba0,  free space=1018k
Native frames: (J=compiled Java code, j=interpreted, Vv=VM code, C=native code)
C  [gdx64.dll+0xb3ed]
C  [gdx64.dll+0x21d53]
C  [gdx64.dll+0x2a428]
C  0x000000000298f9a4

Java frames: (J=compiled Java code, j=interpreted, Vv=VM code)
J 988  com.badlogic.gdx.physics.box2d.World.jniCreateBody(JIFFFFFFFFZZZZZF)J (0 bytes) @ 0x000000000298f926 [0x000000000298f880+0xa6]
J 987 C1 com.badlogic.gdx.physics.box2d.World.createBody(Lcom/badlogic/gdx/physics/box2d/BodyDef;)Lcom/badlogic/gdx/physics/box2d/Body; (120 bytes) @ 0x00000000029901b4 [0x0000000002990020+0x194]
j  com.bj.pigport.states.Play.createFireArrow()V+60
J 1170 C2 com.bj.pigport.states.Play.handleInput()V (2084 bytes) @ 0x0000000002ad0920 [0x0000000002ac9860+0x70c0]
J 1085 C2 com.bj.pigport.states.Play.update(F)V (834 bytes) @ 0x0000000002a356a0 [0x0000000002a35620+0x80]
J 1223 C2 com.bj.pigport.main.Game.render()V (58 bytes) @ 0x0000000002afc27c [0x0000000002afbea0+0x3dc]
j  com.badlogic.gdx.backends.lwjgl.LwjglApplication.mainLoop()V+642
j  com.badlogic.gdx.backends.lwjgl.LwjglApplication$1.run()V+27
v  ~StubRoutines::call_stub

---------------  P R O C E S S  ---------------

Java Threads: ( => current thread )
  0x0000000019788800 JavaThread "LWJGL Timer" daemon [_thread_blocked, id=3052, stack(0x000000001bfa0000,0x000000001c0a0000)]
  0x00000000024e0800 JavaThread "DestroyJavaVM" [_thread_blocked, id=7492, stack(0x00000000022e0000,0x00000000023e0000)]
=>0x0000000016690000 JavaThread "LWJGL Application" [_thread_in_native, id=9308, stack(0x00000000173e0000,0x00000000174e0000)]
  0x0000000016508800 JavaThread "Service Thread" daemon [_thread_blocked, id=7888, stack(0x00000000168f0000,0x00000000169f0000)]
  0x0000000014c7e800 JavaThread "C1 CompilerThread2" daemon [_thread_blocked, id=1872, stack(0x00000000163f0000,0x00000000164f0000)]
  0x0000000014c7b800 JavaThread "C2 CompilerThread1" daemon [_thread_blocked, id=8108, stack(0x00000000162f0000,0x00000000163f0000)]
  0x0000000014c79800 JavaThread "C2 CompilerThread0" daemon [_thread_blocked, id=9532, stack(0x00000000161f0000,0x00000000162f0000)]
  0x0000000014c78000 JavaThread "Attach Listener" daemon [_thread_blocked, id=3668, stack(0x00000000160f0000,0x00000000161f0000)]
  0x0000000014c83000 JavaThread "Signal Dispatcher" daemon [_thread_blocked, id=8024, stack(0x0000000015ff0000,0x00000000160f0000)]
  0x00000000025d1000 JavaThread "Finalizer" daemon [_thread_blocked, id=2952, stack(0x0000000015ef0000,0x0000000015ff0000)]
  0x00000000025c8000 JavaThread "Reference Handler" daemon [_thread_blocked, id=9072, stack(0x0000000015df0000,0x0000000015ef0000)]

Other Threads:
  0x0000000014c46000 VMThread [stack: 0x0000000015cf0000,0x0000000015df0000] [id=7988]
  0x0000000016512800 WatcherThread [stack: 0x00000000169f0000,0x0000000016af0000] [id=8396]

VM state:not at safepoint (normal execution)

VM Mutex/Monitor currently owned by a thread: None

Heap:
 PSYoungGen      total 9216K, used 4569K [0x00000000eac00000, 0x00000000eb700000, 0x0000000100000000)
  eden space 8192K, 44% used [0x00000000eac00000,0x00000000eaf883e8,0x00000000eb400000)
  from space 1024K, 93% used [0x00000000eb600000,0x00000000eb6ee250,0x00000000eb700000)
  to   space 1536K, 0% used [0x00000000eb400000,0x00000000eb400000,0x00000000eb580000)
 ParOldGen       total 64000K, used 3209K [0x00000000c0400000, 0x00000000c4280000, 0x00000000eac00000)
  object space 64000K, 5% used [0x00000000c0400000,0x00000000c0722510,0x00000000c4280000)
 Metaspace       used 6220K, capacity 7214K, committed 7296K, reserved 1056768K
  class space    used 576K, capacity 584K, committed 640K, reserved 1048576K

Card table byte_map: [0x00000000119a0000,0x0000000011ba0000] byte_map_base: 0x000000001139e000

Marking Bits: (ParMarkBitMap*) 0x0000000055f613b0
 Begin Bits: [0x0000000012100000, 0x00000000130f0000)
 End Bits:   [0x00000000130f0000, 0x00000000140e0000)

Polling page: 0x0000000000a30000

CodeCache: size=245760Kb used=5331Kb max_used=5380Kb free=240428Kb
 bounds [0x00000000025e0000, 0x0000000002b30000, 0x00000000115e0000]
 total_blobs=1657 nmethods=1227 adapters=344
 compilation: enabled

Compilation events (10 events):
Event: 212.296 Thread 0x0000000014c7b800 1223       4       com.bj.pigport.main.Game::render (58 bytes)
Event: 212.296 Thread 0x0000000014c79800 1224       4       com.bj.pigport.handlers.GameStateManager::update (15 bytes)
Event: 212.299 Thread 0x0000000014c79800 nmethod 1224 0x0000000002b0b990 code [0x0000000002b0bae0, 0x0000000002b0be18]
Event: 212.311 Thread 0x0000000014c7b800 nmethod 1223 0x0000000002afbcd0 code [0x0000000002afbea0, 0x0000000002afca98]
Event: 213.663 Thread 0x0000000014c7e800 1225       3       com.badlogic.gdx.physics.box2d.Body::setUserData (6 bytes)
Event: 213.663 Thread 0x0000000014c7e800 nmethod 1225 0x0000000002afb990 code [0x0000000002afbae0, 0x0000000002afbc50]
Event: 213.946 Thread 0x0000000014c79800 1226       4       com.bj.pigport.states.Play::getDrawBall (420 bytes)
Event: 213.960 Thread 0x0000000014c79800 nmethod 1226 0x0000000002b0e3d0 code [0x0000000002b0e700, 0x0000000002b0fda8]
Event: 219.196 Thread 0x0000000014c7b800 1227       4       com.bj.pigport.handlers.MyContactListener::beginContact (2212 bytes)
Event: 220.604 Thread 0x0000000014c7b800 nmethod 1227 0x0000000002b1b250 code [0x0000000002b1ba40, 0x0000000002b24dc0]

GC Heap History (10 events):
Event: 113.488 GC heap before
{Heap before GC invocations=12 (full 0):
 PSYoungGen      total 10240K, used 9224K [0x00000000eac00000, 0x00000000eb800000, 0x0000000100000000)
  eden space 8192K, 100% used [0x00000000eac00000,0x00000000eb400000,0x00000000eb400000)
  from space 2048K, 50% used [0x00000000eb400000,0x00000000eb502380,0x00000000eb600000)
  to   space 2048K, 0% used [0x00000000eb600000,0x00000000eb600000,0x00000000eb800000)
 ParOldGen       total 64000K, used 2296K [0x00000000c0400000, 0x00000000c4280000, 0x00000000eac00000)
  object space 64000K, 3% used [0x00000000c0400000,0x00000000c063e0e8,0x00000000c4280000)
 Metaspace       used 6199K, capacity 7214K, committed 7296K, reserved 1056768K
  class space    used 576K, capacity 584K, committed 640K, reserved 1048576K
Event: 113.490 GC heap after
Heap after GC invocations=12 (full 0):
 PSYoungGen      total 10240K, used 936K [0x00000000eac00000, 0x00000000eb800000, 0x0000000100000000)
  eden space 8192K, 0% used [0x00000000eac00000,0x00000000eac00000,0x00000000eb400000)
  from space 2048K, 45% used [0x00000000eb600000,0x00000000eb6ea2e0,0x00000000eb800000)
  to   space 2048K, 0% used [0x00000000eb400000,0x00000000eb400000,0x00000000eb600000)
 ParOldGen       total 64000K, used 2320K [0x00000000c0400000, 0x00000000c4280000, 0x00000000eac00000)
  object space 64000K, 3% used [0x00000000c0400000,0x00000000c06440e8,0x00000000c4280000)
 Metaspace       used 6199K, capacity 7214K, committed 7296K, reserved 1056768K
  class space    used 576K, capacity 584K, committed 640K, reserved 1048576K
}
Event: 138.824 GC heap before
{Heap before GC invocations=13 (full 0):
 PSYoungGen      total 10240K, used 9128K [0x00000000eac00000, 0x00000000eb800000, 0x0000000100000000)
  eden space 8192K, 100% used [0x00000000eac00000,0x00000000eb400000,0x00000000eb400000)
  from space 2048K, 45% used [0x00000000eb600000,0x00000000eb6ea2e0,0x00000000eb800000)
  to   space 2048K, 0% used [0x00000000eb400000,0x00000000eb400000,0x00000000eb600000)
 ParOldGen       total 64000K, used 2320K [0x00000000c0400000, 0x00000000c4280000, 0x00000000eac00000)
  object space 64000K, 3% used [0x00000000c0400000,0x00000000c06440e8,0x00000000c4280000)
 Metaspace       used 6200K, capacity 7214K, committed 7296K, reserved 1056768K
  class space    used 576K, capacity 584K, committed 640K, reserved 1048576K
Event: 138.825 GC heap after
Heap after GC invocations=13 (full 0):
 PSYoungGen      total 10240K, used 1128K [0x00000000eac00000, 0x00000000eb800000, 0x0000000100000000)
  eden space 8192K, 0% used [0x00000000eac00000,0x00000000eac00000,0x00000000eb400000)
  from space 2048K, 55% used [0x00000000eb400000,0x00000000eb51a380,0x00000000eb600000)
  to   space 2048K, 0% used [0x00000000eb600000,0x00000000eb600000,0x00000000eb800000)
 ParOldGen       total 64000K, used 2336K [0x00000000c0400000, 0x00000000c4280000, 0x00000000eac00000)
  object space 64000K, 3% used [0x00000000c0400000,0x00000000c06480e8,0x00000000c4280000)
 Metaspace       used 6200K, capacity 7214K, committed 7296K, reserved 1056768K
  class space    used 576K, capacity 584K, committed 640K, reserved 1048576K
}
Event: 169.342 GC heap before
{Heap before GC invocations=14 (full 0):
 PSYoungGen      total 10240K, used 9320K [0x00000000eac00000, 0x00000000eb800000, 0x0000000100000000)
  eden space 8192K, 100% used [0x00000000eac00000,0x00000000eb400000,0x00000000eb400000)
  from space 2048K, 55% used [0x00000000eb400000,0x00000000eb51a380,0x00000000eb600000)
  to   space 2048K, 0% used [0x00000000eb600000,0x00000000eb600000,0x00000000eb800000)
 ParOldGen       total 64000K, used 2336K [0x00000000c0400000, 0x00000000c4280000, 0x00000000eac00000)
  object space 64000K, 3% used [0x00000000c0400000,0x00000000c06480e8,0x00000000c4280000)
 Metaspace       used 6201K, capacity 7214K, committed 7296K, reserved 1056768K
  class space    used 576K, capacity 584K, committed 640K, reserved 1048576K
Event: 169.344 GC heap after
Heap after GC invocations=14 (full 0):
 PSYoungGen      total 10240K, used 352K [0x00000000eac00000, 0x00000000eb800000, 0x0000000100000000)
  eden space 8192K, 0% used [0x00000000eac00000,0x00000000eac00000,0x00000000eb400000)
  from space 2048K, 17% used [0x00000000eb600000,0x00000000eb658000,0x00000000eb800000)
  to   space 2048K, 0% used [0x00000000eb400000,0x00000000eb400000,0x00000000eb600000)
 ParOldGen       total 64000K, used 3169K [0x00000000c0400000, 0x00000000c4280000, 0x00000000eac00000)
  object space 64000K, 4% used [0x00000000c0400000,0x00000000c0718510,0x00000000c4280000)
 Metaspace       used 6201K, capacity 7214K, committed 7296K, reserved 1056768K
  class space    used 576K, capacity 584K, committed 640K, reserved 1048576K
}
Event: 209.285 GC heap before
{Heap before GC invocations=15 (full 0):
 PSYoungGen      total 10240K, used 8525K [0x00000000eac00000, 0x00000000eb800000, 0x0000000100000000)
  eden space 8192K, 99% used [0x00000000eac00000,0x00000000eb3fb470,0x00000000eb400000)
  from space 2048K, 17% used [0x00000000eb600000,0x00000000eb658000,0x00000000eb800000)
  to   space 2048K, 0% used [0x00000000eb400000,0x00000000eb400000,0x00000000eb600000)
 ParOldGen       total 64000K, used 3169K [0x00000000c0400000, 0x00000000c4280000, 0x00000000eac00000)
  object space 64000K, 4% used [0x00000000c0400000,0x00000000c0718510,0x00000000c4280000)
 Metaspace       used 6203K, capacity 7214K, committed 7296K, reserved 1056768K
  class space    used 576K, capacity 584K, committed 640K, reserved 1048576K
Event: 209.286 GC heap after
Heap after GC invocations=15 (full 0):
 PSYoungGen      total 10240K, used 810K [0x00000000eac00000, 0x00000000eb800000, 0x0000000100000000)
  eden space 8192K, 0% used [0x00000000eac00000,0x00000000eac00000,0x00000000eb400000)
  from space 2048K, 39% used [0x00000000eb400000,0x00000000eb4ca9c0,0x00000000eb600000)
  to   space 2048K, 0% used [0x00000000eb600000,0x00000000eb600000,0x00000000eb800000)
 ParOldGen       total 64000K, used 3185K [0x00000000c0400000, 0x00000000c4280000, 0x00000000eac00000)
  object space 64000K, 4% used [0x00000000c0400000,0x00000000c071c510,0x00000000c4280000)
 Metaspace       used 6203K, capacity 7214K, committed 7296K, reserved 1056768K
  class space    used 576K, capacity 584K, committed 640K, reserved 1048576K
}
Event: 218.646 GC heap before
{Heap before GC invocations=16 (full 0):
 PSYoungGen      total 10240K, used 9002K [0x00000000eac00000, 0x00000000eb800000, 0x0000000100000000)
  eden space 8192K, 100% used [0x00000000eac00000,0x00000000eb400000,0x00000000eb400000)
  from space 2048K, 39% used [0x00000000eb400000,0x00000000eb4ca9c0,0x00000000eb600000)
  to   space 2048K, 0% used [0x00000000eb600000,0x00000000eb600000,0x00000000eb800000)
 ParOldGen       total 64000K, used 3185K [0x00000000c0400000, 0x00000000c4280000, 0x00000000eac00000)
  object space 64000K, 4% used [0x00000000c0400000,0x00000000c071c510,0x00000000c4280000)
 Metaspace       used 6220K, capacity 7214K, committed 7296K, reserved 1056768K
  class space    used 576K, capacity 584K, committed 640K, reserved 1048576K
Event: 218.648 GC heap after
Heap after GC invocations=16 (full 0):
 PSYoungGen      total 9216K, used 952K [0x00000000eac00000, 0x00000000eb700000, 0x0000000100000000)
  eden space 8192K, 0% used [0x00000000eac00000,0x00000000eac00000,0x00000000eb400000)
  from space 1024K, 93% used [0x00000000eb600000,0x00000000eb6ee250,0x00000000eb700000)
  to   space 1536K, 0% used [0x00000000eb400000,0x00000000eb400000,0x00000000eb580000)
 ParOldGen       total 64000K, used 3209K [0x00000000c0400000, 0x00000000c4280000, 0x00000000eac00000)
  object space 64000K, 5% used [0x00000000c0400000,0x00000000c0722510,0x00000000c4280000)
 Metaspace       used 6220K, capacity 7214K, committed 7296K, reserved 1056768K
  class space    used 576K, capacity 584K, committed 640K, reserved 1048576K
}

Deoptimization events (10 events):
Event: 116.338 Thread 0x0000000016690000 Uncommon trap: reason=class_check action=maybe_recompile pc=0x0000000002ab4e88 method=com.badlogic.gdx.backends.lwjgl.LwjglInput.processEvents()V @ 128
Event: 118.622 Thread 0x0000000016690000 Uncommon trap: reason=class_check action=maybe_recompile pc=0x0000000002ab4e88 method=com.badlogic.gdx.backends.lwjgl.LwjglInput.processEvents()V @ 128
Event: 210.196 Thread 0x0000000016690000 Uncommon trap: reason=intrinsic action=make_not_entrant pc=0x0000000002ac5f00 method=com.bj.pigport.states.Play.getDrawBall(F)V @ 118
Event: 210.664 Thread 0x0000000016690000 Uncommon trap: reason=bimorphic action=maybe_recompile pc=0x0000000002ab0030 method=com.bj.pigport.handlers.GameStateManager.render()V @ 10
Event: 210.679 Thread 0x0000000016690000 Uncommon trap: reason=bimorphic action=maybe_recompile pc=0x0000000002ab0020 method=com.bj.pigport.handlers.GameStateManager.update(F)V @ 11
Event: 210.696 Thread 0x0000000016690000 Uncommon trap: reason=bimorphic action=maybe_recompile pc=0x0000000002ab0020 method=com.bj.pigport.handlers.GameStateManager.update(F)V @ 11
Event: 210.713 Thread 0x0000000016690000 Uncommon trap: reason=bimorphic action=maybe_recompile pc=0x0000000002ab0020 method=com.bj.pigport.handlers.GameStateManager.update(F)V @ 11
Event: 210.729 Thread 0x0000000016690000 Uncommon trap: reason=bimorphic action=maybe_recompile pc=0x0000000002ab0020 method=com.bj.pigport.handlers.GameStateManager.update(F)V @ 11
Event: 211.968 Thread 0x0000000016690000 Uncommon trap: reason=null_check action=make_not_entrant pc=0x0000000002aec838 method=com.badlogic.gdx.utils.ObjectMap.get(Ljava/lang/Object;)Ljava/lang/Object; @ 57
Event: 211.994 Thread 0x0000000016690000 Uncommon trap: reason=null_check action=make_not_entrant pc=0x0000000002afdd38 method=com.badlogic.gdx.utils.ObjectMap.get(Ljava/lang/Object;)Ljava/lang/Object; @ 19

Internal exceptions (10 events):
Event: 3.127 Thread 0x0000000016690000 Exception <a 'java/security/PrivilegedActionException'> (0x00000000eaf5c610) thrown at [D:\re\workspace\8-2-build-windows-amd64-cygwin\jdk8\2238\hotspot\src\share\vm\prims\jvm.cpp, line 1248]
Event: 3.128 Thread 0x0000000016690000 Exception <a 'java/security/PrivilegedActionException'> (0x00000000eaf60f10) thrown at [D:\re\workspace\8-2-build-windows-amd64-cygwin\jdk8\2238\hotspot\src\share\vm\prims\jvm.cpp, line 1248]
Event: 3.129 Thread 0x0000000016690000 Exception <a 'java/security/PrivilegedActionException'> (0x00000000eaf65a70) thrown at [D:\re\workspace\8-2-build-windows-amd64-cygwin\jdk8\2238\hotspot\src\share\vm\prims\jvm.cpp, line 1248]
Event: 3.363 Thread 0x0000000016690000 Exception <a 'java/security/PrivilegedActionException'> (0x00000000eaf72d78) thrown at [D:\re\workspace\8-2-build-windows-amd64-cygwin\jdk8\2238\hotspot\src\share\vm\prims\jvm.cpp, line 1248]
Event: 3.364 Thread 0x0000000016690000 Exception <a 'java/security/PrivilegedActionException'> (0x00000000eaf7d080) thrown at [D:\re\workspace\8-2-build-windows-amd64-cygwin\jdk8\2238\hotspot\src\share\vm\prims\jvm.cpp, line 1248]
Event: 22.599 Thread 0x0000000016690000 Exception <a 'java/security/PrivilegedActionException'> (0x00000000eb3ca860) thrown at [D:\re\workspace\8-2-build-windows-amd64-cygwin\jdk8\2238\hotspot\src\share\vm\prims\jvm.cpp, line 1248]
Event: 30.249 Thread 0x0000000016690000 Implicit null exception at 0x00000000029acbc3 to 0x00000000029ae7b5
Event: 47.655 Thread 0x0000000016690000 Exception <a 'java/security/PrivilegedActionException'> (0x00000000eb236a40) thrown at [D:\re\workspace\8-2-build-windows-amd64-cygwin\jdk8\2238\hotspot\src\share\vm\prims\jvm.cpp, line 1248]
Event: 211.968 Thread 0x0000000016690000 Implicit null exception at 0x0000000002aec4ba to 0x0000000002aec81d
Event: 211.994 Thread 0x0000000016690000 Implicit null exception at 0x0000000002afd7d7 to 0x0000000002afdd21

Events (10 events):
Event: 218.649 Executing VM operation: RevokeBias
Event: 218.649 Executing VM operation: RevokeBias done
Event: 218.649 Executing VM operation: RevokeBias
Event: 218.649 Executing VM operation: RevokeBias done
Event: 218.649 Executing VM operation: RevokeBias
Event: 218.649 Executing VM operation: RevokeBias done
Event: 218.649 Executing VM operation: RevokeBias
Event: 218.649 Executing VM operation: RevokeBias done
Event: 218.649 Executing VM operation: RevokeBias
Event: 218.649 Executing VM operation: RevokeBias done


Dynamic libraries:
0x00007ff6e2560000 - 0x00007ff6e2594000 	C:\Program Files\Java\jre8\bin\javaw.exe
0x00007ffd31600000 - 0x00007ffd317aa000 	C:\Windows\SYSTEM32\ntdll.dll
0x00007ffd2f3d0000 - 0x00007ffd2f50a000 	C:\Windows\system32\KERNEL32.DLL
0x00007ffd2ea90000 - 0x00007ffd2eb9f000 	C:\Windows\system32\KERNELBASE.dll
0x00007ffd2d5a0000 - 0x00007ffd2d628000 	C:\Windows\system32\apphelp.dll
0x00007ffd24870000 - 0x00007ffd248bf000 	C:\Windows\AppPatch\AppPatch64\AcGenral.DLL
0x00007ffd2fb70000 - 0x00007ffd2fc17000 	C:\Windows\system32\msvcrt.dll
0x00007ffd2e7b0000 - 0x00007ffd2e7db000 	C:\Windows\SYSTEM32\SspiCli.dll
0x00007ffd312b0000 - 0x00007ffd31301000 	C:\Windows\system32\SHLWAPI.dll
0x00007ffd2f9f0000 - 0x00007ffd2fb61000 	C:\Windows\system32\USER32.dll
0x00007ffd2f520000 - 0x00007ffd2f698000 	C:\Windows\system32\ole32.dll
0x00007ffd2fc20000 - 0x00007ffd31037000 	C:\Windows\system32\SHELL32.dll
0x00007ffd2df80000 - 0x00007ffd2df9e000 	C:\Windows\SYSTEM32\USERENV.dll
0x00007ffd31140000 - 0x00007ffd311e5000 	C:\Windows\system32\ADVAPI32.dll
0x00007ffd25330000 - 0x00007ffd2534b000 	C:\Windows\SYSTEM32\MPR.dll
0x00007ffd31310000 - 0x00007ffd31446000 	C:\Windows\system32\RPCRT4.dll
0x00007ffd2f950000 - 0x00007ffd2f9a7000 	C:\Windows\SYSTEM32\sechost.dll
0x00007ffd2f770000 - 0x00007ffd2f946000 	C:\Windows\SYSTEM32\combase.dll
0x00007ffd2ee90000 - 0x00007ffd2efd5000 	C:\Windows\system32\GDI32.dll
0x00007ffd2e970000 - 0x00007ffd2e984000 	C:\Windows\SYSTEM32\profapi.dll
0x00007ffd2ca60000 - 0x00007ffd2caff000 	C:\Windows\SYSTEM32\SHCORE.dll
0x00007ffd2f9b0000 - 0x00007ffd2f9e4000 	C:\Windows\system32\IMM32.DLL
0x00007ffd2f090000 - 0x00007ffd2f1c9000 	C:\Windows\system32\MSCTF.dll
0x00007ffd2c630000 - 0x00007ffd2c88a000 	C:\Windows\WinSxS\amd64_microsoft.windows.common-controls_6595b64144ccf1df_6.0.9600.17031_none_6242a4b3ecbb55a1\COMCTL32.dll
0x0000000055fe0000 - 0x00000000560b2000 	C:\Program Files\Java\jre8\bin\msvcr100.dll
0x00000000557b0000 - 0x0000000055fda000 	C:\Program Files\Java\jre8\bin\server\jvm.dll
0x00007ffd2a7d0000 - 0x00007ffd2a7d9000 	C:\Windows\SYSTEM32\WSOCK32.dll
0x00007ffd2b420000 - 0x00007ffd2b43f000 	C:\Windows\SYSTEM32\WINMM.dll
0x00007ffd2f510000 - 0x00007ffd2f517000 	C:\Windows\system32\PSAPI.DLL
0x00007ffd31250000 - 0x00007ffd312a8000 	C:\Windows\system32\WS2_32.dll
0x00007ffd2aef0000 - 0x00007ffd2af1a000 	C:\Windows\SYSTEM32\WINMMBASE.dll
0x00007ffd2f6a0000 - 0x00007ffd2f6a9000 	C:\Windows\system32\NSI.dll
0x00007ffd2ee30000 - 0x00007ffd2ee7a000 	C:\Windows\SYSTEM32\cfgmgr32.dll
0x00007ffd2d7f0000 - 0x00007ffd2d816000 	C:\Windows\SYSTEM32\DEVOBJ.dll
0x00000000557a0000 - 0x00000000557af000 	C:\Program Files\Java\jre8\bin\verify.dll
0x0000000055770000 - 0x0000000055798000 	C:\Program Files\Java\jre8\bin\java.dll
0x0000000055750000 - 0x0000000055766000 	C:\Program Files\Java\jre8\bin\zip.dll
0x0000000065580000 - 0x0000000065610000 	C:\Users\Tobias\AppData\Local\Temp\libgdxTobias\5498721d\gdx64.dll
0x0000000180000000 - 0x0000000180050000 	C:\Users\Tobias\AppData\Local\Temp\libgdxTobias\4c88a7c1\lwjgl64.dll
0x00007ffd203b0000 - 0x00007ffd204d1000 	C:\Windows\SYSTEM32\OPENGL32.dll
0x00007ffd2c450000 - 0x00007ffd2c45a000 	C:\Windows\SYSTEM32\VERSION.dll
0x00007ffd24eb0000 - 0x00007ffd24edc000 	C:\Windows\SYSTEM32\GLU32.dll
0x00007ffd20090000 - 0x00007ffd20184000 	C:\Windows\SYSTEM32\DDRAW.dll
0x00007ffd2a240000 - 0x00007ffd2a249000 	C:\Windows\SYSTEM32\DCIMAN32.dll
0x0000000016af0000 - 0x0000000016b54000 	C:\Users\Tobias\AppData\Local\Temp\libgdxTobias\4c88a7c1\OpenAL64.dll
0x00007ffd2d860000 - 0x00007ffd2d86a000 	C:\Windows\SYSTEM32\kernel.appcore.dll
0x00007ffd2e840000 - 0x00007ffd2e84a000 	C:\Windows\SYSTEM32\CRYPTBASE.dll
0x00007ffd2e7e0000 - 0x00007ffd2e840000 	C:\Windows\SYSTEM32\bcryptPrimitives.dll
0x00007ffd2d670000 - 0x00007ffd2d791000 	C:\Windows\system32\uxtheme.dll
0x00007ffd2efe0000 - 0x00007ffd2f084000 	C:\Windows\SYSTEM32\clbcatq.dll
0x00007ffd100f0000 - 0x00007ffd10177000 	C:\Windows\SYSTEM32\dsound.dll
0x00007ffd2e910000 - 0x00007ffd2e955000 	C:\Windows\SYSTEM32\POWRPROF.dll
0x00007ffd2c200000 - 0x00007ffd2c262000 	C:\Windows\System32\MMDevApi.dll
0x00007ffd287b0000 - 0x00007ffd28826000 	C:\Windows\SYSTEM32\AUDIOSES.DLL
0x00007ffd2f6b0000 - 0x00007ffd2f767000 	C:\Windows\system32\OLEAUT32.dll
0x00007ffd2c890000 - 0x00007ffd2c8b0000 	C:\Windows\system32\dwmapi.dll
0x00007ffd24e90000 - 0x00007ffd24ea8000 	C:\Windows\SYSTEM32\atig6pxx.dll
0x0000000053d20000 - 0x00000000556c1000 	C:\Windows\SYSTEM32\atio6axx.dll
0x00007ffd2f1f0000 - 0x00007ffd2f3c4000 	C:\Windows\system32\SETUPAPI.dll
0x00007ffd19950000 - 0x00007ffd19a78000 	C:\Windows\SYSTEM32\atiadlxx.dll
0x00007ffd2a660000 - 0x00007ffd2a7c5000 	C:\Windows\SYSTEM32\PROPSYS.dll
0x00007ffd2a620000 - 0x00007ffd2a631000 	C:\Windows\SYSTEM32\WTSAPI32.dll
0x00007ffd2a0e0000 - 0x00007ffd2a109000 	C:\Windows\SYSTEM32\IPHLPAPI.DLL
0x00007ffd2a0c0000 - 0x00007ffd2a0ca000 	C:\Windows\SYSTEM32\WINNSI.DLL
0x00007ffd2ea40000 - 0x00007ffd2ea8c000 	C:\Windows\system32\WINTRUST.dll
0x00007ffd2ec50000 - 0x00007ffd2ee27000 	C:\Windows\system32\CRYPT32.dll
0x00007ffd2ea20000 - 0x00007ffd2ea32000 	C:\Windows\system32\MSASN1.dll
0x00007ffd2c460000 - 0x00007ffd2c5a4000 	C:\Windows\SYSTEM32\aticfx64.dll
0x00007ffd24db0000 - 0x00007ffd24dce000 	C:\Windows\SYSTEM32\atig6txx.dll
0x00007ffd07de0000 - 0x00007ffd07e6d000 	C:\Windows\SYSTEM32\mscms.dll
0x00007ffd24820000 - 0x00007ffd24861000 	C:\Windows\SYSTEM32\icm32.dll
0x00007ffd1e050000 - 0x00007ffd1e1d8000 	C:\Windows\SYSTEM32\dbghelp.dll

VM Arguments:
jvm_args: -Dfile.encoding=Cp1252 
java_command: com.bj.pigport.main.PigPortDesktop
java_class_path (initial): C:\Users\Tobias\Dropbox\BJ Games\2nd Game - PigPort\SourceCodeV2\workspace\PigPort\bin;C:\Users\Tobias\Dropbox\BJ Games\2nd Game - PigPort\SourceCodeV2\workspace\PigPort\libs\gdx-backend-lwjgl.jar;C:\Users\Tobias\Dropbox\BJ Games\2nd Game - PigPort\SourceCodeV2\workspace\PigPort\libs\gdx-natives.jar;C:\Users\Tobias\Dropbox\BJ Games\2nd Game - PigPort\SourceCodeV2\workspace\PigPort\libs\gdx.jar;C:\Users\Tobias\Dropbox\BJ Games\2nd Game - PigPort\SourceCodeV2\workspace\PigPort\libs\gdx-backend-lwjgl-natives.jar
Launcher Type: SUN_STANDARD

Environment Variables:
PATH=C:\Windows\system32;C:\Windows;C:\Windows\System32\Wbem;C:\Windows\System32\WindowsPowerShell\v1.0\;C:\Program Files (x86)\ATI Technologies\ATI.ACE\Core-Static
USERNAME=Tobias
OS=Windows_NT
PROCESSOR_IDENTIFIER=Intel64 Family 6 Model 42 Stepping 7, GenuineIntel



---------------  S Y S T E M  ---------------

OS: Windows 8.1 , 64 bit Build 9600 

CPU:total 4 (2 cores per cpu, 2 threads per core) family 6 model 42 stepping 7, cmov, cx8, fxsr, mmx, sse, sse2, sse3, ssse3, sse4.1, sse4.2, popcnt, avx, clmul, ht, tsc, tscinvbit

Memory: 4k page, physical 4169860k(1482604k free), swap 5480580k(1754932k free)

vm_info: Java HotSpot(TM) 64-Bit Server VM (25.0-b70) for windows-amd64 JRE (1.8.0-b132), built on Mar  4 2014 03:46:18 by "java_re" with MS VC++ 10.0 (VS2010)

time: Mon May 12 13:39:40 2014
elapsed time: 225 seconds

